#
# A fatal error has been detected by the Java Runtime Environment:
#
#  EXCEPTION_ACCESS_VIOLATION (0xc0000005) at pc=0x0000000002834b9c, pid=8296, tid=0x0000000000001d80
#
# JRE version: Java(TM) SE Runtime Environment (8.0_191-b12) (build 1.8.0_191-b12)
# Java VM: Java HotSpot(TM) 64-Bit Server VM (25.191-b12 mixed mode windows-amd64 compressed oops)
# Problematic frame:
# J 348 C2 java.util.regex.Pattern.expr(Ljava/util/regex/Pattern$Node;)Ljava/util/regex/Pattern$Node; (142 bytes) @ 0x0000000002834b9c [0x0000000002834760+0x43c]
#
# Failed to write core dump. Minidumps are not enabled by default on client versions of Windows
#
# If you would like to submit a bug report, please visit:
#   http://bugreport.java.com/bugreport/crash.jsp
#

---------------  T H R E A D  ---------------

Current thread (0x0000000002078000):  JavaThread "main" [_thread_in_Java, id=7552, stack(0x0000000002260000,0x0000000002360000)]

siginfo: ExceptionCode=0xc0000005, writing address 0x000000000e3ea000

Registers:
RAX=0x000000076cfc6528, RBX=0x000000076cfc5a08, RCX=0x0000000000000000, RDX=0x000000076cfc5a50
RSP=0x000000000235eb30, RBP=0x000000076cfc5a08, RSI=0x0000000000000080, RDI=0x0000000000000029
R8 =0x00000000ed9f8ca5, R9 =0x000000000000007c, R10=0x0000000000000000, R11=0x000000000e3ea000
R12=0x0000000000000000, R13=0x0000000000000000, R14=0x0000000000000000, R15=0x0000000002078000
RIP=0x0000000002834b9c, EFLAGS=0x0000000000010246

Top of Stack: (sp=0x000000000235eb30)
0x000000000235eb30:   000000077af0cb50 0000000000000001
0x000000000235eb40:   000000076cfb3a70 000000076cf88f40
0x000000000235eb50:   0000000000000000 000000076cfc4b50
0x000000000235eb60:   00000000ed9f896e 0000000000000000
0x000000000235eb70:   0000000000000000 0000000000000000
0x000000000235eb80:   000000076cfc6528 000000076cfc64f0
0x000000000235eb90:   00000007c004b928 000000076cfc6470
0x000000000235eba0:   000000076cfc5a08 0000000100000000
0x000000000235ebb0:   000000076cfc5a08 0000000002826f08
0x000000000235ebc0:   000000076cfc3d88 00000000029e3bec
0x000000000235ebd0:   000000076cfc64d8 0000000002882914
0x000000000235ebe0:   000000076cfc5a08 00000007c004c7e0
0x000000000235ebf0:   000000076cfc5a08 000000076cfc6470
0x000000000235ec00:   0000000700000002 000000076cfc64f0
0x000000000235ec10:   00000007ed9f8c78 000000076cfbfc0c
0x000000000235ec20:   000000076cfbfc00 000000076cfbfc00 

Instructions: (pc=0x0000000002834b9c)
0x0000000002834b7c:   c1 e2 03 85 05 7b b4 9f fd 48 8b eb 4c 8b 5c 24
0x0000000002834b8c:   50 e9 11 fc ff ff 48 8b 44 24 50 48 81 c4 a0 00
0x0000000002834b9c:   00 00 5d 85 05 5b b4 9f fd c3 4c 8b d7 48 89 74
0x0000000002834bac:   24 28 45 8b d9 4d 8b c8 49 c1 e1 02 49 83 c1 10 


Register to memory mapping:

RAX=0x000000076cfc6528 is an oop
java.util.regex.Pattern$SliceI 
 - klass: 'java/util/regex/Pattern$SliceI'
RBX=0x000000076cfc5a08 is an oop
java.util.regex.Pattern 
 - klass: 'java/util/regex/Pattern'
RCX=0x0000000000000000 is an unknown value
RDX=0x000000076cfc5a50 is an oop
[I 
 - klass: {type array int}
 - length: 128
RSP=0x000000000235eb30 is pointing into the stack for thread: 0x0000000002078000
RBP=0x000000076cfc5a08 is an oop
java.util.regex.Pattern 
 - klass: 'java/util/regex/Pattern'
RSI=0x0000000000000080 is an unknown value
RDI=0x0000000000000029 is an unknown value
R8 =0x00000000ed9f8ca5 is an unknown value
R9 =0x000000000000007c is an unknown value
R10=0x0000000000000000 is an unknown value
R11=0x000000000e3ea000 is an unknown value
R12=0x0000000000000000 is an unknown value
R13=0x0000000000000000 is an unknown value
R14=0x0000000000000000 is an unknown value
R15=0x0000000002078000 is a thread


Stack: [0x0000000002260000,0x0000000002360000],  sp=0x000000000235eb30,  free space=1018k
Native frames: (J=compiled Java code, j=interpreted, Vv=VM code, C=native code)
C  0x0000000002834b9c


---------------  P R O C E S S  ---------------

Java Threads: ( => current thread )
  0x000000001d3e1000 JavaThread "Service Thread" daemon [_thread_blocked, id=7688, stack(0x000000001dfd0000,0x000000001e0d0000)]
  0x000000001d3de000 JavaThread "C1 CompilerThread2" daemon [_thread_blocked, id=5976, stack(0x000000001ddf0000,0x000000001def0000)]
  0x000000001c0cd000 JavaThread "C2 CompilerThread1" daemon [_thread_blocked, id=6728, stack(0x000000001dc00000,0x000000001dd00000)]
  0x000000001c0c3800 JavaThread "C2 CompilerThread0" daemon [_thread_blocked, id=5992, stack(0x000000001da20000,0x000000001db20000)]
  0x000000001c0c0000 JavaThread "Attach Listener" daemon [_thread_blocked, id=8392, stack(0x000000001d790000,0x000000001d890000)]
  0x000000001d38b000 JavaThread "Signal Dispatcher" daemon [_thread_blocked, id=7808, stack(0x000000001cfc0000,0x000000001d0c0000)]
  0x000000001c0ab800 JavaThread "Finalizer" daemon [_thread_blocked, id=5708, stack(0x000000001d280000,0x000000001d380000)]
  0x000000001c0a4000 JavaThread "Reference Handler" daemon [_thread_blocked, id=7208, stack(0x000000001d0f0000,0x000000001d1f0000)]
=>0x0000000002078000 JavaThread "main" [_thread_in_Java, id=7552, stack(0x0000000002260000,0x0000000002360000)]

Other Threads:
  0x000000001c05c800 VMThread [stack: 0x000000001cea0000,0x000000001cfa0000] [id=6168]
  0x000000001d3e4000 WatcherThread [stack: 0x000000001e100000,0x000000001e200000] [id=7152]

VM state:not at safepoint (normal execution)

VM Mutex/Monitor currently owned by a thread: None

Heap:
 PSYoungGen      total 272896K, used 38894K [0x000000076af00000, 0x000000078b500000, 0x00000007c0000000)
  eden space 262144K, 13% used [0x000000076af00000,0x000000076d2a7808,0x000000077af00000)
  from space 10752K, 22% used [0x000000077af00000,0x000000077b154010,0x000000077b980000)
  to   space 3072K, 0% used [0x000000078b200000,0x000000078b200000,0x000000078b500000)
 ParOldGen       total 175104K, used 32K [0x00000006c0c00000, 0x00000006cb700000, 0x000000076af00000)
  object space 175104K, 0% used [0x00000006c0c00000,0x00000006c0c08000,0x00000006cb700000)
 Metaspace       used 4219K, capacity 4692K, committed 4864K, reserved 1056768K
  class space    used 421K, capacity 464K, committed 512K, reserved 1048576K

Card table byte_map: [0x00000000119f0000,0x00000000121f0000] byte_map_base: 0x000000000e3ea000

Marking Bits: (ParMarkBitMap*) 0x0000000068e23e30
 Begin Bits: [0x0000000012f30000, 0x0000000016f00000)
 End Bits:   [0x0000000016f00000, 0x000000001aed0000)

Polling page: 0x0000000000230000

CodeCache: size=245760Kb used=4235Kb max_used=4238Kb free=241524Kb
 bounds [0x0000000002630000, 0x0000000002a60000, 0x0000000011630000]
 total_blobs=1055 nmethods=793 adapters=175
 compilation: enabled

Compilation events (10 events):
Event: 1.395 Thread 0x000000001d3de000  793       3       sun.nio.cs.UTF_8::updatePositions (23 bytes)
Event: 1.395 Thread 0x000000001d3de000 nmethod 793 0x0000000002a29e10 code [0x0000000002a29fa0, 0x0000000002a2a3d8]
Event: 1.395 Thread 0x000000001d3de000  791       3       sun.nio.cs.UTF_8$Decoder::xflow (31 bytes)
Event: 1.395 Thread 0x000000001d3de000 nmethod 791 0x0000000002a4f910 code [0x0000000002a4fac0, 0x0000000002a50098]
Event: 1.403 Thread 0x000000001d3de000  794       3       java.nio.CharBuffer::array (35 bytes)
Event: 1.403 Thread 0x000000001d3de000 nmethod 794 0x0000000002a4e450 code [0x0000000002a4e5e0, 0x0000000002a4e898]
Event: 1.792 Thread 0x000000001d3de000  795       3       java.nio.Buffer::<init> (121 bytes)
Event: 1.793 Thread 0x000000001d3de000 nmethod 795 0x0000000002a4aa10 code [0x0000000002a4ace0, 0x0000000002a4c188]
Event: 1.890 Thread 0x000000001d3de000  796       3       java.nio.Buffer::flip (20 bytes)
Event: 1.890 Thread 0x000000001d3de000 nmethod 796 0x0000000002a4f5d0 code [0x0000000002a4f720, 0x0000000002a4f890]

GC Heap History (10 events):
Event: 0.480 GC heap before
{Heap before GC invocations=1 (full 0):
 PSYoungGen      total 76288K, used 65536K [0x000000076af00000, 0x0000000770400000, 0x00000007c0000000)
  eden space 65536K, 100% used [0x000000076af00000,0x000000076ef00000,0x000000076ef00000)
  from space 10752K, 0% used [0x000000076f980000,0x000000076f980000,0x0000000770400000)
  to   space 10752K, 0% used [0x000000076ef00000,0x000000076ef00000,0x000000076f980000)
 ParOldGen       total 175104K, used 0K [0x00000006c0c00000, 0x00000006cb700000, 0x000000076af00000)
  object space 175104K, 0% used [0x00000006c0c00000,0x00000006c0c00000,0x00000006cb700000)
 Metaspace       used 4190K, capacity 4692K, committed 4864K, reserved 1056768K
  class space    used 421K, capacity 464K, committed 512K, reserved 1048576K
Event: 0.491 GC heap after
Heap after GC invocations=1 (full 0):
 PSYoungGen      total 76288K, used 1376K [0x000000076af00000, 0x0000000774400000, 0x00000007c0000000)
  eden space 65536K, 0% used [0x000000076af00000,0x000000076af00000,0x000000076ef00000)
  from space 10752K, 12% used [0x000000076ef00000,0x000000076f058020,0x000000076f980000)
  to   space 10752K, 0% used [0x0000000773980000,0x0000000773980000,0x0000000774400000)
 ParOldGen       total 175104K, used 8K [0x00000006c0c00000, 0x00000006cb700000, 0x000000076af00000)
  object space 175104K, 0% used [0x00000006c0c00000,0x00000006c0c02000,0x00000006cb700000)
 Metaspace       used 4190K, capacity 4692K, committed 4864K, reserved 1056768K
  class space    used 421K, capacity 464K, committed 512K, reserved 1048576K
}
Event: 0.640 GC heap before
{Heap before GC invocations=2 (full 0):
 PSYoungGen      total 76288K, used 66912K [0x000000076af00000, 0x0000000774400000, 0x00000007c0000000)
  eden space 65536K, 100% used [0x000000076af00000,0x000000076ef00000,0x000000076ef00000)
  from space 10752K, 12% used [0x000000076ef00000,0x000000076f058020,0x000000076f980000)
  to   space 10752K, 0% used [0x0000000773980000,0x0000000773980000,0x0000000774400000)
 ParOldGen       total 175104K, used 8K [0x00000006c0c00000, 0x00000006cb700000, 0x000000076af00000)
  object space 175104K, 0% used [0x00000006c0c00000,0x00000006c0c02000,0x00000006cb700000)
 Metaspace       used 4203K, capacity 4692K, committed 4864K, reserved 1056768K
  class space    used 421K, capacity 464K, committed 512K, reserved 1048576K
Event: 0.684 GC heap after
Heap after GC invocations=2 (full 0):
 PSYoungGen      total 141824K, used 1696K [0x000000076af00000, 0x0000000774400000, 0x00000007c0000000)
  eden space 131072K, 0% used [0x000000076af00000,0x000000076af00000,0x0000000772f00000)
  from space 10752K, 15% used [0x0000000773980000,0x0000000773b28000,0x0000000774400000)
  to   space 10752K, 0% used [0x0000000772f00000,0x0000000772f00000,0x0000000773980000)
 ParOldGen       total 175104K, used 8K [0x00000006c0c00000, 0x00000006cb700000, 0x000000076af00000)
  object space 175104K, 0% used [0x00000006c0c00000,0x00000006c0c02000,0x00000006cb700000)
 Metaspace       used 4203K, capacity 4692K, committed 4864K, reserved 1056768K
  class space    used 421K, capacity 464K, committed 512K, reserved 1048576K
}
Event: 1.002 GC heap before
{Heap before GC invocations=3 (full 0):
 PSYoungGen      total 141824K, used 132768K [0x000000076af00000, 0x0000000774400000, 0x00000007c0000000)
  eden space 131072K, 100% used [0x000000076af00000,0x0000000772f00000,0x0000000772f00000)
  from space 10752K, 15% used [0x0000000773980000,0x0000000773b28000,0x0000000774400000)
  to   space 10752K, 0% used [0x0000000772f00000,0x0000000772f00000,0x0000000773980000)
 ParOldGen       total 175104K, used 8K [0x00000006c0c00000, 0x00000006cb700000, 0x000000076af00000)
  object space 175104K, 0% used [0x00000006c0c00000,0x00000006c0c02000,0x00000006cb700000)
 Metaspace       used 4208K, capacity 4692K, committed 4864K, reserved 1056768K
  class space    used 421K, capacity 464K, committed 512K, reserved 1048576K
Event: 1.004 GC heap after
Heap after GC invocations=3 (full 0):
 PSYoungGen      total 141824K, used 1968K [0x000000076af00000, 0x000000077c400000, 0x00000007c0000000)
  eden space 131072K, 0% used [0x000000076af00000,0x000000076af00000,0x0000000772f00000)
  from space 10752K, 18% used [0x0000000772f00000,0x00000007730ec010,0x0000000773980000)
  to   space 10752K, 0% used [0x000000077b980000,0x000000077b980000,0x000000077c400000)
 ParOldGen       total 175104K, used 16K [0x00000006c0c00000, 0x00000006cb700000, 0x000000076af00000)
  object space 175104K, 0% used [0x00000006c0c00000,0x00000006c0c04000,0x00000006cb700000)
 Metaspace       used 4208K, capacity 4692K, committed 4864K, reserved 1056768K
  class space    used 421K, capacity 464K, committed 512K, reserved 1048576K
}
Event: 1.303 GC heap before
{Heap before GC invocations=4 (full 0):
 PSYoungGen      total 141824K, used 133040K [0x000000076af00000, 0x000000077c400000, 0x00000007c0000000)
  eden space 131072K, 100% used [0x000000076af00000,0x0000000772f00000,0x0000000772f00000)
  from space 10752K, 18% used [0x0000000772f00000,0x00000007730ec010,0x0000000773980000)
  to   space 10752K, 0% used [0x000000077b980000,0x000000077b980000,0x000000077c400000)
 ParOldGen       total 175104K, used 16K [0x00000006c0c00000, 0x00000006cb700000, 0x000000076af00000)
  object space 175104K, 0% used [0x00000006c0c00000,0x00000006c0c04000,0x00000006cb700000)
 Metaspace       used 4218K, capacity 4692K, committed 4864K, reserved 1056768K
  class space    used 421K, capacity 464K, committed 512K, reserved 1048576K
Event: 1.304 GC heap after
Heap after GC invocations=4 (full 0):
 PSYoungGen      total 272896K, used 2144K [0x000000076af00000, 0x000000077c400000, 0x00000007c0000000)
  eden space 262144K, 0% used [0x000000076af00000,0x000000076af00000,0x000000077af00000)
  from space 10752K, 19% used [0x000000077b980000,0x000000077bb98020,0x000000077c400000)
  to   space 10752K, 0% used [0x000000077af00000,0x000000077af00000,0x000000077b980000)
 ParOldGen       total 175104K, used 24K [0x00000006c0c00000, 0x00000006cb700000, 0x000000076af00000)
  object space 175104K, 0% used [0x00000006c0c00000,0x00000006c0c06000,0x00000006cb700000)
 Metaspace       used 4218K, capacity 4692K, committed 4864K, reserved 1056768K
  class space    used 421K, capacity 464K, committed 512K, reserved 1048576K
}
Event: 1.850 GC heap before
{Heap before GC invocations=5 (full 0):
 PSYoungGen      total 272896K, used 264288K [0x000000076af00000, 0x000000077c400000, 0x00000007c0000000)
  eden space 262144K, 100% used [0x000000076af00000,0x000000077af00000,0x000000077af00000)
  from space 10752K, 19% used [0x000000077b980000,0x000000077bb98020,0x000000077c400000)
  to   space 10752K, 0% used [0x000000077af00000,0x000000077af00000,0x000000077b980000)
 ParOldGen       total 175104K, used 24K [0x00000006c0c00000, 0x00000006cb700000, 0x000000076af00000)
  object space 175104K, 0% used [0x00000006c0c00000,0x00000006c0c06000,0x00000006cb700000)
 Metaspace       used 4219K, capacity 4692K, committed 4864K, reserved 1056768K
  class space    used 421K, capacity 464K, committed 512K, reserved 1048576K
Event: 1.852 GC heap after
Heap after GC invocations=5 (full 0):
 PSYoungGen      total 272896K, used 2384K [0x000000076af00000, 0x000000078b500000, 0x00000007c0000000)
  eden space 262144K, 0% used [0x000000076af00000,0x000000076af00000,0x000000077af00000)
  from space 10752K, 22% used [0x000000077af00000,0x000000077b154010,0x000000077b980000)
  to   space 3072K, 0% used [0x000000078b200000,0x000000078b200000,0x000000078b500000)
 ParOldGen       total 175104K, used 32K [0x00000006c0c00000, 0x00000006cb700000, 0x000000076af00000)
  object space 175104K, 0% used [0x00000006c0c00000,0x00000006c0c08000,0x00000006cb700000)
 Metaspace       used 4219K, capacity 4692K, committed 4864K, reserved 1056768K
  class space    used 421K, capacity 464K, committed 512K, reserved 1048576K
}

Deoptimization events (10 events):
Event: 0.894 Thread 0x0000000002078000 Uncommon trap: reason=predicate action=maybe_recompile pc=0x00000000029cbb28 method=java.util.AbstractCollection.toArray([Ljava/lang/Object;)[Ljava/lang/Object; @ 49
Event: 0.903 Thread 0x0000000002078000 Uncommon trap: reason=array_check action=maybe_recompile pc=0x00000000029d0cc4 method=java.util.AbstractCollection.toArray([Ljava/lang/Object;)[Ljava/lang/Object; @ 119
Event: 0.904 Thread 0x0000000002078000 Uncommon trap: reason=array_check action=maybe_recompile pc=0x00000000029d0cc4 method=java.util.AbstractCollection.toArray([Ljava/lang/Object;)[Ljava/lang/Object; @ 119
Event: 0.904 Thread 0x0000000002078000 Uncommon trap: reason=array_check action=maybe_recompile pc=0x00000000029d0cc4 method=java.util.AbstractCollection.toArray([Ljava/lang/Object;)[Ljava/lang/Object; @ 119
Event: 0.904 Thread 0x0000000002078000 Uncommon trap: reason=array_check action=maybe_recompile pc=0x00000000029d0cc4 method=java.util.AbstractCollection.toArray([Ljava/lang/Object;)[Ljava/lang/Object; @ 119
Event: 0.940 Thread 0x0000000002078000 Uncommon trap: reason=unstable_if action=reinterpret pc=0x00000000029d0208 method=sun.util.calendar.ZoneInfo.getOffsets(J[II)I @ 128
Event: 0.974 Thread 0x0000000002078000 Uncommon trap: reason=unstable_if action=reinterpret pc=0x00000000029c158c method=java.util.regex.Pattern$GroupCurly.match0(Ljava/util/regex/Matcher;IILjava/lang/CharSequence;)Z @ 177
Event: 0.975 Thread 0x0000000002078000 Uncommon trap: reason=unstable_if action=reinterpret pc=0x00000000028a9814 method=java.util.regex.Pattern$Bound.check(Ljava/util/regex/Matcher;ILjava/lang/CharSequence;)I @ 87
Event: 0.975 Thread 0x0000000002078000 Uncommon trap: reason=unstable_if action=reinterpret pc=0x00000000028a9b50 method=java.util.regex.Pattern$Bound.match(Ljava/util/regex/Matcher;ILjava/lang/CharSequence;)Z @ 25
Event: 1.289 Thread 0x0000000002078000 Uncommon trap: reason=unstable_if action=reinterpret pc=0x00000000029e1090 method=tunnelrat.Message.isValid()Z @ 7

Classes redefined (0 events):
No events

Internal exceptions (6 events):
Event: 0.032 Thread 0x0000000002078000 Exception <a 'java/lang/NoSuchMethodError': Method sun.misc.Unsafe.defineClass(Ljava/lang/String;[BII)Ljava/lang/Class; name or signature does not match> (0x000000076af07cb0) thrown at [C:\re\workspace\8-2-build-windows-amd64-cygwin\jdk8u191\11896\hotspot
Event: 0.032 Thread 0x0000000002078000 Exception <a 'java/lang/NoSuchMethodError': Method sun.misc.Unsafe.prefetchRead(Ljava/lang/Object;J)V name or signature does not match> (0x000000076af07f98) thrown at [C:\re\workspace\8-2-build-windows-amd64-cygwin\jdk8u191\11896\hotspot\src\share\vm\prim
Event: 0.101 Thread 0x0000000002078000 Exception <a 'java/security/PrivilegedActionException'> (0x000000076b012900) thrown at [C:\re\workspace\8-2-build-windows-amd64-cygwin\jdk8u191\11896\hotspot\src\share\vm\prims\jvm.cpp, line 1435]
Event: 0.101 Thread 0x0000000002078000 Exception <a 'java/security/PrivilegedActionException'> (0x000000076b012cf8) thrown at [C:\re\workspace\8-2-build-windows-amd64-cygwin\jdk8u191\11896\hotspot\src\share\vm\prims\jvm.cpp, line 1435]
Event: 0.101 Thread 0x0000000002078000 Exception <a 'java/security/PrivilegedActionException'> (0x000000076b016df0) thrown at [C:\re\workspace\8-2-build-windows-amd64-cygwin\jdk8u191\11896\hotspot\src\share\vm\prims\jvm.cpp, line 1435]
Event: 0.101 Thread 0x0000000002078000 Exception <a 'java/security/PrivilegedActionException'> (0x000000076b0171e8) thrown at [C:\re\workspace\8-2-build-windows-amd64-cygwin\jdk8u191\11896\hotspot\src\share\vm\prims\jvm.cpp, line 1435]

Events (10 events):
Event: 0.975 Thread 0x0000000002078000 DEOPT UNPACKING pc=0x000000000267583b sp=0x000000000235ed18 mode 2
Event: 1.002 Executing VM operation: ParallelGCFailedAllocation
Event: 1.004 Executing VM operation: ParallelGCFailedAllocation done
Event: 1.289 Thread 0x0000000002078000 Uncommon trap: trap_request=0xffffff65 fr.pc=0x00000000029e1090
Event: 1.289 Thread 0x0000000002078000 DEOPT PACKING pc=0x00000000029e1090 sp=0x000000000235ef70
Event: 1.289 Thread 0x0000000002078000 DEOPT UNPACKING pc=0x000000000267583b sp=0x000000000235ef78 mode 2
Event: 1.303 Executing VM operation: ParallelGCFailedAllocation
Event: 1.304 Executing VM operation: ParallelGCFailedAllocation done
Event: 1.850 Executing VM operation: ParallelGCFailedAllocation
Event: 1.852 Executing VM operation: ParallelGCFailedAllocation done


Dynamic libraries:
0x000000013f850000 - 0x000000013f887000 	C:\Program Files\Java\jdk1.8.0_191\bin\java.exe
0x0000000076ec0000 - 0x000000007705f000 	C:\Windows\SYSTEM32\ntdll.dll
0x0000000076ca0000 - 0x0000000076dbf000 	C:\Windows\system32\kernel32.dll
0x000007fefcd50000 - 0x000007fefcdb7000 	C:\Windows\system32\KERNELBASE.dll
0x000007fefe3f0000 - 0x000007fefe4cb000 	C:\Windows\system32\ADVAPI32.dll
0x000007fefdf10000 - 0x000007fefdfaf000 	C:\Windows\system32\msvcrt.dll
0x000007feff130000 - 0x000007feff14f000 	C:\Windows\SYSTEM32\sechost.dll
0x000007feff000000 - 0x000007feff12c000 	C:\Windows\system32\RPCRT4.dll
0x0000000076dc0000 - 0x0000000076ebb000 	C:\Windows\system32\USER32.dll
0x000007fefef90000 - 0x000007fefeff7000 	C:\Windows\system32\GDI32.dll
0x000007feff150000 - 0x000007feff15e000 	C:\Windows\system32\LPK.dll
0x000007fefeeb0000 - 0x000007fefef7b000 	C:\Windows\system32\USP10.dll
0x000007fefb800000 - 0x000007fefb9f5000 	C:\Windows\WinSxS\amd64_microsoft.windows.common-controls_6595b64144ccf1df_6.0.7601.24483_none_e372d88f30fbb845\COMCTL32.dll
0x000007fefe980000 - 0x000007fefe9f1000 	C:\Windows\system32\SHLWAPI.dll
0x000007fefdb60000 - 0x000007fefdb8e000 	C:\Windows\system32\IMM32.DLL
0x000007fefe130000 - 0x000007fefe23b000 	C:\Windows\system32\MSCTF.dll
0x0000000069680000 - 0x0000000069752000 	C:\Program Files\Java\jdk1.8.0_191\jre\bin\msvcr100.dll
0x0000000068600000 - 0x0000000068ea4000 	C:\Program Files\Java\jdk1.8.0_191\jre\bin\server\jvm.dll
0x000007fef9760000 - 0x000007fef9769000 	C:\Windows\system32\WSOCK32.dll
0x000007feff160000 - 0x000007feff1ad000 	C:\Windows\system32\WS2_32.dll
0x000007fefef80000 - 0x000007fefef88000 	C:\Windows\system32\NSI.dll
0x000007fefa3d0000 - 0x000007fefa40b000 	C:\Windows\system32\WINMM.dll
0x000007fefc480000 - 0x000007fefc48c000 	C:\Windows\system32\VERSION.dll
0x0000000077060000 - 0x0000000077067000 	C:\Windows\system32\PSAPI.DLL
0x000000006a220000 - 0x000000006a22f000 	C:\Program Files\Java\jdk1.8.0_191\jre\bin\verify.dll
0x000000006a1f0000 - 0x000000006a219000 	C:\Program Files\Java\jdk1.8.0_191\jre\bin\java.dll
0x000000006a1d0000 - 0x000000006a1e6000 	C:\Program Files\Java\jdk1.8.0_191\jre\bin\zip.dll
0x000007fefcdd0000 - 0x000007fefdb5b000 	C:\Windows\system32\SHELL32.dll
0x000007fefdd10000 - 0x000007fefdf0f000 	C:\Windows\system32\ole32.dll
0x000007fefca20000 - 0x000007fefca2f000 	C:\Windows\system32\profapi.dll
0x000007fef8620000 - 0x000007fef8745000 	C:\Windows\system32\dbghelp.dll

VM Arguments:
jvm_args: -Dfile.encoding=UTF-8 
java_command: tunnelrat.TunnelRatDriver
java_class_path (initial): C:\Users\Thewbacca\workspace\jmathplot-master\jfreechart-1.0.19.jar;C:\Users\Thewbacca\workspace\jmathplot-master\jcommon-1.0.23.jar;C:\Users\Thewbacca\workspace\jmathplot-master\jfreechart-1.0.19-swt.jar;C:\Users\Thewbacca\workspace\jmathplot-master\jmathplot.jar;C:\Users\Thewbacca\workspace\jmathplot-master\jfreechart-1.5.0-javadoc.jar;C:\Users\Thewbacca\workspace\TunnelRat\build\classes
Launcher Type: SUN_STANDARD

Environment Variables:
JAVA_HOME=C:\Program Files\Java\jdk1.8.0_191
USERNAME=Thewbacca
OS=Windows_NT
PROCESSOR_IDENTIFIER=Intel64 Family 6 Model 58 Stepping 9, GenuineIntel



---------------  S Y S T E M  ---------------

OS: Windows 7 , 64 bit Build 7601 (6.1.7601.24545)

CPU:total 4 (initial active 4) (4 cores per cpu, 1 threads per core) family 6 model 58 stepping 9, cmov, cx8, fxsr, mmx, sse, sse2, sse3, ssse3, sse4.1, sse4.2, popcnt, avx, aes, clmul, erms, tsc, tscinvbit, tscinv

Memory: 4k page, physical 16724992k(6258972k free), swap 33448084k(21341780k free)

vm_info: Java HotSpot(TM) 64-Bit Server VM (25.191-b12) for windows-amd64 JRE (1.8.0_191-b12), built on Oct  6 2018 09:29:03 by "java_re" with MS VC++ 10.0 (VS2010)

time: Thu Jun 04 21:15:33 2020
elapsed time: 1 seconds (0d 0h 0m 1s)

