#
# A fatal error has been detected by the Java Runtime Environment:
#
#  EXCEPTION_ACCESS_VIOLATION (0xc0000005) at pc=0x0000000002bfbd3e, pid=9308, tid=0x00000000000028cc
#
# JRE version: Java(TM) SE Runtime Environment (8.0_191-b12) (build 1.8.0_191-b12)
# Java VM: Java HotSpot(TM) 64-Bit Server VM (25.191-b12 mixed mode windows-amd64 compressed oops)
# Problematic frame:
# J 559 C2 java.util.regex.Pattern$Slice.match(Ljava/util/regex/Matcher;ILjava/lang/CharSequence;)Z (79 bytes) @ 0x0000000002bfbd3e [0x0000000002bfbd00+0x3e]
#
# Failed to write core dump. Minidumps are not enabled by default on client versions of Windows
#
# If you would like to submit a bug report, please visit:
#   http://bugreport.java.com/bugreport/crash.jsp
#

---------------  T H R E A D  ---------------

Current thread (0x0000000002128000):  JavaThread "main" [_thread_in_Java, id=10444, stack(0x0000000002540000,0x0000000002640000)]

siginfo: ExceptionCode=0xc0000005, writing address 0x0000000000000006

Registers:
RAX=0x0000000000000001, RBX=0x000000001b8c2f60, RCX=0x000000000000006b, RDX=0x000000077a581a10
RSP=0x000000000263f530, RBP=0x0000000000000003, RSI=0x000000077a581a58, RDI=0x000000077a581020
R8 =0x00000000ef4b033f, R9 =0x0000000000000002, R10=0x000000077a581a28, R11=0x00000000ef4b0342
R12=0x0000000000000000, R13=0x000000077a581a10, R14=0x0000000000000003, R15=0x0000000002128000
RIP=0x0000000002bfbd3e, EFLAGS=0x0000000000010206

Top of Stack: (sp=0x000000000263f530)
0x000000000263f530:   0000000100000003 0000000100000001
0x000000000263f540:   000000077a5816f0 0000000002b79158
0x000000000263f550:   000000077a581760 0000000200000001
0x000000000263f560:   000000077a581810 000000077a581020
0x000000000263f570:   0000000700000000 0000000700000000
0x000000000263f580:   0000000000000001 0000000002c9d664
0x000000000263f590:   0000000000000003 0000000002b53e88
0x000000000263f5a0:   000000077a581a28 000000077a581a58
0x000000000263f5b0:   000000077a581020 0000000000000002
0x000000000263f5c0:   0000000700000002 000000077a5811c8
0x000000000263f5d0:   000000077a581a28 0000000002af00bc
0x000000000263f5e0:   000000077a581a58 0000000002c30d8c
0x000000000263f5f0:   000000077a5816d0 000000077a581810
0x000000000263f600:   000000077a5818c8 000000077a581a10
0x000000000263f610:   000000077a581aa8 00000006c0c093a0
0x000000000263f620:   0000000000000000 0000000000000000 

Instructions: (pc=0x0000000002bfbd3e)
0x0000000002bfbd1e:   66 90 89 84 24 00 a0 ff ff 55 48 83 ec 60 c4 e1
0x0000000002bfbd2e:   f9 6e c7 49 8b f0 4c 8b ea 44 8b 42 10 43 8b 44
0x0000000002bfbd3e:   c4 0c 85 c0 0f 8e ee 01 00 00 48 8b ee 44 8b 76
0x0000000002bfbd4e:   10 4b 8d 34 c4 33 db 33 d2 b9 01 00 00 00 44 8b 


Register to memory mapping:

RAX=0x0000000000000001 is an unknown value
RBX={method} {0x000000001b8c2f68} 'match' '(Ljava/util/regex/Matcher;ILjava/lang/CharSequence;)Z' in 'java/util/regex/Pattern$Slice'
RCX=0x000000000000006b is an unknown value
RDX=0x000000077a581a10 is an oop
java.util.regex.Pattern$Slice 
 - klass: 'java/util/regex/Pattern$Slice'
RSP=0x000000000263f530 is pointing into the stack for thread: 0x0000000002128000
RBP=0x0000000000000003 is an unknown value
RSI=0x000000077a581a58 is an oop
java.util.regex.Matcher 
 - klass: 'java/util/regex/Matcher'
RDI=0x000000077a581020 is an oop
java.lang.String 
 - klass: 'java/lang/String'
R8 =0x00000000ef4b033f is an unknown value
R9 =0x0000000000000002 is an unknown value
R10=0x000000077a581a28 is an oop
java.util.regex.Pattern$Start 
 - klass: 'java/util/regex/Pattern$Start'
R11=0x00000000ef4b0342 is an unknown value
R12=0x0000000000000000 is an unknown value
R13=0x000000077a581a10 is an oop
java.util.regex.Pattern$Slice 
 - klass: 'java/util/regex/Pattern$Slice'
R14=0x0000000000000003 is an unknown value
R15=0x0000000002128000 is a thread


Stack: [0x0000000002540000,0x0000000002640000],  sp=0x000000000263f530,  free space=1021k
Native frames: (J=compiled Java code, j=interpreted, Vv=VM code, C=native code)
C  0x0000000002bfbd3e


---------------  P R O C E S S  ---------------

Java Threads: ( => current thread )
  0x000000001d518800 JavaThread "Service Thread" daemon [_thread_blocked, id=5204, stack(0x000000001def0000,0x000000001dff0000)]
  0x000000001d48d000 JavaThread "C1 CompilerThread2" daemon [_thread_blocked, id=2180, stack(0x000000001d0a0000,0x000000001d1a0000)]
  0x000000001c05c800 JavaThread "C2 CompilerThread1" daemon [_thread_blocked, id=5168, stack(0x000000001ddf0000,0x000000001def0000)]
  0x000000001c055000 JavaThread "C2 CompilerThread0" daemon [_thread_blocked, id=8420, stack(0x000000001dcf0000,0x000000001ddf0000)]
  0x000000001c051800 JavaThread "Attach Listener" daemon [_thread_blocked, id=10352, stack(0x000000001da70000,0x000000001db70000)]
  0x000000001d48b000 JavaThread "Signal Dispatcher" daemon [_thread_blocked, id=14000, stack(0x000000001d8b0000,0x000000001d9b0000)]
  0x000000001c03c800 JavaThread "Finalizer" daemon [_thread_blocked, id=2896, stack(0x000000001d380000,0x000000001d480000)]
  0x000000001c035800 JavaThread "Reference Handler" daemon [_thread_blocked, id=8864, stack(0x000000001d200000,0x000000001d300000)]
=>0x0000000002128000 JavaThread "main" [_thread_in_Java, id=10444, stack(0x0000000002540000,0x0000000002640000)]

Other Threads:
  0x000000001bfee000 VMThread [stack: 0x000000001cfa0000,0x000000001d0a0000] [id=7288]
  0x000000001d51d000 WatcherThread [stack: 0x000000001e0c0000,0x000000001e1c0000] [id=9384]

VM state:not at safepoint (normal execution)

VM Mutex/Monitor currently owned by a thread: None

Heap:
 PSYoungGen      total 763392K, used 259897K [0x000000076af00000, 0x00000007bcf80000, 0x00000007c0000000)
  eden space 762368K, 33% used [0x000000076af00000,0x000000077ac12648,0x0000000799780000)
  from space 1024K, 73% used [0x00000007bca00000,0x00000007bcabc010,0x00000007bcb00000)
  to   space 3072K, 0% used [0x00000007bcc80000,0x00000007bcc80000,0x00000007bcf80000)
 ParOldGen       total 175104K, used 5345K [0x00000006c0c00000, 0x00000006cb700000, 0x000000076af00000)
  object space 175104K, 3% used [0x00000006c0c00000,0x00000006c1138478,0x00000006cb700000)
 Metaspace       used 4256K, capacity 4704K, committed 4864K, reserved 1056768K
  class space    used 422K, capacity 464K, committed 512K, reserved 1048576K

Card table byte_map: [0x0000000011cd0000,0x00000000124d0000] byte_map_base: 0x000000000e6ca000

Marking Bits: (ParMarkBitMap*) 0x000000005be63e30
 Begin Bits: [0x0000000012ec0000, 0x0000000016e90000)
 End Bits:   [0x0000000016e90000, 0x000000001ae60000)

Polling page: 0x00000000001c0000

CodeCache: size=245760Kb used=4858Kb max_used=4876Kb free=240901Kb
 bounds [0x0000000002910000, 0x0000000002de0000, 0x0000000011910000]
 total_blobs=1158 nmethods=896 adapters=175
 compilation: enabled

Compilation events (10 events):
Event: 4.607 Thread 0x000000001d48d000  894       3       java.util.Vector::grow (57 bytes)
Event: 4.607 Thread 0x000000001d48d000 nmethod 894 0x0000000002d9fb10 code [0x0000000002d9fca0, 0x0000000002da01f8]
Event: 5.110 Thread 0x000000001c055000  895 %     4       tunnelrat.BST::scanFile @ 103 (236 bytes)
Event: 5.188 Thread 0x000000001c05c800  896       4       java.nio.Buffer::position (43 bytes)
Event: 5.189 Thread 0x000000001c05c800 nmethod 896 0x0000000002da6ed0 code [0x0000000002da7000, 0x0000000002da70b8]
Event: 5.256 Thread 0x000000001c055000 nmethod 895% 0x0000000002dd3850 code [0x0000000002dd3c60, 0x0000000002dd7b78]
Event: 5.566 Thread 0x000000001c05c800  897       4       java.text.DecimalFormat::expandAffix (188 bytes)
Event: 5.580 Thread 0x000000001c05c800 nmethod 897 0x0000000002dcee90 code [0x0000000002dcf060, 0x0000000002dd02e8]
Event: 6.297 Thread 0x000000001d48d000  898       3       sun.nio.cs.UTF_8$Decoder::isMalformed3 (45 bytes)
Event: 6.297 Thread 0x000000001d48d000 nmethod 898 0x0000000002d67f10 code [0x0000000002d68060, 0x0000000002d682b0]

GC Heap History (10 events):
Event: 3.479 GC heap before
{Heap before GC invocations=9 (full 0):
 PSYoungGen      total 526336K, used 524128K [0x000000076af00000, 0x000000078b400000, 0x00000007c0000000)
  eden space 523264K, 100% used [0x000000076af00000,0x000000078ae00000,0x000000078ae00000)
  from space 3072K, 28% used [0x000000078b100000,0x000000078b1d8000,0x000000078b400000)
  to   space 3072K, 0% used [0x000000078ae00000,0x000000078ae00000,0x000000078b100000)
 ParOldGen       total 175104K, used 2057K [0x00000006c0c00000, 0x00000006cb700000, 0x000000076af00000)
  object space 175104K, 1% used [0x00000006c0c00000,0x00000006c0e02468,0x00000006cb700000)
 Metaspace       used 4256K, capacity 4704K, committed 4864K, reserved 1056768K
  class space    used 422K, capacity 464K, committed 512K, reserved 1048576K
Event: 3.480 GC heap after
Heap after GC invocations=9 (full 0):
 PSYoungGen      total 526336K, used 1216K [0x000000076af00000, 0x000000079e700000, 0x00000007c0000000)
  eden space 523264K, 0% used [0x000000076af00000,0x000000076af00000,0x000000078ae00000)
  from space 3072K, 39% used [0x000000078ae00000,0x000000078af30000,0x000000078b100000)
  to   space 3072K, 0% used [0x000000079e400000,0x000000079e400000,0x000000079e700000)
 ParOldGen       total 175104K, used 2369K [0x00000006c0c00000, 0x00000006cb700000, 0x000000076af00000)
  object space 175104K, 1% used [0x00000006c0c00000,0x00000006c0e50478,0x00000006cb700000)
 Metaspace       used 4256K, capacity 4704K, committed 4864K, reserved 1056768K
  class space    used 422K, capacity 464K, committed 512K, reserved 1048576K
}
Event: 4.352 GC heap before
{Heap before GC invocations=10 (full 0):
 PSYoungGen      total 526336K, used 524480K [0x000000076af00000, 0x000000079e700000, 0x00000007c0000000)
  eden space 523264K, 100% used [0x000000076af00000,0x000000078ae00000,0x000000078ae00000)
  from space 3072K, 39% used [0x000000078ae00000,0x000000078af30000,0x000000078b100000)
  to   space 3072K, 0% used [0x000000079e400000,0x000000079e400000,0x000000079e700000)
 ParOldGen       total 175104K, used 2369K [0x00000006c0c00000, 0x00000006cb700000, 0x000000076af00000)
  object space 175104K, 1% used [0x00000006c0c00000,0x00000006c0e50478,0x00000006cb700000)
 Metaspace       used 4256K, capacity 4704K, committed 4864K, reserved 1056768K
  class space    used 422K, capacity 464K, committed 512K, reserved 1048576K
Event: 4.353 GC heap after
Heap after GC invocations=10 (full 0):
 PSYoungGen      total 840704K, used 1088K [0x000000076af00000, 0x000000079e700000, 0x00000007c0000000)
  eden space 837632K, 0% used [0x000000076af00000,0x000000076af00000,0x000000079e100000)
  from space 3072K, 35% used [0x000000079e400000,0x000000079e510000,0x000000079e700000)
  to   space 3072K, 0% used [0x000000079e100000,0x000000079e100000,0x000000079e400000)
 ParOldGen       total 175104K, used 2913K [0x00000006c0c00000, 0x00000006cb700000, 0x000000076af00000)
  object space 175104K, 1% used [0x00000006c0c00000,0x00000006c0ed8478,0x00000006cb700000)
 Metaspace       used 4256K, capacity 4704K, committed 4864K, reserved 1056768K
  class space    used 422K, capacity 464K, committed 512K, reserved 1048576K
}
Event: 5.691 GC heap before
{Heap before GC invocations=11 (full 0):
 PSYoungGen      total 840704K, used 838720K [0x000000076af00000, 0x000000079e700000, 0x00000007c0000000)
  eden space 837632K, 100% used [0x000000076af00000,0x000000079e100000,0x000000079e100000)
  from space 3072K, 35% used [0x000000079e400000,0x000000079e510000,0x000000079e700000)
  to   space 3072K, 0% used [0x000000079e100000,0x000000079e100000,0x000000079e400000)
 ParOldGen       total 175104K, used 2913K [0x00000006c0c00000, 0x00000006cb700000, 0x000000076af00000)
  object space 175104K, 1% used [0x00000006c0c00000,0x00000006c0ed8478,0x00000006cb700000)
 Metaspace       used 4256K, capacity 4704K, committed 4864K, reserved 1056768K
  class space    used 422K, capacity 464K, committed 512K, reserved 1048576K
Event: 5.693 GC heap after
Heap after GC invocations=11 (full 0):
 PSYoungGen      total 840704K, used 832K [0x000000076af00000, 0x00000007bd200000, 0x00000007c0000000)
  eden space 837632K, 0% used [0x000000076af00000,0x000000076af00000,0x000000079e100000)
  from space 3072K, 27% used [0x000000079e100000,0x000000079e1d0000,0x000000079e400000)
  to   space 3072K, 0% used [0x00000007bcf00000,0x00000007bcf00000,0x00000007bd200000)
 ParOldGen       total 175104K, used 3913K [0x00000006c0c00000, 0x00000006cb700000, 0x000000076af00000)
  object space 175104K, 2% used [0x00000006c0c00000,0x00000006c0fd2478,0x00000006cb700000)
 Metaspace       used 4256K, capacity 4704K, committed 4864K, reserved 1056768K
  class space    used 422K, capacity 464K, committed 512K, reserved 1048576K
}
Event: 6.953 GC heap before
{Heap before GC invocations=12 (full 0):
 PSYoungGen      total 840704K, used 838464K [0x000000076af00000, 0x00000007bd200000, 0x00000007c0000000)
  eden space 837632K, 100% used [0x000000076af00000,0x000000079e100000,0x000000079e100000)
  from space 3072K, 27% used [0x000000079e100000,0x000000079e1d0000,0x000000079e400000)
  to   space 3072K, 0% used [0x00000007bcf00000,0x00000007bcf00000,0x00000007bd200000)
 ParOldGen       total 175104K, used 3913K [0x00000006c0c00000, 0x00000006cb700000, 0x000000076af00000)
  object space 175104K, 2% used [0x00000006c0c00000,0x00000006c0fd2478,0x00000006cb700000)
 Metaspace       used 4256K, capacity 4704K, committed 4864K, reserved 1056768K
  class space    used 422K, capacity 464K, committed 512K, reserved 1048576K
Event: 6.955 GC heap after
Heap after GC invocations=12 (full 0):
 PSYoungGen      total 800256K, used 736K [0x000000076af00000, 0x00000007bd000000, 0x00000007c0000000)
  eden space 799232K, 0% used [0x000000076af00000,0x000000076af00000,0x000000079bb80000)
  from space 1024K, 71% used [0x00000007bcf00000,0x00000007bcfb8000,0x00000007bd000000)
  to   space 3072K, 0% used [0x00000007bca00000,0x00000007bca00000,0x00000007bcd00000)
 ParOldGen       total 175104K, used 4673K [0x00000006c0c00000, 0x00000006cb700000, 0x000000076af00000)
  object space 175104K, 2% used [0x00000006c0c00000,0x00000006c1090478,0x00000006cb700000)
 Metaspace       used 4256K, capacity 4704K, committed 4864K, reserved 1056768K
  class space    used 422K, capacity 464K, committed 512K, reserved 1048576K
}
Event: 8.175 GC heap before
{Heap before GC invocations=13 (full 0):
 PSYoungGen      total 800256K, used 799968K [0x000000076af00000, 0x00000007bd000000, 0x00000007c0000000)
  eden space 799232K, 100% used [0x000000076af00000,0x000000079bb80000,0x000000079bb80000)
  from space 1024K, 71% used [0x00000007bcf00000,0x00000007bcfb8000,0x00000007bd000000)
  to   space 3072K, 0% used [0x00000007bca00000,0x00000007bca00000,0x00000007bcd00000)
 ParOldGen       total 175104K, used 4673K [0x00000006c0c00000, 0x00000006cb700000, 0x000000076af00000)
  object space 175104K, 2% used [0x00000006c0c00000,0x00000006c1090478,0x00000006cb700000)
 Metaspace       used 4256K, capacity 4704K, committed 4864K, reserved 1056768K
  class space    used 422K, capacity 464K, committed 512K, reserved 1048576K
Event: 8.178 GC heap after
Heap after GC invocations=13 (full 0):
 PSYoungGen      total 763392K, used 752K [0x000000076af00000, 0x00000007bcf80000, 0x00000007c0000000)
  eden space 762368K, 0% used [0x000000076af00000,0x000000076af00000,0x0000000799780000)
  from space 1024K, 73% used [0x00000007bca00000,0x00000007bcabc010,0x00000007bcb00000)
  to   space 3072K, 0% used [0x00000007bcc80000,0x00000007bcc80000,0x00000007bcf80000)
 ParOldGen       total 175104K, used 5345K [0x00000006c0c00000, 0x00000006cb700000, 0x000000076af00000)
  object space 175104K, 3% used [0x00000006c0c00000,0x00000006c1138478,0x00000006cb700000)
 Metaspace       used 4256K, capacity 4704K, committed 4864K, reserved 1056768K
  class space    used 422K, capacity 464K, committed 512K, reserved 1048576K
}

Deoptimization events (10 events):
Event: 1.973 Thread 0x0000000002128000 Uncommon trap: reason=unstable_if action=reinterpret pc=0x0000000002a4d2f0 method=java.lang.Character.isHighSurrogate(C)Z @ 3
Event: 2.148 Thread 0x0000000002128000 Uncommon trap: reason=unstable_if action=reinterpret pc=0x0000000002d3b120 method=java.lang.String.trim()Ljava/lang/String; @ 63
Event: 2.157 Thread 0x0000000002128000 Uncommon trap: reason=unstable_if action=reinterpret pc=0x0000000002cae4b8 method=java.lang.String.trim()Ljava/lang/String; @ 63
Event: 2.232 Thread 0x0000000002128000 Uncommon trap: reason=unstable_if action=reinterpret pc=0x0000000002d28bd4 method=tunnelrat.TunnelRat.processPrice(Ljava/lang/String;)I @ 60
Event: 2.285 Thread 0x0000000002128000 Uncommon trap: reason=bimorphic action=maybe_recompile pc=0x0000000002c51408 method=java.util.regex.Pattern$GroupCurly.match0(Ljava/util/regex/Matcher;IILjava/lang/CharSequence;)Z @ 222
Event: 2.292 Thread 0x0000000002128000 Uncommon trap: reason=bimorphic action=maybe_recompile pc=0x0000000002c51408 method=java.util.regex.Pattern$GroupCurly.match0(Ljava/util/regex/Matcher;IILjava/lang/CharSequence;)Z @ 222
Event: 2.296 Thread 0x0000000002128000 Uncommon trap: reason=bimorphic action=maybe_recompile pc=0x0000000002c51408 method=java.util.regex.Pattern$GroupCurly.match0(Ljava/util/regex/Matcher;IILjava/lang/CharSequence;)Z @ 222
Event: 2.299 Thread 0x0000000002128000 Uncommon trap: reason=bimorphic action=maybe_recompile pc=0x0000000002c51408 method=java.util.regex.Pattern$GroupCurly.match0(Ljava/util/regex/Matcher;IILjava/lang/CharSequence;)Z @ 222
Event: 3.186 Thread 0x0000000002128000 Uncommon trap: reason=unstable_if action=reinterpret pc=0x0000000002ba7ed8 method=java.lang.String.regionMatches(ZILjava/lang/String;II)Z @ 41
Event: 3.742 Thread 0x0000000002128000 Uncommon trap: reason=unstable_if action=reinterpret pc=0x0000000002d68e18 method=java.util.regex.Pattern$GroupCurly.match0(Ljava/util/regex/Matcher;IILjava/lang/CharSequence;)Z @ 177

Classes redefined (0 events):
No events

Internal exceptions (7 events):
Event: 0.023 Thread 0x0000000002128000 Exception <a 'java/lang/NoSuchMethodError': Method sun.misc.Unsafe.defineClass(Ljava/lang/String;[BII)Ljava/lang/Class; name or signature does not match> (0x000000076af07cb0) thrown at [C:\re\workspace\8-2-build-windows-amd64-cygwin\jdk8u191\11896\hotspot
Event: 0.024 Thread 0x0000000002128000 Exception <a 'java/lang/NoSuchMethodError': Method sun.misc.Unsafe.prefetchRead(Ljava/lang/Object;J)V name or signature does not match> (0x000000076af07f98) thrown at [C:\re\workspace\8-2-build-windows-amd64-cygwin\jdk8u191\11896\hotspot\src\share\vm\prim
Event: 0.084 Thread 0x0000000002128000 Exception <a 'java/security/PrivilegedActionException'> (0x000000076b012d60) thrown at [C:\re\workspace\8-2-build-windows-amd64-cygwin\jdk8u191\11896\hotspot\src\share\vm\prims\jvm.cpp, line 1435]
Event: 0.084 Thread 0x0000000002128000 Exception <a 'java/security/PrivilegedActionException'> (0x000000076b013158) thrown at [C:\re\workspace\8-2-build-windows-amd64-cygwin\jdk8u191\11896\hotspot\src\share\vm\prims\jvm.cpp, line 1435]
Event: 0.085 Thread 0x0000000002128000 Exception <a 'java/security/PrivilegedActionException'> (0x000000076b017250) thrown at [C:\re\workspace\8-2-build-windows-amd64-cygwin\jdk8u191\11896\hotspot\src\share\vm\prims\jvm.cpp, line 1435]
Event: 0.085 Thread 0x0000000002128000 Exception <a 'java/security/PrivilegedActionException'> (0x000000076b017648) thrown at [C:\re\workspace\8-2-build-windows-amd64-cygwin\jdk8u191\11896\hotspot\src\share\vm\prims\jvm.cpp, line 1435]
Event: 8.567 Thread 0x0000000002128000 Implicit null exception at 0x0000000002bfbd3e to 0x0000000000000000

Events (10 events):
Event: 4.352 Executing VM operation: ParallelGCFailedAllocation
Event: 4.353 Executing VM operation: ParallelGCFailedAllocation done
Event: 5.502 Thread 0x0000000002128000 DEOPT PACKING pc=0x0000000002dbbabf sp=0x000000000263f690
Event: 5.502 Thread 0x0000000002128000 DEOPT UNPACKING pc=0x0000000002957890 sp=0x000000000263f4f0 mode 0
Event: 5.691 Executing VM operation: ParallelGCFailedAllocation
Event: 5.693 Executing VM operation: ParallelGCFailedAllocation done
Event: 6.953 Executing VM operation: ParallelGCFailedAllocation
Event: 6.955 Executing VM operation: ParallelGCFailedAllocation done
Event: 8.175 Executing VM operation: ParallelGCFailedAllocation
Event: 8.178 Executing VM operation: ParallelGCFailedAllocation done


Dynamic libraries:
0x000000013f620000 - 0x000000013f657000 	C:\Program Files\Java\jdk1.8.0_191\bin\java.exe
0x0000000077440000 - 0x00000000775df000 	C:\Windows\SYSTEM32\ntdll.dll
0x0000000077220000 - 0x000000007733f000 	C:\Windows\system32\kernel32.dll
0x000007fefcfb0000 - 0x000007fefd017000 	C:\Windows\system32\KERNELBASE.dll
0x000007fefdc90000 - 0x000007fefdd6b000 	C:\Windows\system32\ADVAPI32.dll
0x000007feff160000 - 0x000007feff1ff000 	C:\Windows\system32\msvcrt.dll
0x000007fefdc50000 - 0x000007fefdc6f000 	C:\Windows\SYSTEM32\sechost.dll
0x000007fefefc0000 - 0x000007feff0ec000 	C:\Windows\system32\RPCRT4.dll
0x0000000077340000 - 0x000000007743b000 	C:\Windows\system32\USER32.dll
0x000007feff0f0000 - 0x000007feff157000 	C:\Windows\system32\GDI32.dll
0x000007feff200000 - 0x000007feff20e000 	C:\Windows\system32\LPK.dll
0x000007fefd350000 - 0x000007fefd41b000 	C:\Windows\system32\USP10.dll
0x000007fefca10000 - 0x000007fefcc05000 	C:\Windows\WinSxS\amd64_microsoft.windows.common-controls_6595b64144ccf1df_6.0.7601.24483_none_e372d88f30fbb845\COMCTL32.dll
0x000007fefef40000 - 0x000007fefefb1000 	C:\Windows\system32\SHLWAPI.dll
0x000007fefee90000 - 0x000007fefeebe000 	C:\Windows\system32\IMM32.DLL
0x000007feff210000 - 0x000007feff31b000 	C:\Windows\system32\MSCTF.dll
0x000000005c6c0000 - 0x000000005c792000 	C:\Program Files\Java\jdk1.8.0_191\jre\bin\msvcr100.dll
0x000000005b640000 - 0x000000005bee4000 	C:\Program Files\Java\jdk1.8.0_191\jre\bin\server\jvm.dll
0x000007fef9ce0000 - 0x000007fef9ce9000 	C:\Windows\system32\WSOCK32.dll
0x000007fefeb70000 - 0x000007fefebbd000 	C:\Windows\system32\WS2_32.dll
0x000007fefeb60000 - 0x000007fefeb68000 	C:\Windows\system32\NSI.dll
0x000007fefa4d0000 - 0x000007fefa50b000 	C:\Windows\system32\WINMM.dll
0x000007fefb880000 - 0x000007fefb88c000 	C:\Windows\system32\VERSION.dll
0x00000000775e0000 - 0x00000000775e7000 	C:\Windows\system32\PSAPI.DLL
0x000000005fcb0000 - 0x000000005fcbf000 	C:\Program Files\Java\jdk1.8.0_191\jre\bin\verify.dll
0x000000005e3e0000 - 0x000000005e409000 	C:\Program Files\Java\jdk1.8.0_191\jre\bin\java.dll
0x000000005efd0000 - 0x000000005efe6000 	C:\Program Files\Java\jdk1.8.0_191\jre\bin\zip.dll
0x000007fefdd70000 - 0x000007fefeafb000 	C:\Windows\system32\SHELL32.dll
0x000007fefd9b0000 - 0x000007fefdbaf000 	C:\Windows\system32\ole32.dll
0x000007fefcf90000 - 0x000007fefcf9f000 	C:\Windows\system32\profapi.dll
0x000007fef8c30000 - 0x000007fef8d55000 	C:\Windows\system32\dbghelp.dll

VM Arguments:
jvm_args: -Dfile.encoding=UTF-8 
java_command: tunnelrat.TunnelRatDriver
java_class_path (initial): C:\Users\Thewbacca\workspace\jmathplot-master\jfreechart-1.0.19.jar;C:\Users\Thewbacca\workspace\jmathplot-master\jcommon-1.0.23.jar;C:\Users\Thewbacca\workspace\jmathplot-master\jfreechart-1.0.19-swt.jar;C:\Users\Thewbacca\workspace\jmathplot-master\jmathplot.jar;C:\Users\Thewbacca\workspace\jmathplot-master\jfreechart-1.5.0-javadoc.jar;C:\Users\Thewbacca\workspace\TunnelRat\build\classes
Launcher Type: SUN_STANDARD

Environment Variables:
JAVA_HOME=C:\Program Files\Java\jdk1.8.0_191
USERNAME=Thewbacca
OS=Windows_NT
PROCESSOR_IDENTIFIER=Intel64 Family 6 Model 58 Stepping 9, GenuineIntel



---------------  S Y S T E M  ---------------

OS: Windows 7 , 64 bit Build 7601 (6.1.7601.24545)

CPU:total 4 (initial active 4) (4 cores per cpu, 1 threads per core) family 6 model 58 stepping 9, cmov, cx8, fxsr, mmx, sse, sse2, sse3, ssse3, sse4.1, sse4.2, popcnt, avx, aes, clmul, erms, tsc, tscinvbit, tscinv

Memory: 4k page, physical 16724992k(9538944k free), swap 33448084k(24862980k free)

vm_info: Java HotSpot(TM) 64-Bit Server VM (25.191-b12) for windows-amd64 JRE (1.8.0_191-b12), built on Oct  6 2018 09:29:03 by "java_re" with MS VC++ 10.0 (VS2010)

time: Mon Jun 15 00:00:52 2020
elapsed time: 8 seconds (0d 0h 0m 8s)

