#
# A fatal error has been detected by the Java Runtime Environment:
#
#  EXCEPTION_ACCESS_VIOLATION (0xc0000005) at pc=0x0000000002b3dd7e, pid=6992, tid=0x0000000000001e94
#
# JRE version: Java(TM) SE Runtime Environment (8.0_191-b12) (build 1.8.0_191-b12)
# Java VM: Java HotSpot(TM) 64-Bit Server VM (25.191-b12 mixed mode windows-amd64 compressed oops)
# Problematic frame:
# J 333 C2 java.util.regex.Pattern$BmpCharProperty.match(Ljava/util/regex/Matcher;ILjava/lang/CharSequence;)Z (50 bytes) @ 0x0000000002b3dd7e [0x0000000002b3dce0+0x9e]
#
# Failed to write core dump. Minidumps are not enabled by default on client versions of Windows
#
# If you would like to submit a bug report, please visit:
#   http://bugreport.java.com/bugreport/crash.jsp
#

---------------  T H R E A D  ---------------

Current thread (0x00000000021b8000):  JavaThread "main" [_thread_in_Java, id=7828, stack(0x0000000002500000,0x0000000002600000)]

siginfo: ExceptionCode=0xc0000005, writing address 0xffffffffa6d9d672

Registers:
RAX=0x0000000000000000, RBX=0x000000001b95ca18, RCX=0x00000000ed9c591d, RDX=0x000000076ce2c8a8
RSP=0x00000000025fefc0, RBP=0x000000076ce2c878, RSI=0x0000000000000003, RDI=0x000000076ce2c1a8
R8 =0x000000076ce2c998, R9 =0x0000000000000002, R10=0x000000076ce2c998, R11=0x00000000ed9c5915
R12=0x0000000000000000, R13=0x00000000ed9c593b, R14=0x00000000ed9c5947, R15=0x00000000021b8000
RIP=0x0000000002b3dd7e, EFLAGS=0x0000000000010246

Top of Stack: (sp=0x00000000025fefc0)
0x00000000025fefc0:   000000076ce2b7d8 000000076ce2c998
0x00000000025fefd0:   000000076ce2c980 000000076ce2c8a8
0x00000000025fefe0:   8000000000000001 0000000700000002
0x00000000025feff0:   0000000100000000 000000017fffffff
0x00000000025ff000:   0000000100000001 000000076ce2c950
0x00000000025ff010:   000000076ce2c878 0000000002b65098
0x00000000025ff020:   000000076ce2c8e8 0000000200000001
0x00000000025ff030:   000000076ce2c998 000000076ce2c1a8
0x00000000025ff040:   0000000000000000 0000000002c56264
0x00000000025ff050:   000000076ce2c980 000000076ce2c95c
0x00000000025ff060:   0000000000000000 0000000100000001
0x00000000025ff070:   000000076ce2c878 0000000002b37ed4
0x00000000025ff080:   000000076ce2c998 00000000ffffffff
0x00000000025ff090:   000000076ce2c968 0000000002adfcc0
0x00000000025ff0a0:   0000000700000002 000000076ce2c308
0x00000000025ff0b0:   0000000000000000 0000000002d36d54 

Instructions: (pc=0x0000000002b3dd7e)
0x0000000002b3dd5e:   49 c1 e2 03 47 0f b7 44 4a 10 90 48 b8 ff ff ff
0x0000000002b3dd6e:   ff ff ff ff ff e8 98 1a eb ff 85 c0 75 0e 33 c0
0x0000000002b3dd7e:   48 83 c4 50 5d 85 05 77 22 5f fd c3 4c 8b 54 24
0x0000000002b3dd8e:   18 45 8b 5a 0c 44 8b 4c 24 28 41 ff c1 49 8b d3 


Register to memory mapping:

RAX=0x0000000000000000 is an unknown value
RBX={method} {0x000000001b95ca20} 'match' '(Ljava/util/regex/Matcher;ILjava/lang/CharSequence;)Z' in 'java/util/regex/Pattern$BmpCharProperty'
RCX=0x00000000ed9c591d is an unknown value
RDX=0x000000076ce2c8a8 is an oop
java.util.regex.Pattern$Single 
 - klass: 'java/util/regex/Pattern$Single'
RSP=0x00000000025fefc0 is pointing into the stack for thread: 0x00000000021b8000
RBP=0x000000076ce2c878 is an oop
java.util.regex.Pattern$GroupHead 
 - klass: 'java/util/regex/Pattern$GroupHead'
RSI=0x0000000000000003 is an unknown value
RDI=0x000000076ce2c1a8 is an oop
java.lang.String 
 - klass: 'java/lang/String'
R8 =0x000000076ce2c998 is an oop
java.util.regex.Matcher 
 - klass: 'java/util/regex/Matcher'
R9 =0x0000000000000002 is an unknown value
R10=0x000000076ce2c998 is an oop
java.util.regex.Matcher 
 - klass: 'java/util/regex/Matcher'
R11=0x00000000ed9c5915 is an unknown value
R12=0x0000000000000000 is an unknown value
R13=0x00000000ed9c593b is an unknown value
R14=0x00000000ed9c5947 is an unknown value
R15=0x00000000021b8000 is a thread


Stack: [0x0000000002500000,0x0000000002600000],  sp=0x00000000025fefc0,  free space=1019k
Native frames: (J=compiled Java code, j=interpreted, Vv=VM code, C=native code)
C  0x0000000002b3dd7e


---------------  P R O C E S S  ---------------

Java Threads: ( => current thread )
  0x000000001d84d000 JavaThread "Service Thread" daemon [_thread_blocked, id=7060, stack(0x000000001ddb0000,0x000000001deb0000)]
  0x000000001d7c8000 JavaThread "C1 CompilerThread2" daemon [_thread_blocked, id=3844, stack(0x000000001e0d0000,0x000000001e1d0000)]
  0x000000001d7bf000 JavaThread "C2 CompilerThread1" daemon [_thread_blocked, id=3464, stack(0x000000001df40000,0x000000001e040000)]
  0x000000001c0e8800 JavaThread "C2 CompilerThread0" daemon [_thread_blocked, id=7332, stack(0x000000001dc90000,0x000000001dd90000)]
  0x000000001c0e5000 JavaThread "Attach Listener" daemon [_thread_blocked, id=5776, stack(0x000000001d0e0000,0x000000001d1e0000)]
  0x000000001d7ba800 JavaThread "Signal Dispatcher" daemon [_thread_blocked, id=9152, stack(0x000000001d3b0000,0x000000001d4b0000)]
  0x000000001c0cf000 JavaThread "Finalizer" daemon [_thread_blocked, id=6740, stack(0x000000001d6b0000,0x000000001d7b0000)]
  0x000000001c0c8000 JavaThread "Reference Handler" daemon [_thread_blocked, id=7044, stack(0x000000001d4c0000,0x000000001d5c0000)]
=>0x00000000021b8000 JavaThread "main" [_thread_in_Java, id=7828, stack(0x0000000002500000,0x0000000002600000)]

Other Threads:
  0x000000001c07c800 VMThread [stack: 0x000000001d1f0000,0x000000001d2f0000] [id=8328]
  0x000000001d84e800 WatcherThread [stack: 0x000000001e200000,0x000000001e300000] [id=3184]

VM state:not at safepoint (normal execution)

VM Mutex/Monitor currently owned by a thread: None

Heap:
 PSYoungGen      total 419840K, used 33911K [0x000000076af00000, 0x000000078ae80000, 0x00000007c0000000)
  eden space 419328K, 7% used [0x000000076af00000,0x000000076cfbdeb8,0x0000000784880000)
  from space 512K, 75% used [0x000000078a900000,0x000000078a960000,0x000000078a980000)
  to   space 3072K, 0% used [0x000000078ab80000,0x000000078ab80000,0x000000078ae80000)
 ParOldGen       total 175104K, used 4305K [0x00000006c0c00000, 0x00000006cb700000, 0x000000076af00000)
  object space 175104K, 2% used [0x00000006c0c00000,0x00000006c1034478,0x00000006cb700000)
 Metaspace       used 4246K, capacity 4692K, committed 4864K, reserved 1056768K
  class space    used 422K, capacity 464K, committed 512K, reserved 1048576K

Card table byte_map: [0x0000000011c90000,0x0000000012490000] byte_map_base: 0x000000000e68a000

Marking Bits: (ParMarkBitMap*) 0x0000000068e23e30
 Begin Bits: [0x0000000012f50000, 0x0000000016f20000)
 End Bits:   [0x0000000016f20000, 0x000000001aef0000)

Polling page: 0x0000000000130000

CodeCache: size=245760Kb used=4784Kb max_used=4810Kb free=240975Kb
 bounds [0x00000000028d0000, 0x0000000002d90000, 0x00000000118d0000]
 total_blobs=1165 nmethods=903 adapters=175
 compilation: enabled

Compilation events (10 events):
Event: 4.897 Thread 0x000000001d7c8000  902       3       java.util.Vector::grow (57 bytes)
Event: 4.897 Thread 0x000000001d7c8000 nmethod 902 0x0000000002d57e50 code [0x0000000002d57fe0, 0x0000000002d58538]
Event: 5.028 Thread 0x000000001d7bf000  903 %     4       tunnelrat.BST::scanFile @ 103 (236 bytes)
Event: 5.060 Thread 0x000000001c0e8800  904       4       java.nio.Buffer::position (43 bytes)
Event: 5.061 Thread 0x000000001c0e8800 nmethod 904 0x0000000002d500d0 code [0x0000000002d50200, 0x0000000002d502b8]
Event: 5.172 Thread 0x000000001d7bf000 nmethod 903% 0x0000000002d79a10 code [0x0000000002d79e20, 0x0000000002d7dd38]
Event: 5.351 Thread 0x000000001c0e8800  905 %     4       tunnelrat.BST::scanFile @ 24 (236 bytes)
Event: 5.493 Thread 0x000000001c0e8800 nmethod 905% 0x0000000002d83550 code [0x0000000002d83960, 0x0000000002d87668]
Event: 6.113 Thread 0x000000001d7c8000  906       3       sun.nio.cs.UTF_8$Decoder::isMalformed3 (45 bytes)
Event: 6.113 Thread 0x000000001d7c8000 nmethod 906 0x0000000002d4e790 code [0x0000000002d4e8e0, 0x0000000002d4eb30]

GC Heap History (10 events):
Event: 3.263 GC heap before
{Heap before GC invocations=7 (full 0):
 PSYoungGen      total 527360K, used 526880K [0x000000076af00000, 0x000000078b500000, 0x00000007c0000000)
  eden space 524288K, 100% used [0x000000076af00000,0x000000078af00000,0x000000078af00000)
  from space 3072K, 84% used [0x000000078b200000,0x000000078b488020,0x000000078b500000)
  to   space 3072K, 0% used [0x000000078af00000,0x000000078af00000,0x000000078b200000)
 ParOldGen       total 175104K, used 40K [0x00000006c0c00000, 0x00000006cb700000, 0x000000076af00000)
  object space 175104K, 0% used [0x00000006c0c00000,0x00000006c0c0a000,0x00000006cb700000)
 Metaspace       used 4232K, capacity 4692K, committed 4864K, reserved 1056768K
  class space    used 421K, capacity 464K, committed 512K, reserved 1048576K
Event: 3.266 GC heap after
Heap after GC invocations=7 (full 0):
 PSYoungGen      total 502784K, used 1536K [0x000000076af00000, 0x000000078b280000, 0x00000007c0000000)
  eden space 501248K, 0% used [0x000000076af00000,0x000000076af00000,0x0000000789880000)
  from space 1536K, 100% used [0x000000078af00000,0x000000078b080000,0x000000078b080000)
  to   space 2048K, 0% used [0x000000078b080000,0x000000078b080000,0x000000078b280000)
 ParOldGen       total 175104K, used 1681K [0x00000006c0c00000, 0x00000006cb700000, 0x000000076af00000)
  object space 175104K, 0% used [0x00000006c0c00000,0x00000006c0da4468,0x00000006cb700000)
 Metaspace       used 4232K, capacity 4692K, committed 4864K, reserved 1056768K
  class space    used 421K, capacity 464K, committed 512K, reserved 1048576K
}
Event: 4.095 GC heap before
{Heap before GC invocations=8 (full 0):
 PSYoungGen      total 502784K, used 502784K [0x000000076af00000, 0x000000078b280000, 0x00000007c0000000)
  eden space 501248K, 100% used [0x000000076af00000,0x0000000789880000,0x0000000789880000)
  from space 1536K, 100% used [0x000000078af00000,0x000000078b080000,0x000000078b080000)
  to   space 2048K, 0% used [0x000000078b080000,0x000000078b080000,0x000000078b280000)
 ParOldGen       total 175104K, used 1681K [0x00000006c0c00000, 0x00000006cb700000, 0x000000076af00000)
  object space 175104K, 0% used [0x00000006c0c00000,0x00000006c0da4468,0x00000006cb700000)
 Metaspace       used 4246K, capacity 4692K, committed 4864K, reserved 1056768K
  class space    used 422K, capacity 464K, committed 512K, reserved 1048576K
Event: 4.097 GC heap after
Heap after GC invocations=8 (full 0):
 PSYoungGen      total 480768K, used 1472K [0x000000076af00000, 0x000000078b200000, 0x00000007c0000000)
  eden space 479232K, 0% used [0x000000076af00000,0x000000076af00000,0x0000000788300000)
  from space 1536K, 95% used [0x000000078b080000,0x000000078b1f0000,0x000000078b200000)
  to   space 3072K, 0% used [0x000000078ac00000,0x000000078ac00000,0x000000078af00000)
 ParOldGen       total 175104K, used 2137K [0x00000006c0c00000, 0x00000006cb700000, 0x000000076af00000)
  object space 175104K, 1% used [0x00000006c0c00000,0x00000006c0e16468,0x00000006cb700000)
 Metaspace       used 4246K, capacity 4692K, committed 4864K, reserved 1056768K
  class space    used 422K, capacity 464K, committed 512K, reserved 1048576K
}
Event: 4.795 GC heap before
{Heap before GC invocations=9 (full 0):
 PSYoungGen      total 480768K, used 480704K [0x000000076af00000, 0x000000078b200000, 0x00000007c0000000)
  eden space 479232K, 100% used [0x000000076af00000,0x0000000788300000,0x0000000788300000)
  from space 1536K, 95% used [0x000000078b080000,0x000000078b1f0000,0x000000078b200000)
  to   space 3072K, 0% used [0x000000078ac00000,0x000000078ac00000,0x000000078af00000)
 ParOldGen       total 175104K, used 2137K [0x00000006c0c00000, 0x00000006cb700000, 0x000000076af00000)
  object space 175104K, 1% used [0x00000006c0c00000,0x00000006c0e16468,0x00000006cb700000)
 Metaspace       used 4246K, capacity 4692K, committed 4864K, reserved 1056768K
  class space    used 422K, capacity 464K, committed 512K, reserved 1048576K
Event: 4.796 GC heap after
Heap after GC invocations=9 (full 0):
 PSYoungGen      total 459776K, used 1312K [0x000000076af00000, 0x000000078b100000, 0x00000007c0000000)
  eden space 458240K, 0% used [0x000000076af00000,0x000000076af00000,0x0000000786e80000)
  from space 1536K, 85% used [0x000000078ac00000,0x000000078ad48000,0x000000078ad80000)
  to   space 3072K, 0% used [0x000000078ae00000,0x000000078ae00000,0x000000078b100000)
 ParOldGen       total 175104K, used 2633K [0x00000006c0c00000, 0x00000006cb700000, 0x000000076af00000)
  object space 175104K, 1% used [0x00000006c0c00000,0x00000006c0e92478,0x00000006cb700000)
 Metaspace       used 4246K, capacity 4692K, committed 4864K, reserved 1056768K
  class space    used 422K, capacity 464K, committed 512K, reserved 1048576K
}
Event: 5.533 GC heap before
{Heap before GC invocations=10 (full 0):
 PSYoungGen      total 459776K, used 459552K [0x000000076af00000, 0x000000078b100000, 0x00000007c0000000)
  eden space 458240K, 100% used [0x000000076af00000,0x0000000786e80000,0x0000000786e80000)
  from space 1536K, 85% used [0x000000078ac00000,0x000000078ad48000,0x000000078ad80000)
  to   space 3072K, 0% used [0x000000078ae00000,0x000000078ae00000,0x000000078b100000)
 ParOldGen       total 175104K, used 2633K [0x00000006c0c00000, 0x00000006cb700000, 0x000000076af00000)
  object space 175104K, 1% used [0x00000006c0c00000,0x00000006c0e92478,0x00000006cb700000)
 Metaspace       used 4246K, capacity 4692K, committed 4864K, reserved 1056768K
  class space    used 422K, capacity 464K, committed 512K, reserved 1048576K
Event: 5.534 GC heap after
Heap after GC invocations=10 (full 0):
 PSYoungGen      total 439296K, used 768K [0x000000076af00000, 0x000000078af00000, 0x00000007c0000000)
  eden space 438272K, 0% used [0x000000076af00000,0x000000076af00000,0x0000000785b00000)
  from space 1024K, 75% used [0x000000078ae00000,0x000000078aec0000,0x000000078af00000)
  to   space 3072K, 0% used [0x000000078a900000,0x000000078a900000,0x000000078ac00000)
 ParOldGen       total 175104K, used 3553K [0x00000006c0c00000, 0x00000006cb700000, 0x000000076af00000)
  object space 175104K, 2% used [0x00000006c0c00000,0x00000006c0f78478,0x00000006cb700000)
 Metaspace       used 4246K, capacity 4692K, committed 4864K, reserved 1056768K
  class space    used 422K, capacity 464K, committed 512K, reserved 1048576K
}
Event: 6.192 GC heap before
{Heap before GC invocations=11 (full 0):
 PSYoungGen      total 439296K, used 439040K [0x000000076af00000, 0x000000078af00000, 0x00000007c0000000)
  eden space 438272K, 100% used [0x000000076af00000,0x0000000785b00000,0x0000000785b00000)
  from space 1024K, 75% used [0x000000078ae00000,0x000000078aec0000,0x000000078af00000)
  to   space 3072K, 0% used [0x000000078a900000,0x000000078a900000,0x000000078ac00000)
 ParOldGen       total 175104K, used 3553K [0x00000006c0c00000, 0x00000006cb700000, 0x000000076af00000)
  object space 175104K, 2% used [0x00000006c0c00000,0x00000006c0f78478,0x00000006cb700000)
 Metaspace       used 4246K, capacity 4692K, committed 4864K, reserved 1056768K
  class space    used 422K, capacity 464K, committed 512K, reserved 1048576K
Event: 6.193 GC heap after
Heap after GC invocations=11 (full 0):
 PSYoungGen      total 419840K, used 384K [0x000000076af00000, 0x000000078ae80000, 0x00000007c0000000)
  eden space 419328K, 0% used [0x000000076af00000,0x000000076af00000,0x0000000784880000)
  from space 512K, 75% used [0x000000078a900000,0x000000078a960000,0x000000078a980000)
  to   space 3072K, 0% used [0x000000078ab80000,0x000000078ab80000,0x000000078ae80000)
 ParOldGen       total 175104K, used 4305K [0x00000006c0c00000, 0x00000006cb700000, 0x000000076af00000)
  object space 175104K, 2% used [0x00000006c0c00000,0x00000006c1034478,0x00000006cb700000)
 Metaspace       used 4246K, capacity 4692K, committed 4864K, reserved 1056768K
  class space    used 422K, capacity 464K, committed 512K, reserved 1048576K
}

Deoptimization events (10 events):
Event: 1.916 Thread 0x00000000021b8000 Uncommon trap: reason=unstable_if action=reinterpret pc=0x0000000002a20434 method=java.lang.Character.isHighSurrogate(C)Z @ 3
Event: 1.916 Thread 0x00000000021b8000 Uncommon trap: reason=unstable_if action=reinterpret pc=0x0000000002a11b30 method=java.lang.Character.isHighSurrogate(C)Z @ 3
Event: 2.099 Thread 0x00000000021b8000 Uncommon trap: reason=unstable_if action=reinterpret pc=0x0000000002cec3a0 method=java.lang.String.trim()Ljava/lang/String; @ 63
Event: 2.109 Thread 0x00000000021b8000 Uncommon trap: reason=unstable_if action=reinterpret pc=0x0000000002c7e95c method=java.lang.String.trim()Ljava/lang/String; @ 63
Event: 2.191 Thread 0x00000000021b8000 Uncommon trap: reason=unstable_if action=reinterpret pc=0x0000000002cda7c0 method=tunnelrat.TunnelRat.processPrice(Ljava/lang/String;)I @ 60
Event: 2.246 Thread 0x00000000021b8000 Uncommon trap: reason=bimorphic action=maybe_recompile pc=0x0000000002cd31a0 method=java.util.regex.Pattern$GroupCurly.match0(Ljava/util/regex/Matcher;IILjava/lang/CharSequence;)Z @ 222
Event: 2.253 Thread 0x00000000021b8000 Uncommon trap: reason=bimorphic action=maybe_recompile pc=0x0000000002cd31a0 method=java.util.regex.Pattern$GroupCurly.match0(Ljava/util/regex/Matcher;IILjava/lang/CharSequence;)Z @ 222
Event: 2.257 Thread 0x00000000021b8000 Uncommon trap: reason=bimorphic action=maybe_recompile pc=0x0000000002cd31a0 method=java.util.regex.Pattern$GroupCurly.match0(Ljava/util/regex/Matcher;IILjava/lang/CharSequence;)Z @ 222
Event: 2.260 Thread 0x00000000021b8000 Uncommon trap: reason=bimorphic action=maybe_recompile pc=0x0000000002cd31a0 method=java.util.regex.Pattern$GroupCurly.match0(Ljava/util/regex/Matcher;IILjava/lang/CharSequence;)Z @ 222
Event: 3.867 Thread 0x00000000021b8000 Uncommon trap: reason=unstable_if action=reinterpret pc=0x0000000002bb0658 method=java.lang.String.regionMatches(ZILjava/lang/String;II)Z @ 41

Classes redefined (0 events):
No events

Internal exceptions (6 events):
Event: 0.054 Thread 0x00000000021b8000 Exception <a 'java/lang/NoSuchMethodError': Method sun.misc.Unsafe.defineClass(Ljava/lang/String;[BII)Ljava/lang/Class; name or signature does not match> (0x000000076af07cb0) thrown at [C:\re\workspace\8-2-build-windows-amd64-cygwin\jdk8u191\11896\hotspot
Event: 0.054 Thread 0x00000000021b8000 Exception <a 'java/lang/NoSuchMethodError': Method sun.misc.Unsafe.prefetchRead(Ljava/lang/Object;J)V name or signature does not match> (0x000000076af07f98) thrown at [C:\re\workspace\8-2-build-windows-amd64-cygwin\jdk8u191\11896\hotspot\src\share\vm\prim
Event: 0.138 Thread 0x00000000021b8000 Exception <a 'java/security/PrivilegedActionException'> (0x000000076b0127d8) thrown at [C:\re\workspace\8-2-build-windows-amd64-cygwin\jdk8u191\11896\hotspot\src\share\vm\prims\jvm.cpp, line 1435]
Event: 0.138 Thread 0x00000000021b8000 Exception <a 'java/security/PrivilegedActionException'> (0x000000076b012bd0) thrown at [C:\re\workspace\8-2-build-windows-amd64-cygwin\jdk8u191\11896\hotspot\src\share\vm\prims\jvm.cpp, line 1435]
Event: 0.138 Thread 0x00000000021b8000 Exception <a 'java/security/PrivilegedActionException'> (0x000000076b016cc8) thrown at [C:\re\workspace\8-2-build-windows-amd64-cygwin\jdk8u191\11896\hotspot\src\share\vm\prims\jvm.cpp, line 1435]
Event: 0.138 Thread 0x00000000021b8000 Exception <a 'java/security/PrivilegedActionException'> (0x000000076b0170c0) thrown at [C:\re\workspace\8-2-build-windows-amd64-cygwin\jdk8u191\11896\hotspot\src\share\vm\prims\jvm.cpp, line 1435]

Events (10 events):
Event: 4.198 Executing VM operation: EnableBiasedLocking
Event: 4.199 Executing VM operation: EnableBiasedLocking done
Event: 4.795 Executing VM operation: ParallelGCFailedAllocation
Event: 4.796 Executing VM operation: ParallelGCFailedAllocation done
Event: 5.533 Executing VM operation: ParallelGCFailedAllocation
Event: 5.534 Executing VM operation: ParallelGCFailedAllocation done
Event: 5.668 Thread 0x00000000021b8000 DEOPT PACKING pc=0x0000000002d669ff sp=0x00000000025ff1a0
Event: 5.668 Thread 0x00000000021b8000 DEOPT UNPACKING pc=0x0000000002917890 sp=0x00000000025ff000 mode 0
Event: 6.192 Executing VM operation: ParallelGCFailedAllocation
Event: 6.193 Executing VM operation: ParallelGCFailedAllocation done


Dynamic libraries:
0x000000013f810000 - 0x000000013f847000 	C:\Program Files\Java\jdk1.8.0_191\bin\java.exe
0x0000000076ec0000 - 0x000000007705f000 	C:\Windows\SYSTEM32\ntdll.dll
0x0000000076ca0000 - 0x0000000076dbf000 	C:\Windows\system32\kernel32.dll
0x000007fefcd50000 - 0x000007fefcdb7000 	C:\Windows\system32\KERNELBASE.dll
0x000007fefe3f0000 - 0x000007fefe4cb000 	C:\Windows\system32\ADVAPI32.dll
0x000007fefdf10000 - 0x000007fefdfaf000 	C:\Windows\system32\msvcrt.dll
0x000007feff130000 - 0x000007feff14f000 	C:\Windows\SYSTEM32\sechost.dll
0x000007feff000000 - 0x000007feff12c000 	C:\Windows\system32\RPCRT4.dll
0x0000000076dc0000 - 0x0000000076ebb000 	C:\Windows\system32\USER32.dll
0x000007fefef90000 - 0x000007fefeff7000 	C:\Windows\system32\GDI32.dll
0x000007feff150000 - 0x000007feff15e000 	C:\Windows\system32\LPK.dll
0x000007fefeeb0000 - 0x000007fefef7b000 	C:\Windows\system32\USP10.dll
0x000007fefb800000 - 0x000007fefb9f5000 	C:\Windows\WinSxS\amd64_microsoft.windows.common-controls_6595b64144ccf1df_6.0.7601.24483_none_e372d88f30fbb845\COMCTL32.dll
0x000007fefe980000 - 0x000007fefe9f1000 	C:\Windows\system32\SHLWAPI.dll
0x000007fefdb60000 - 0x000007fefdb8e000 	C:\Windows\system32\IMM32.DLL
0x000007fefe130000 - 0x000007fefe23b000 	C:\Windows\system32\MSCTF.dll
0x0000000069680000 - 0x0000000069752000 	C:\Program Files\Java\jdk1.8.0_191\jre\bin\msvcr100.dll
0x0000000068600000 - 0x0000000068ea4000 	C:\Program Files\Java\jdk1.8.0_191\jre\bin\server\jvm.dll
0x000007fef9760000 - 0x000007fef9769000 	C:\Windows\system32\WSOCK32.dll
0x000007feff160000 - 0x000007feff1ad000 	C:\Windows\system32\WS2_32.dll
0x000007fefef80000 - 0x000007fefef88000 	C:\Windows\system32\NSI.dll
0x000007fefa3d0000 - 0x000007fefa40b000 	C:\Windows\system32\WINMM.dll
0x000007fefc480000 - 0x000007fefc48c000 	C:\Windows\system32\VERSION.dll
0x0000000077060000 - 0x0000000077067000 	C:\Windows\system32\PSAPI.DLL
0x000000006a220000 - 0x000000006a22f000 	C:\Program Files\Java\jdk1.8.0_191\jre\bin\verify.dll
0x000000006a1f0000 - 0x000000006a219000 	C:\Program Files\Java\jdk1.8.0_191\jre\bin\java.dll
0x000000006a1d0000 - 0x000000006a1e6000 	C:\Program Files\Java\jdk1.8.0_191\jre\bin\zip.dll
0x000007fefcdd0000 - 0x000007fefdb5b000 	C:\Windows\system32\SHELL32.dll
0x000007fefdd10000 - 0x000007fefdf0f000 	C:\Windows\system32\ole32.dll
0x000007fefca20000 - 0x000007fefca2f000 	C:\Windows\system32\profapi.dll
0x000007fef8620000 - 0x000007fef8745000 	C:\Windows\system32\dbghelp.dll

VM Arguments:
jvm_args: -Dfile.encoding=UTF-8 
java_command: tunnelrat.TunnelRatDriver
java_class_path (initial): C:\Users\Thewbacca\workspace\jmathplot-master\jfreechart-1.0.19.jar;C:\Users\Thewbacca\workspace\jmathplot-master\jcommon-1.0.23.jar;C:\Users\Thewbacca\workspace\jmathplot-master\jfreechart-1.0.19-swt.jar;C:\Users\Thewbacca\workspace\jmathplot-master\jmathplot.jar;C:\Users\Thewbacca\workspace\jmathplot-master\jfreechart-1.5.0-javadoc.jar;C:\Users\Thewbacca\workspace\TunnelRat\build\classes
Launcher Type: SUN_STANDARD

Environment Variables:
JAVA_HOME=C:\Program Files\Java\jdk1.8.0_191
USERNAME=Thewbacca
OS=Windows_NT
PROCESSOR_IDENTIFIER=Intel64 Family 6 Model 58 Stepping 9, GenuineIntel



---------------  S Y S T E M  ---------------

OS: Windows 7 , 64 bit Build 7601 (6.1.7601.24545)

CPU:total 4 (initial active 4) (4 cores per cpu, 1 threads per core) family 6 model 58 stepping 9, cmov, cx8, fxsr, mmx, sse, sse2, sse3, ssse3, sse4.1, sse4.2, popcnt, avx, aes, clmul, erms, tsc, tscinvbit, tscinv

Memory: 4k page, physical 16724992k(5834592k free), swap 33448084k(21084748k free)

vm_info: Java HotSpot(TM) 64-Bit Server VM (25.191-b12) for windows-amd64 JRE (1.8.0_191-b12), built on Oct  6 2018 09:29:03 by "java_re" with MS VC++ 10.0 (VS2010)

time: Thu Jun 04 20:19:19 2020
elapsed time: 6 seconds (0d 0h 0m 6s)

