#
# A fatal error has been detected by the Java Runtime Environment:
#
#  EXCEPTION_ACCESS_VIOLATION (0xc0000005) at pc=0x0000000002ae9b3d, pid=3316, tid=0x00000000000015ac
#
# JRE version: Java(TM) SE Runtime Environment (8.0_191-b12) (build 1.8.0_191-b12)
# Java VM: Java HotSpot(TM) 64-Bit Server VM (25.191-b12 mixed mode windows-amd64 compressed oops)
# Problematic frame:
# J 265 C2 java.util.regex.Pattern.group0()Ljava/util/regex/Pattern$Node; (994 bytes) @ 0x0000000002ae9b3d [0x0000000002ae9880+0x2bd]
#
# Failed to write core dump. Minidumps are not enabled by default on client versions of Windows
#
# If you would like to submit a bug report, please visit:
#   http://bugreport.java.com/bugreport/crash.jsp
#

---------------  T H R E A D  ---------------

Current thread (0x0000000001d68000):  JavaThread "main" [_thread_in_Java, id=5548, stack(0x0000000002510000,0x0000000002610000)]

siginfo: ExceptionCode=0xc0000005, reading address 0x00000007f2b779ef

Registers:
RAX=0x00000000e21462e0, RBX=0x000000000000000c, RCX=0x00000000e21462e0, RDX=0x00000000e21462ec
RSP=0x000000000260f0a0, RBP=0x00000000e21461c8, RSI=0x0000000000000000, RDI=0x000000000000007c
R8 =0x000000001189a000, R9 =0x00000000e2146090, R10=0x0000000000000000, R11=0x000000001189a000
R12=0x0000000000000000, R13=0x00000000ffffffff, R14=0x00000000e21460d8, R15=0x0000000001d68000
RIP=0x0000000002ae9b3d, EFLAGS=0x0000000000010246

Top of Stack: (sp=0x000000000260f0a0)
0x000000000260f0a0:   00000000e2145ef0 0000000002ae31bc
0x000000000260f0b0:   00000000e2145f68 00000000ffffffff
0x000000000260f0c0:   00000000e2146090 0000000016ecc490
0x000000000260f0d0:   0000000016ecc698 e21462c800000002
0x000000000260f0e0:   0000000016ecbe98 80c07d7800000001
0x000000000260f0f0:   00000000e21462b0 0000000000000097
0x000000000260f100:   0000000000000000 0000000000000000
0x000000000260f110:   00000000e2146090 00000000e21462c8
0x000000000260f120:   0000000000000000 00000000e21462e0
0x000000000260f130:   00000000e21462e0 00000004e21462e0
0x000000000260f140:   00000000e2145d98 00000000e2144b00
0x000000000260f150:   00000000e2144c88 0000000002a81670
0x000000000260f160:   00000000e2132390 0000000002a190fc
0x000000000260f170:   0000000000000028 0000000002a81750
0x000000000260f180:   00000000e2146090 00000000e214628c
0x000000000260f190:   00000000e2146280 00000000e2146280 

Instructions: (pc=0x0000000002ae9b3d)
0x0000000002ae9b1d:   24 a0 00 00 00 4d 8d 54 aa 10 44 8b 5c 24 4c 45
0x0000000002ae9b2d:   89 1a 49 c1 ea 09 41 bb 00 a0 89 11 47 88 24 13
0x0000000002ae9b3d:   4c 8b 54 24 70 45 8b 4a 40 45 8b 42 18 41 8b 49
0x0000000002ae9b4d:   0c 44 3b c1 0f 83 4c 0c 00 00 47 8b 5c 81 10 bb 


Register to memory mapping:

RAX=0x00000000e21462e0 is an oop
java.util.regex.Pattern$SingleI 
 - klass: 'java/util/regex/Pattern$SingleI'
RBX=0x000000000000000c is an unknown value
RCX=0x00000000e21462e0 is an oop
java.util.regex.Pattern$SingleI 
 - klass: 'java/util/regex/Pattern$SingleI'
RDX=0x00000000e21462ec is an unknown value
RSP=0x000000000260f0a0 is pointing into the stack for thread: 0x0000000001d68000
RBP=0x00000000e21461c8 is an oop
[Ljava.util.regex.Pattern$GroupHead; 
 - klass: 'java/util/regex/Pattern$GroupHead'[]
 - length: 10
RSI=0x0000000000000000 is an unknown value
RDI=0x000000000000007c is an unknown value
R8 =0x000000001189a000 is an unknown value
R9 =0x00000000e2146090 is an oop
java.util.regex.Pattern 
 - klass: 'java/util/regex/Pattern'
R10=0x0000000000000000 is an unknown value
R11=0x000000001189a000 is an unknown value
R12=0x0000000000000000 is an unknown value
R13=0x00000000ffffffff is an unallocated location in the heap
R14=0x00000000e21460d8 is an oop
[I 
 - klass: {type array int}
 - length: 20
R15=0x0000000001d68000 is a thread


Stack: [0x0000000002510000,0x0000000002610000],  sp=0x000000000260f0a0,  free space=1020k
Native frames: (J=compiled Java code, j=interpreted, Vv=VM code, C=native code)
C  0x0000000002ae9b3d


---------------  P R O C E S S  ---------------

Java Threads: ( => current thread )
  0x0000000058a47800 JavaThread "Service Thread" daemon [_thread_blocked, id=5296, stack(0x0000000059700000,0x0000000059800000)]
  0x000000005787e000 JavaThread "C1 CompilerThread2" daemon [_thread_blocked, id=7336, stack(0x0000000059470000,0x0000000059570000)]
  0x000000005787d000 JavaThread "C2 CompilerThread1" daemon [_thread_blocked, id=268, stack(0x0000000059100000,0x0000000059200000)]
  0x0000000057873800 JavaThread "C2 CompilerThread0" daemon [_thread_blocked, id=7476, stack(0x0000000059250000,0x0000000059350000)]
  0x0000000057870000 JavaThread "Attach Listener" daemon [_thread_blocked, id=9844, stack(0x0000000058fc0000,0x00000000590c0000)]
  0x00000000589cb000 JavaThread "Signal Dispatcher" daemon [_thread_blocked, id=7600, stack(0x0000000058e40000,0x0000000058f40000)]
  0x000000005785b800 JavaThread "Finalizer" daemon [_thread_blocked, id=6664, stack(0x00000000588c0000,0x00000000589c0000)]
  0x0000000057854000 JavaThread "Reference Handler" daemon [_thread_blocked, id=5276, stack(0x0000000058540000,0x0000000058640000)]
=>0x0000000001d68000 JavaThread "main" [_thread_in_Java, id=5548, stack(0x0000000002510000,0x0000000002610000)]

Other Threads:
  0x000000005780c800 VMThread [stack: 0x00000000586d0000,0x00000000587d0000] [id=4304]
  0x0000000058a52000 WatcherThread [stack: 0x00000000595a0000,0x00000000596a0000] [id=9316]

VM state:not at safepoint (normal execution)

VM Mutex/Monitor currently owned by a thread: None

Heap:
 PSYoungGen      total 231424K, used 207144K [0x00000000d5980000, 0x00000000e5a80000, 0x0000000100000000)
  eden space 229888K, 89% used [0x00000000d5980000,0x00000000e238a128,0x00000000e3a00000)
  from space 1536K, 16% used [0x00000000e5780000,0x00000000e57c0000,0x00000000e5900000)
  to   space 1536K, 0% used [0x00000000e5900000,0x00000000e5900000,0x00000000e5a80000)
 ParOldGen       total 87552K, used 2481K [0x0000000080c00000, 0x0000000086180000, 0x00000000d5980000)
  object space 87552K, 2% used [0x0000000080c00000,0x0000000080e6c478,0x0000000086180000)
 Metaspace       used 3119K, capacity 4566K, committed 4864K, reserved 1056768K
  class space    used 319K, capacity 390K, committed 512K, reserved 1048576K

Card table byte_map: [0x0000000011ca0000,0x00000000120a0000] byte_map_base: 0x000000001189a000

Marking Bits: (ParMarkBitMap*) 0x000000005c6c3e30
 Begin Bits: [0x0000000012ae0000, 0x0000000014ab0000)
 End Bits:   [0x0000000014ab0000, 0x0000000016a80000)

Polling page: 0x0000000000130000

CodeCache: size=245760Kb used=3195Kb max_used=3212Kb free=242564Kb
 bounds [0x00000000028e0000, 0x0000000002c20000, 0x00000000118e0000]
 total_blobs=767 nmethods=531 adapters=149
 compilation: enabled

Compilation events (10 events):
Event: 3.556 Thread 0x0000000057873800  527       4       java.util.LinkedList::linkLast (59 bytes)
Event: 3.557 Thread 0x0000000057873800 nmethod 527 0x0000000002bb5610 code [0x0000000002bb5760, 0x0000000002bb5898]
Event: 3.647 Thread 0x000000005787d000  528  s    4       java.util.Vector::addElement (38 bytes)
Event: 3.649 Thread 0x000000005787d000 nmethod 528 0x0000000002be3390 code [0x0000000002be34e0, 0x0000000002be3888]
Event: 3.663 Thread 0x0000000057873800  529       4       tunnelrat.StackLinkedList::push (121 bytes)
Event: 3.664 Thread 0x0000000057873800 nmethod 529 0x0000000002be2b10 code [0x0000000002be2c80, 0x0000000002be2df8]
Event: 3.748 Thread 0x000000005787d000  530       4       java.nio.Buffer::position (43 bytes)
Event: 3.749 Thread 0x000000005787d000 nmethod 530 0x0000000002bb0b90 code [0x0000000002bb0cc0, 0x0000000002bb0d78]
Event: 4.116 Thread 0x000000005787e000  531       3       java.util.Vector::grow (57 bytes)
Event: 4.116 Thread 0x000000005787e000 nmethod 531 0x0000000002bd6310 code [0x0000000002bd64a0, 0x0000000002bd69d8]

GC Heap History (10 events):
Event: 2.761 GC heap before
{Heap before GC invocations=15 (full 0):
 PSYoungGen      total 102912K, used 102560K [0x00000000d5980000, 0x00000000e5c80000, 0x0000000100000000)
  eden space 102400K, 100% used [0x00000000d5980000,0x00000000dbd80000,0x00000000dbd80000)
  from space 512K, 31% used [0x00000000e5c00000,0x00000000e5c28000,0x00000000e5c80000)
  to   space 1536K, 0% used [0x00000000e5980000,0x00000000e5980000,0x00000000e5b00000)
 ParOldGen       total 87552K, used 1817K [0x0000000080c00000, 0x0000000086180000, 0x00000000d5980000)
  object space 87552K, 2% used [0x0000000080c00000,0x0000000080dc6468,0x0000000086180000)
 Metaspace       used 3119K, capacity 4566K, committed 4864K, reserved 1056768K
  class space    used 319K, capacity 390K, committed 512K, reserved 1048576K
Event: 2.770 GC heap after
Heap after GC invocations=15 (full 0):
 PSYoungGen      total 165376K, used 96K [0x00000000d5980000, 0x00000000e5c80000, 0x0000000100000000)
  eden space 163840K, 0% used [0x00000000d5980000,0x00000000d5980000,0x00000000df980000)
  from space 1536K, 6% used [0x00000000e5980000,0x00000000e5998000,0x00000000e5b00000)
  to   space 1536K, 0% used [0x00000000e5b00000,0x00000000e5b00000,0x00000000e5c80000)
 ParOldGen       total 87552K, used 1913K [0x0000000080c00000, 0x0000000086180000, 0x00000000d5980000)
  object space 87552K, 2% used [0x0000000080c00000,0x0000000080dde468,0x0000000086180000)
 Metaspace       used 3119K, capacity 4566K, committed 4864K, reserved 1056768K
  class space    used 319K, capacity 390K, committed 512K, reserved 1048576K
}
Event: 3.039 GC heap before
{Heap before GC invocations=16 (full 0):
 PSYoungGen      total 165376K, used 163936K [0x00000000d5980000, 0x00000000e5c80000, 0x0000000100000000)
  eden space 163840K, 100% used [0x00000000d5980000,0x00000000df980000,0x00000000df980000)
  from space 1536K, 6% used [0x00000000e5980000,0x00000000e5998000,0x00000000e5b00000)
  to   space 1536K, 0% used [0x00000000e5b00000,0x00000000e5b00000,0x00000000e5c80000)
 ParOldGen       total 87552K, used 1913K [0x0000000080c00000, 0x0000000086180000, 0x00000000d5980000)
  object space 87552K, 2% used [0x0000000080c00000,0x0000000080dde468,0x0000000086180000)
 Metaspace       used 3119K, capacity 4566K, committed 4864K, reserved 1056768K
  class space    used 319K, capacity 390K, committed 512K, reserved 1048576K
Event: 3.039 GC heap after
Heap after GC invocations=16 (full 0):
 PSYoungGen      total 263680K, used 192K [0x00000000d5980000, 0x00000000e5c80000, 0x0000000100000000)
  eden space 262144K, 0% used [0x00000000d5980000,0x00000000d5980000,0x00000000e5980000)
  from space 1536K, 12% used [0x00000000e5b00000,0x00000000e5b30000,0x00000000e5c80000)
  to   space 1536K, 0% used [0x00000000e5980000,0x00000000e5980000,0x00000000e5b00000)
 ParOldGen       total 87552K, used 1985K [0x0000000080c00000, 0x0000000086180000, 0x00000000d5980000)
  object space 87552K, 2% used [0x0000000080c00000,0x0000000080df0468,0x0000000086180000)
 Metaspace       used 3119K, capacity 4566K, committed 4864K, reserved 1056768K
  class space    used 319K, capacity 390K, committed 512K, reserved 1048576K
}
Event: 3.486 GC heap before
{Heap before GC invocations=17 (full 0):
 PSYoungGen      total 263680K, used 262336K [0x00000000d5980000, 0x00000000e5c80000, 0x0000000100000000)
  eden space 262144K, 100% used [0x00000000d5980000,0x00000000e5980000,0x00000000e5980000)
  from space 1536K, 12% used [0x00000000e5b00000,0x00000000e5b30000,0x00000000e5c80000)
  to   space 1536K, 0% used [0x00000000e5980000,0x00000000e5980000,0x00000000e5b00000)
 ParOldGen       total 87552K, used 1985K [0x0000000080c00000, 0x0000000086180000, 0x00000000d5980000)
  object space 87552K, 2% used [0x0000000080c00000,0x0000000080df0468,0x0000000086180000)
 Metaspace       used 3119K, capacity 4566K, committed 4864K, reserved 1056768K
  class space    used 319K, capacity 390K, committed 512K, reserved 1048576K
Event: 3.487 GC heap after
Heap after GC invocations=17 (full 0):
 PSYoungGen      total 251392K, used 224K [0x00000000d5980000, 0x00000000e5b80000, 0x0000000100000000)
  eden space 250880K, 0% used [0x00000000d5980000,0x00000000d5980000,0x00000000e4e80000)
  from space 512K, 43% used [0x00000000e5980000,0x00000000e59b8000,0x00000000e5a00000)
  to   space 1536K, 0% used [0x00000000e5a00000,0x00000000e5a00000,0x00000000e5b80000)
 ParOldGen       total 87552K, used 2121K [0x0000000080c00000, 0x0000000086180000, 0x00000000d5980000)
  object space 87552K, 2% used [0x0000000080c00000,0x0000000080e12468,0x0000000086180000)
 Metaspace       used 3119K, capacity 4566K, committed 4864K, reserved 1056768K
  class space    used 319K, capacity 390K, committed 512K, reserved 1048576K
}
Event: 3.968 GC heap before
{Heap before GC invocations=18 (full 0):
 PSYoungGen      total 251392K, used 251104K [0x00000000d5980000, 0x00000000e5b80000, 0x0000000100000000)
  eden space 250880K, 100% used [0x00000000d5980000,0x00000000e4e80000,0x00000000e4e80000)
  from space 512K, 43% used [0x00000000e5980000,0x00000000e59b8000,0x00000000e5a00000)
  to   space 1536K, 0% used [0x00000000e5a00000,0x00000000e5a00000,0x00000000e5b80000)
 ParOldGen       total 87552K, used 2121K [0x0000000080c00000, 0x0000000086180000, 0x00000000d5980000)
  object space 87552K, 2% used [0x0000000080c00000,0x0000000080e12468,0x0000000086180000)
 Metaspace       used 3119K, capacity 4566K, committed 4864K, reserved 1056768K
  class space    used 319K, capacity 390K, committed 512K, reserved 1048576K
Event: 3.968 GC heap after
Heap after GC invocations=18 (full 0):
 PSYoungGen      total 240640K, used 256K [0x00000000d5980000, 0x00000000e5a80000, 0x0000000100000000)
  eden space 240128K, 0% used [0x00000000d5980000,0x00000000d5980000,0x00000000e4400000)
  from space 512K, 50% used [0x00000000e5a00000,0x00000000e5a40000,0x00000000e5a80000)
  to   space 1536K, 0% used [0x00000000e5780000,0x00000000e5780000,0x00000000e5900000)
 ParOldGen       total 87552K, used 2321K [0x0000000080c00000, 0x0000000086180000, 0x00000000d5980000)
  object space 87552K, 2% used [0x0000000080c00000,0x0000000080e44478,0x0000000086180000)
 Metaspace       used 3119K, capacity 4566K, committed 4864K, reserved 1056768K
  class space    used 319K, capacity 390K, committed 512K, reserved 1048576K
}
Event: 4.311 GC heap before
{Heap before GC invocations=19 (full 0):
 PSYoungGen      total 240640K, used 240384K [0x00000000d5980000, 0x00000000e5a80000, 0x0000000100000000)
  eden space 240128K, 100% used [0x00000000d5980000,0x00000000e4400000,0x00000000e4400000)
  from space 512K, 50% used [0x00000000e5a00000,0x00000000e5a40000,0x00000000e5a80000)
  to   space 1536K, 0% used [0x00000000e5780000,0x00000000e5780000,0x00000000e5900000)
 ParOldGen       total 87552K, used 2321K [0x0000000080c00000, 0x0000000086180000, 0x00000000d5980000)
  object space 87552K, 2% used [0x0000000080c00000,0x0000000080e44478,0x0000000086180000)
 Metaspace       used 3119K, capacity 4566K, committed 4864K, reserved 1056768K
  class space    used 319K, capacity 390K, committed 512K, reserved 1048576K
Event: 4.312 GC heap after
Heap after GC invocations=19 (full 0):
 PSYoungGen      total 231424K, used 256K [0x00000000d5980000, 0x00000000e5a80000, 0x0000000100000000)
  eden space 229888K, 0% used [0x00000000d5980000,0x00000000d5980000,0x00000000e3a00000)
  from space 1536K, 16% used [0x00000000e5780000,0x00000000e57c0000,0x00000000e5900000)
  to   space 1536K, 0% used [0x00000000e5900000,0x00000000e5900000,0x00000000e5a80000)
 ParOldGen       total 87552K, used 2481K [0x0000000080c00000, 0x0000000086180000, 0x00000000d5980000)
  object space 87552K, 2% used [0x0000000080c00000,0x0000000080e6c478,0x0000000086180000)
 Metaspace       used 3119K, capacity 4566K, committed 4864K, reserved 1056768K
  class space    used 319K, capacity 390K, committed 512K, reserved 1048576K
}

Deoptimization events (10 events):
Event: 1.662 Thread 0x0000000001d68000 Uncommon trap: reason=unstable_if action=reinterpret pc=0x0000000002a2a668 method=java.util.regex.Pattern$BitClass.isSatisfiedBy(I)Z @ 4
Event: 1.662 Thread 0x0000000001d68000 Uncommon trap: reason=unstable_if action=reinterpret pc=0x0000000002a1f3bc method=java.util.regex.Pattern$Ctype.isSatisfiedBy(I)Z @ 4
Event: 1.662 Thread 0x0000000001d68000 Uncommon trap: reason=unstable_if action=reinterpret pc=0x0000000002a34164 method=java.lang.Character.isHighSurrogate(C)Z @ 3
Event: 1.662 Thread 0x0000000001d68000 Uncommon trap: reason=unstable_if action=reinterpret pc=0x0000000002ad92e8 method=java.lang.Character.isHighSurrogate(C)Z @ 3
Event: 1.662 Thread 0x0000000001d68000 Uncommon trap: reason=unstable_if action=reinterpret pc=0x0000000002a1eaec method=java.lang.Character.isHighSurrogate(C)Z @ 3
Event: 1.662 Thread 0x0000000001d68000 Uncommon trap: reason=unstable_if action=reinterpret pc=0x0000000002a20670 method=java.lang.Character.isHighSurrogate(C)Z @ 3
Event: 1.662 Thread 0x0000000001d68000 Uncommon trap: reason=unstable_if action=reinterpret pc=0x00000000029ff7b0 method=java.lang.Character.isHighSurrogate(C)Z @ 3
Event: 1.662 Thread 0x0000000001d68000 Uncommon trap: reason=unstable_if action=reinterpret pc=0x0000000002a8ea6c method=java.lang.Character.isHighSurrogate(C)Z @ 3
Event: 1.830 Thread 0x0000000001d68000 Uncommon trap: reason=unstable_if action=reinterpret pc=0x0000000002b89cd0 method=java.lang.String.trim()Ljava/lang/String; @ 63
Event: 1.838 Thread 0x0000000001d68000 Uncommon trap: reason=unstable_if action=reinterpret pc=0x0000000002ae5bb4 method=java.lang.String.trim()Ljava/lang/String; @ 63

Classes redefined (0 events):
No events

Internal exceptions (2 events):
Event: 0.021 Thread 0x0000000001d68000 Exception <a 'java/lang/NoSuchMethodError': Method sun.misc.Unsafe.defineClass(Ljava/lang/String;[BII)Ljava/lang/Class; name or signature does not match> (0x00000000d5987cb0) thrown at [C:\re\workspace\8-2-build-windows-amd64-cygwin\jdk8u191\11896\hotspot
Event: 0.021 Thread 0x0000000001d68000 Exception <a 'java/lang/NoSuchMethodError': Method sun.misc.Unsafe.prefetchRead(Ljava/lang/Object;J)V name or signature does not match> (0x00000000d5987f98) thrown at [C:\re\workspace\8-2-build-windows-amd64-cygwin\jdk8u191\11896\hotspot\src\share\vm\prim

Events (10 events):
Event: 3.486 Executing VM operation: ParallelGCFailedAllocation
Event: 3.487 Executing VM operation: ParallelGCFailedAllocation done
Event: 3.595 Thread 0x0000000001d68000 DEOPT PACKING pc=0x0000000002be7660 sp=0x000000000260f330
Event: 3.595 Thread 0x0000000001d68000 DEOPT UNPACKING pc=0x0000000002927890 sp=0x000000000260f168 mode 0
Event: 3.968 Executing VM operation: ParallelGCFailedAllocation
Event: 3.968 Executing VM operation: ParallelGCFailedAllocation done
Event: 4.150 Executing VM operation: EnableBiasedLocking
Event: 4.150 Executing VM operation: EnableBiasedLocking done
Event: 4.311 Executing VM operation: ParallelGCFailedAllocation
Event: 4.312 Executing VM operation: ParallelGCFailedAllocation done


Dynamic libraries:
0x000000013fca0000 - 0x000000013fcd7000 	C:\Program Files\Java\jdk1.8.0_191\bin\java.exe
0x0000000077330000 - 0x00000000774cf000 	C:\Windows\SYSTEM32\ntdll.dll
0x0000000077210000 - 0x000000007732f000 	C:\Windows\system32\kernel32.dll
0x000007fefd150000 - 0x000007fefd1b7000 	C:\Windows\system32\KERNELBASE.dll
0x000007fefeb00000 - 0x000007fefebdb000 	C:\Windows\system32\ADVAPI32.dll
0x000007fefd840000 - 0x000007fefd8df000 	C:\Windows\system32\msvcrt.dll
0x000007fefec00000 - 0x000007fefec1f000 	C:\Windows\SYSTEM32\sechost.dll
0x000007fefe9c0000 - 0x000007fefeaec000 	C:\Windows\system32\RPCRT4.dll
0x0000000077110000 - 0x000000007720b000 	C:\Windows\system32\USER32.dll
0x000007fefd660000 - 0x000007fefd6c7000 	C:\Windows\system32\GDI32.dll
0x000007fefeaf0000 - 0x000007fefeafe000 	C:\Windows\system32\LPK.dll
0x000007fefdb60000 - 0x000007fefdc2b000 	C:\Windows\system32\USP10.dll
0x000007fefc900000 - 0x000007fefcaf5000 	C:\Windows\WinSxS\amd64_microsoft.windows.common-controls_6595b64144ccf1df_6.0.7601.24483_none_e372d88f30fbb845\COMCTL32.dll
0x000007feff5a0000 - 0x000007feff611000 	C:\Windows\system32\SHLWAPI.dll
0x000007fefeee0000 - 0x000007fefef0e000 	C:\Windows\system32\IMM32.DLL
0x000007fefd6d0000 - 0x000007fefd7db000 	C:\Windows\system32\MSCTF.dll
0x0000000072cd0000 - 0x0000000072da2000 	C:\Program Files\Java\jdk1.8.0_191\jre\bin\msvcr100.dll
0x000000005bea0000 - 0x000000005c744000 	C:\Program Files\Java\jdk1.8.0_191\jre\bin\server\jvm.dll
0x000007fef89d0000 - 0x000007fef89d9000 	C:\Windows\system32\WSOCK32.dll
0x000007fefee90000 - 0x000007fefeedd000 	C:\Windows\system32\WS2_32.dll
0x000007fefd2e0000 - 0x000007fefd2e8000 	C:\Windows\system32\NSI.dll
0x000007fefa640000 - 0x000007fefa67b000 	C:\Windows\system32\WINMM.dll
0x000007fefc610000 - 0x000007fefc61c000 	C:\Windows\system32\VERSION.dll
0x00000000774d0000 - 0x00000000774d7000 	C:\Windows\system32\PSAPI.DLL
0x0000000072ee0000 - 0x0000000072eef000 	C:\Program Files\Java\jdk1.8.0_191\jre\bin\verify.dll
0x0000000072c60000 - 0x0000000072c89000 	C:\Program Files\Java\jdk1.8.0_191\jre\bin\java.dll
0x0000000072c40000 - 0x0000000072c56000 	C:\Program Files\Java\jdk1.8.0_191\jre\bin\zip.dll
0x000007fefdc30000 - 0x000007fefe9bb000 	C:\Windows\system32\SHELL32.dll
0x000007fefd8e0000 - 0x000007fefdadf000 	C:\Windows\system32\ole32.dll
0x000007fefce90000 - 0x000007fefce9f000 	C:\Windows\system32\profapi.dll
0x000007fef7950000 - 0x000007fef7a75000 	C:\Windows\system32\dbghelp.dll

VM Arguments:
jvm_args: -Dfile.encoding=UTF-8 
java_command: tunnelrat.TunnelRatDriver
java_class_path (initial): C:\Users\Thewbacca\workspace\jmathplot-master\jfreechart-1.0.19.jar;C:\Users\Thewbacca\workspace\jmathplot-master\jcommon-1.0.23.jar;C:\Users\Thewbacca\workspace\jmathplot-master\jfreechart-1.0.19-swt.jar;C:\Users\Thewbacca\workspace\jmathplot-master\jmathplot.jar;C:\Users\Thewbacca\workspace\jmathplot-master\jfreechart-1.5.0-javadoc.jar;C:\Users\Thewbacca\workspace\jmathplot-master\src\main\java\org;C:\Users\Thewbacca\workspace\TunnelRat\build\classes
Launcher Type: SUN_STANDARD

Environment Variables:
JAVA_HOME=C:\Program Files\Java\jdk1.8.0_191
USERNAME=Thewbacca
OS=Windows_NT
PROCESSOR_IDENTIFIER=Intel64 Family 6 Model 58 Stepping 9, GenuineIntel



---------------  S Y S T E M  ---------------

OS: Windows 7 , 64 bit Build 7601 (6.1.7601.24545)

CPU:total 4 (initial active 4) (4 cores per cpu, 1 threads per core) family 6 model 58 stepping 9, cmov, cx8, fxsr, mmx, sse, sse2, sse3, ssse3, sse4.1, sse4.2, popcnt, avx, aes, clmul, erms, tsc, tscinvbit, tscinv

Memory: 4k page, physical 8336384k(1268084k free), swap 16670868k(6415824k free)

vm_info: Java HotSpot(TM) 64-Bit Server VM (25.191-b12) for windows-amd64 JRE (1.8.0_191-b12), built on Oct  6 2018 09:29:03 by "java_re" with MS VC++ 10.0 (VS2010)

time: Thu May 21 18:26:19 2020
elapsed time: 4 seconds (0d 0h 0m 4s)

