#
# A fatal error has been detected by the Java Runtime Environment:
#
#  EXCEPTION_ACCESS_VIOLATION (0xc0000005) at pc=0x000000005eaa3e46, pid=4388, tid=0x0000000000002550
#
# JRE version: Java(TM) SE Runtime Environment (8.0_191-b12) (build 1.8.0_191-b12)
# Java VM: Java HotSpot(TM) 64-Bit Server VM (25.191-b12 mixed mode windows-amd64 compressed oops)
# Problematic frame:
# V  [jvm.dll+0x113e46]
#
# Failed to write core dump. Minidumps are not enabled by default on client versions of Windows
#
# If you would like to submit a bug report, please visit:
#   http://bugreport.java.com/bugreport/crash.jsp
#

---------------  T H R E A D  ---------------

Current thread (0x000000001c175800):  JavaThread "C2 CompilerThread0" daemon [_thread_in_vm, id=9552, stack(0x000000001cf50000,0x000000001d050000)]

siginfo: ExceptionCode=0xc0000005, reading address 0x0000000000000080

Registers:
RAX=0x0000000000000080, RBX=0x00000007c0048e88, RCX=0x0000000000000080, RDX=0x00000007c0048e88
RSP=0x000000001d04d570, RBP=0x000000001d3cfcb0, RSI=0x00000007c0048e88, RDI=0x00000007c0048e88
R8 =0x000000005ef96790, R9 =0x000000000000006b, R10=0x000000001d3cfee0, R11=0x000000001d4fbdf0
R12=0x000000001c175800, R13=0x000000001d3cfcb0, R14=0x000000001d6440b0, R15=0x00000007c0048e88
RIP=0x000000005eaa3e46, EFLAGS=0x0000000000010202

Top of Stack: (sp=0x000000001d04d570)
0x000000001d04d570:   000000001e7e9510 000000001d3d1840
0x000000001d04d580:   000000001e7ec058 000000005e9d828a
0x000000001d04d590:   00000007c0048e88 000000005eaa4280
0x000000001d04d5a0:   000000001e7ec268 000000001e7ec268
0x000000001d04d5b0:   000000001d3cfcb0 000000005e9d3694
0x000000001d04d5c0:   000000001d3cfcb0 000000001d647d80
0x000000001d04d5d0:   000000001d6440b0 000000001c175800
0x000000001d04d5e0:   00000007c0048e88 000000005eaa5dc9
0x000000001d04d5f0:   000000001d5005c0 000000001d3cfcb0
0x000000001d04d600:   00000007c0048e88 00000007c0048e88
0x000000001d04d610:   0000000000000000 000000005e9c503b
0x000000001d04d620:   00000007c004bf70 000000005eece73e
0x000000001d04d630:   000000001e7ec268 000000001d6479b0
0x000000001d04d640:   000000001d3d1840 000000001c175800
0x000000001d04d650:   0000000000000000 000000005e9d370c
0x000000001d04d660:   00000007c0048e88 00000007c004bf70 

Instructions: (pc=0x000000005eaa3e46)
0x000000005eaa3e26:   3c c8 48 ff 43 58 48 8b 5c 24 30 48 83 c4 20 5f
0x000000005eaa3e36:   c3 cc cc cc cc cc cc cc cc cc 40 53 48 83 ec 20
0x000000005eaa3e46:   48 8b 01 ff 90 b0 00 00 00 48 8b d8 48 85 c0 74
0x000000005eaa3e56:   48 48 8b 08 80 e1 03 80 f9 03 74 3d 48 8b c8 e8 


Register to memory mapping:

RAX=0x0000000000000080 is an unknown value
RBX=0x00000007c0048e88 is pointing into metadata
RCX=0x0000000000000080 is an unknown value
RDX=0x00000007c0048e88 is pointing into metadata
RSP=0x000000001d04d570 is pointing into the stack for thread: 0x000000001c175800
RBP=0x000000001d3cfcb0 is an unknown value
RSI=0x00000007c0048e88 is pointing into metadata
RDI=0x00000007c0048e88 is pointing into metadata
R8 =0x000000005ef96790 is an unknown value
R9 =0x000000000000006b is an unknown value
R10=0x000000001d3cfee0 is an unknown value
R11=0x000000001d4fbdf0 is an unknown value
R12=0x000000001c175800 is a thread
R13=0x000000001d3cfcb0 is an unknown value
R14=0x000000001d6440b0 is an unknown value
R15=0x00000007c0048e88 is pointing into metadata


Stack: [0x000000001cf50000,0x000000001d050000],  sp=0x000000001d04d570,  free space=1013k
Native frames: (J=compiled Java code, j=interpreted, Vv=VM code, C=native code)
V  [jvm.dll+0x113e46]
V  [jvm.dll+0x114280]
V  [jvm.dll+0x115dc9]
V  [jvm.dll+0x4370c]
V  [jvm.dll+0x43a99]
V  [jvm.dll+0x3f780]
V  [jvm.dll+0x406e1]
V  [jvm.dll+0x3b451]
V  [jvm.dll+0x5063e4]
V  [jvm.dll+0x45d0c0]
V  [jvm.dll+0x45d7fa]
V  [jvm.dll+0x4829b6]
V  [jvm.dll+0x50d32d]
V  [jvm.dll+0x505e17]
V  [jvm.dll+0x506199]
V  [jvm.dll+0x50672f]
V  [jvm.dll+0x45d0c0]
V  [jvm.dll+0x479675]
V  [jvm.dll+0x45c162]
V  [jvm.dll+0xa6c82]
V  [jvm.dll+0xa75cf]
V  [jvm.dll+0x2461df]
V  [jvm.dll+0x29eb9a]
C  [msvcr100.dll+0x21d9f]
C  [msvcr100.dll+0x21e3b]
C  [kernel32.dll+0x1556d]
C  [ntdll.dll+0x5372d]


Current CompileTask:
C2:  29977 1121       4       java.util.regex.Pattern$BranchConn::match (11 bytes)


---------------  P R O C E S S  ---------------

Java Threads: ( => current thread )
  0x000000001d431000 JavaThread "Service Thread" daemon [_thread_blocked, id=10348, stack(0x000000001d7d0000,0x000000001d8d0000)]
  0x000000001d3ad000 JavaThread "C1 CompilerThread2" daemon [_thread_blocked, id=4928, stack(0x000000001de90000,0x000000001df90000)]
  0x000000001c17e800 JavaThread "C2 CompilerThread1" daemon [_thread_blocked, id=9952, stack(0x000000001dcd0000,0x000000001ddd0000)]
=>0x000000001c175800 JavaThread "C2 CompilerThread0" daemon [_thread_in_vm, id=9552, stack(0x000000001cf50000,0x000000001d050000)]
  0x000000001c172000 JavaThread "Attach Listener" daemon [_thread_blocked, id=11944, stack(0x000000001db60000,0x000000001dc60000)]
  0x000000001d3ab000 JavaThread "Signal Dispatcher" daemon [_thread_blocked, id=9556, stack(0x000000001d950000,0x000000001da50000)]
  0x000000001c15b800 JavaThread "Finalizer" daemon [_thread_blocked, id=12388, stack(0x000000001d2a0000,0x000000001d3a0000)]
  0x000000001c154000 JavaThread "Reference Handler" daemon [_thread_blocked, id=9004, stack(0x000000001d180000,0x000000001d280000)]
  0x0000000002098000 JavaThread "main" [_thread_blocked, id=7976, stack(0x00000000023d0000,0x00000000024d0000)]

Other Threads:
  0x000000001c10c800 VMThread [stack: 0x000000001d050000,0x000000001d150000] [id=6160]
  0x000000001d437800 WatcherThread [stack: 0x000000001e0c0000,0x000000001e1c0000] [id=5388]

VM state:synchronizing (normal execution)

VM Mutex/Monitor currently owned by a thread:  ([mutex/lock_event])
[0x00000000003ae100] Threads_lock - owner thread: 0x000000001c10c800
[0x00000000003ae600] Heap_lock - owner thread: 0x0000000002098000

Heap:
 PSYoungGen      total 53248K, used 52960K [0x000000076af00000, 0x000000079c600000, 0x00000007c0000000)
  eden space 52736K, 100% used [0x000000076af00000,0x000000076e280000,0x000000076e280000)
  from space 512K, 43% used [0x000000079c580000,0x000000079c5b8000,0x000000079c600000)
  to   space 512K, 0% used [0x000000079c500000,0x000000079c500000,0x000000079c580000)
 ParOldGen       total 175104K, used 17165K [0x00000006c0c00000, 0x00000006cb700000, 0x000000076af00000)
  object space 175104K, 9% used [0x00000006c0c00000,0x00000006c1cc3478,0x00000006cb700000)
 Metaspace       used 4577K, capacity 4736K, committed 4864K, reserved 1056768K
  class space    used 436K, capacity 496K, committed 512K, reserved 1048576K

Card table byte_map: [0x0000000011b60000,0x0000000012360000] byte_map_base: 0x000000000e55a000

Marking Bits: (ParMarkBitMap*) 0x000000005f1b3e30
 Begin Bits: [0x0000000012fe0000, 0x0000000016fb0000)
 End Bits:   [0x0000000016fb0000, 0x000000001af80000)

Polling page: 0x0000000000330000

CodeCache: size=245760Kb used=5567Kb max_used=5579Kb free=240192Kb
 bounds [0x00000000027a0000, 0x0000000002d20000, 0x00000000117a0000]
 total_blobs=1356 nmethods=1082 adapters=187
 compilation: enabled

Compilation events (10 events):
Event: 29.939 Thread 0x000000001c17e800 nmethod 1120 0x0000000002cfa610 code [0x0000000002cfa760, 0x0000000002cfa7e8]
Event: 29.939 Thread 0x000000001c175800 1121       4       java.util.regex.Pattern$BranchConn::match (11 bytes)
Event: 29.939 Thread 0x000000001d3ad000 1124   !   3       java.io.PrintStream::write (83 bytes)
Event: 29.940 Thread 0x000000001d3ad000 nmethod 1124 0x0000000002cfef10 code [0x0000000002cff140, 0x0000000002cffd08]
Event: 29.940 Thread 0x000000001d3ad000 1125   !   3       java.io.PrintStream::newLine (73 bytes)
Event: 29.940 Thread 0x000000001d3ad000 nmethod 1125 0x0000000002cfbed0 code [0x0000000002cfc0e0, 0x0000000002cfcb18]
Event: 29.940 Thread 0x000000001d3ad000 1122       3       sun.misc.FloatingDecimal::appendTo (11 bytes)
Event: 29.940 Thread 0x000000001d3ad000 nmethod 1122 0x0000000002cfe9d0 code [0x0000000002cfeb40, 0x0000000002cfedd8]
Event: 29.940 Thread 0x000000001d3ad000 1123       3       sun.misc.FloatingDecimal::getBinaryToASCIIConverter (6 bytes)
Event: 29.940 Thread 0x000000001d3ad000 nmethod 1123 0x0000000002cfe650 code [0x0000000002cfe7c0, 0x0000000002cfe928]

GC Heap History (10 events):
Event: 29.429 GC heap before
{Heap before GC invocations=114 (full 0):
 PSYoungGen      total 58368K, used 57984K [0x000000076af00000, 0x000000079c600000, 0x00000007c0000000)
  eden space 57856K, 100% used [0x000000076af00000,0x000000076e780000,0x000000076e780000)
  from space 512K, 25% used [0x000000079c500000,0x000000079c520000,0x000000079c580000)
  to   space 512K, 0% used [0x000000079c580000,0x000000079c580000,0x000000079c600000)
 ParOldGen       total 175104K, used 16869K [0x00000006c0c00000, 0x00000006cb700000, 0x000000076af00000)
  object space 175104K, 9% used [0x00000006c0c00000,0x00000006c1c79478,0x00000006cb700000)
 Metaspace       used 4250K, capacity 4704K, committed 4864K, reserved 1056768K
  class space    used 422K, capacity 464K, committed 512K, reserved 1048576K
Event: 29.430 GC heap after
Heap after GC invocations=114 (full 0):
 PSYoungGen      total 57344K, used 64K [0x000000076af00000, 0x000000079c600000, 0x00000007c0000000)
  eden space 56832K, 0% used [0x000000076af00000,0x000000076af00000,0x000000076e680000)
  from space 512K, 12% used [0x000000079c580000,0x000000079c590000,0x000000079c600000)
  to   space 512K, 0% used [0x000000079c500000,0x000000079c500000,0x000000079c580000)
 ParOldGen       total 175104K, used 16909K [0x00000006c0c00000, 0x00000006cb700000, 0x000000076af00000)
  object space 175104K, 9% used [0x00000006c0c00000,0x00000006c1c83478,0x00000006cb700000)
 Metaspace       used 4250K, capacity 4704K, committed 4864K, reserved 1056768K
  class space    used 422K, capacity 464K, committed 512K, reserved 1048576K
}
Event: 29.511 GC heap before
{Heap before GC invocations=115 (full 0):
 PSYoungGen      total 57344K, used 56896K [0x000000076af00000, 0x000000079c600000, 0x00000007c0000000)
  eden space 56832K, 100% used [0x000000076af00000,0x000000076e680000,0x000000076e680000)
  from space 512K, 12% used [0x000000079c580000,0x000000079c590000,0x000000079c600000)
  to   space 512K, 0% used [0x000000079c500000,0x000000079c500000,0x000000079c580000)
 ParOldGen       total 175104K, used 16909K [0x00000006c0c00000, 0x00000006cb700000, 0x000000076af00000)
  object space 175104K, 9% used [0x00000006c0c00000,0x00000006c1c83478,0x00000006cb700000)
 Metaspace       used 4250K, capacity 4704K, committed 4864K, reserved 1056768K
  class space    used 422K, capacity 464K, committed 512K, reserved 1048576K
Event: 29.511 GC heap after
Heap after GC invocations=115 (full 0):
 PSYoungGen      total 56320K, used 128K [0x000000076af00000, 0x000000079c600000, 0x00000007c0000000)
  eden space 55808K, 0% used [0x000000076af00000,0x000000076af00000,0x000000076e580000)
  from space 512K, 25% used [0x000000079c500000,0x000000079c520000,0x000000079c580000)
  to   space 512K, 0% used [0x000000079c580000,0x000000079c580000,0x000000079c600000)
 ParOldGen       total 175104K, used 16965K [0x00000006c0c00000, 0x00000006cb700000, 0x000000076af00000)
  object space 175104K, 9% used [0x00000006c0c00000,0x00000006c1c91478,0x00000006cb700000)
 Metaspace       used 4250K, capacity 4704K, committed 4864K, reserved 1056768K
  class space    used 422K, capacity 464K, committed 512K, reserved 1048576K
}
Event: 29.634 GC heap before
{Heap before GC invocations=116 (full 0):
 PSYoungGen      total 56320K, used 55936K [0x000000076af00000, 0x000000079c600000, 0x00000007c0000000)
  eden space 55808K, 100% used [0x000000076af00000,0x000000076e580000,0x000000076e580000)
  from space 512K, 25% used [0x000000079c500000,0x000000079c520000,0x000000079c580000)
  to   space 512K, 0% used [0x000000079c580000,0x000000079c580000,0x000000079c600000)
 ParOldGen       total 175104K, used 16965K [0x00000006c0c00000, 0x00000006cb700000, 0x000000076af00000)
  object space 175104K, 9% used [0x00000006c0c00000,0x00000006c1c91478,0x00000006cb700000)
 Metaspace       used 4250K, capacity 4704K, committed 4864K, reserved 1056768K
  class space    used 422K, capacity 464K, committed 512K, reserved 1048576K
Event: 29.634 GC heap after
Heap after GC invocations=116 (full 0):
 PSYoungGen      total 55296K, used 128K [0x000000076af00000, 0x000000079c600000, 0x00000007c0000000)
  eden space 54784K, 0% used [0x000000076af00000,0x000000076af00000,0x000000076e480000)
  from space 512K, 25% used [0x000000079c580000,0x000000079c5a0000,0x000000079c600000)
  to   space 512K, 0% used [0x000000079c500000,0x000000079c500000,0x000000079c580000)
 ParOldGen       total 175104K, used 17029K [0x00000006c0c00000, 0x00000006cb700000, 0x000000076af00000)
  object space 175104K, 9% used [0x00000006c0c00000,0x00000006c1ca1478,0x00000006cb700000)
 Metaspace       used 4250K, capacity 4704K, committed 4864K, reserved 1056768K
  class space    used 422K, capacity 464K, committed 512K, reserved 1048576K
}
Event: 29.742 GC heap before
{Heap before GC invocations=117 (full 0):
 PSYoungGen      total 55296K, used 54912K [0x000000076af00000, 0x000000079c600000, 0x00000007c0000000)
  eden space 54784K, 100% used [0x000000076af00000,0x000000076e480000,0x000000076e480000)
  from space 512K, 25% used [0x000000079c580000,0x000000079c5a0000,0x000000079c600000)
  to   space 512K, 0% used [0x000000079c500000,0x000000079c500000,0x000000079c580000)
 ParOldGen       total 175104K, used 17029K [0x00000006c0c00000, 0x00000006cb700000, 0x000000076af00000)
  object space 175104K, 9% used [0x00000006c0c00000,0x00000006c1ca1478,0x00000006cb700000)
 Metaspace       used 4250K, capacity 4704K, committed 4864K, reserved 1056768K
  class space    used 422K, capacity 464K, committed 512K, reserved 1048576K
Event: 29.742 GC heap after
Heap after GC invocations=117 (full 0):
 PSYoungGen      total 54272K, used 128K [0x000000076af00000, 0x000000079c600000, 0x00000007c0000000)
  eden space 53760K, 0% used [0x000000076af00000,0x000000076af00000,0x000000076e380000)
  from space 512K, 25% used [0x000000079c500000,0x000000079c520000,0x000000079c580000)
  to   space 512K, 0% used [0x000000079c580000,0x000000079c580000,0x000000079c600000)
 ParOldGen       total 175104K, used 17109K [0x00000006c0c00000, 0x00000006cb700000, 0x000000076af00000)
  object space 175104K, 9% used [0x00000006c0c00000,0x00000006c1cb5478,0x00000006cb700000)
 Metaspace       used 4250K, capacity 4704K, committed 4864K, reserved 1056768K
  class space    used 422K, capacity 464K, committed 512K, reserved 1048576K
}
Event: 29.857 GC heap before
{Heap before GC invocations=118 (full 0):
 PSYoungGen      total 54272K, used 53888K [0x000000076af00000, 0x000000079c600000, 0x00000007c0000000)
  eden space 53760K, 100% used [0x000000076af00000,0x000000076e380000,0x000000076e380000)
  from space 512K, 25% used [0x000000079c500000,0x000000079c520000,0x000000079c580000)
  to   space 512K, 0% used [0x000000079c580000,0x000000079c580000,0x000000079c600000)
 ParOldGen       total 175104K, used 17109K [0x00000006c0c00000, 0x00000006cb700000, 0x000000076af00000)
  object space 175104K, 9% used [0x00000006c0c00000,0x00000006c1cb5478,0x00000006cb700000)
 Metaspace       used 4349K, capacity 4704K, committed 4864K, reserved 1056768K
  class space    used 427K, capacity 464K, committed 512K, reserved 1048576K
Event: 29.858 GC heap after
Heap after GC invocations=118 (full 0):
 PSYoungGen      total 53248K, used 224K [0x000000076af00000, 0x000000079c600000, 0x00000007c0000000)
  eden space 52736K, 0% used [0x000000076af00000,0x000000076af00000,0x000000076e280000)
  from space 512K, 43% used [0x000000079c580000,0x000000079c5b8000,0x000000079c600000)
  to   space 512K, 0% used [0x000000079c500000,0x000000079c500000,0x000000079c580000)
 ParOldGen       total 175104K, used 17165K [0x00000006c0c00000, 0x00000006cb700000, 0x000000076af00000)
  object space 175104K, 9% used [0x00000006c0c00000,0x00000006c1cc3478,0x00000006cb700000)
 Metaspace       used 4349K, capacity 4704K, committed 4864K, reserved 1056768K
  class space    used 427K, capacity 464K, committed 512K, reserved 1048576K
}

Deoptimization events (10 events):
Event: 29.905 Thread 0x0000000002098000 Uncommon trap: reason=unstable_if action=reinterpret pc=0x0000000002b778d8 method=java.lang.AbstractStringBuilder.append(Ljava/lang/CharSequence;)Ljava/lang/AbstractStringBuilder; @ 13
Event: 29.905 Thread 0x0000000002098000 Uncommon trap: reason=class_check action=maybe_recompile pc=0x0000000002c020a8 method=java.util.regex.Pattern$Curly.match(Ljava/util/regex/Matcher;ILjava/lang/CharSequence;)Z @ 19
Event: 29.905 Thread 0x0000000002098000 Uncommon trap: reason=bimorphic action=maybe_recompile pc=0x0000000002bf9ba8 method=java.util.regex.Pattern$Curly.match0(Ljava/util/regex/Matcher;IILjava/lang/CharSequence;)Z @ 31
Event: 29.905 Thread 0x0000000002098000 Uncommon trap: reason=class_check action=maybe_recompile pc=0x0000000002a4a39c method=java.util.regex.Pattern$Branch.match(Ljava/util/regex/Matcher;ILjava/lang/CharSequence;)Z @ 32
Event: 29.905 Thread 0x0000000002098000 Uncommon trap: reason=bimorphic action=maybe_recompile pc=0x0000000002c02984 method=java.util.regex.Pattern$Curly.match0(Ljava/util/regex/Matcher;IILjava/lang/CharSequence;)Z @ 31
Event: 29.905 Thread 0x0000000002098000 Uncommon trap: reason=bimorphic action=maybe_recompile pc=0x0000000002b70e0c method=java.util.regex.Pattern$BranchConn.match(Ljava/util/regex/Matcher;ILjava/lang/CharSequence;)Z @ 7
Event: 29.905 Thread 0x0000000002098000 Uncommon trap: reason=bimorphic action=maybe_recompile pc=0x0000000002b70e0c method=java.util.regex.Pattern$BranchConn.match(Ljava/util/regex/Matcher;ILjava/lang/CharSequence;)Z @ 7
Event: 29.905 Thread 0x0000000002098000 Uncommon trap: reason=bimorphic action=maybe_recompile pc=0x0000000002bb5654 method=java.util.regex.Pattern$CharProperty.match(Ljava/util/regex/Matcher;ILjava/lang/CharSequence;)Z @ 37
Event: 29.907 Thread 0x0000000002098000 Uncommon trap: reason=bimorphic action=maybe_recompile pc=0x0000000002bb5654 method=java.util.regex.Pattern$CharProperty.match(Ljava/util/regex/Matcher;ILjava/lang/CharSequence;)Z @ 37
Event: 29.907 Thread 0x0000000002098000 Uncommon trap: reason=bimorphic action=maybe_recompile pc=0x0000000002bb5654 method=java.util.regex.Pattern$CharProperty.match(Ljava/util/regex/Matcher;ILjava/lang/CharSequence;)Z @ 37

Classes redefined (0 events):
No events

Internal exceptions (7 events):
Event: 0.022 Thread 0x0000000002098000 Exception <a 'java/lang/NoSuchMethodError': Method sun.misc.Unsafe.defineClass(Ljava/lang/String;[BII)Ljava/lang/Class; name or signature does not match> (0x000000076af07cb0) thrown at [C:\re\workspace\8-2-build-windows-amd64-cygwin\jdk8u191\11896\hotspot
Event: 0.022 Thread 0x0000000002098000 Exception <a 'java/lang/NoSuchMethodError': Method sun.misc.Unsafe.prefetchRead(Ljava/lang/Object;J)V name or signature does not match> (0x000000076af07f98) thrown at [C:\re\workspace\8-2-build-windows-amd64-cygwin\jdk8u191\11896\hotspot\src\share\vm\prim
Event: 0.081 Thread 0x0000000002098000 Exception <a 'java/security/PrivilegedActionException'> (0x000000076b012d60) thrown at [C:\re\workspace\8-2-build-windows-amd64-cygwin\jdk8u191\11896\hotspot\src\share\vm\prims\jvm.cpp, line 1435]
Event: 0.081 Thread 0x0000000002098000 Exception <a 'java/security/PrivilegedActionException'> (0x000000076b013158) thrown at [C:\re\workspace\8-2-build-windows-amd64-cygwin\jdk8u191\11896\hotspot\src\share\vm\prims\jvm.cpp, line 1435]
Event: 0.082 Thread 0x0000000002098000 Exception <a 'java/security/PrivilegedActionException'> (0x000000076b017250) thrown at [C:\re\workspace\8-2-build-windows-amd64-cygwin\jdk8u191\11896\hotspot\src\share\vm\prims\jvm.cpp, line 1435]
Event: 0.082 Thread 0x0000000002098000 Exception <a 'java/security/PrivilegedActionException'> (0x000000076b017648) thrown at [C:\re\workspace\8-2-build-windows-amd64-cygwin\jdk8u191\11896\hotspot\src\share\vm\prims\jvm.cpp, line 1435]
Event: 29.835 Thread 0x0000000002098000 Implicit null exception at 0x0000000002a769cc to 0x0000000002a7738d

Events (10 events):
Event: 29.906 loading class sun/misc/FloatingDecimal$ASCIIToBinaryConverter done
Event: 29.906 loading class sun/misc/FloatingDecimal$PreparedASCIIToBinaryBuffer done
Event: 29.906 loading class sun/misc/FDBigInteger
Event: 29.906 loading class sun/misc/FDBigInteger done
Event: 29.907 Thread 0x0000000002098000 Uncommon trap: trap_request=0xffffffc6 fr.pc=0x0000000002bb5654
Event: 29.907 Thread 0x0000000002098000 DEOPT PACKING pc=0x0000000002bb5654 sp=0x00000000024ce5f0
Event: 29.907 Thread 0x0000000002098000 DEOPT UNPACKING pc=0x00000000027e583b sp=0x00000000024ce588 mode 2
Event: 29.907 Thread 0x0000000002098000 Uncommon trap: trap_request=0xffffffc6 fr.pc=0x0000000002bb5654
Event: 29.907 Thread 0x0000000002098000 DEOPT PACKING pc=0x0000000002bb5654 sp=0x00000000024ce5f0
Event: 29.907 Thread 0x0000000002098000 DEOPT UNPACKING pc=0x00000000027e583b sp=0x00000000024ce588 mode 2


Dynamic libraries:
0x000000013f810000 - 0x000000013f847000 	C:\Program Files\Java\jdk1.8.0_191\bin\java.exe
0x0000000077440000 - 0x00000000775df000 	C:\Windows\SYSTEM32\ntdll.dll
0x0000000077220000 - 0x000000007733f000 	C:\Windows\system32\kernel32.dll
0x000007fefcfb0000 - 0x000007fefd017000 	C:\Windows\system32\KERNELBASE.dll
0x000007fefdc90000 - 0x000007fefdd6b000 	C:\Windows\system32\ADVAPI32.dll
0x000007feff160000 - 0x000007feff1ff000 	C:\Windows\system32\msvcrt.dll
0x000007fefdc50000 - 0x000007fefdc6f000 	C:\Windows\SYSTEM32\sechost.dll
0x000007fefefc0000 - 0x000007feff0ec000 	C:\Windows\system32\RPCRT4.dll
0x0000000077340000 - 0x000000007743b000 	C:\Windows\system32\USER32.dll
0x000007feff0f0000 - 0x000007feff157000 	C:\Windows\system32\GDI32.dll
0x000007feff200000 - 0x000007feff20e000 	C:\Windows\system32\LPK.dll
0x000007fefd350000 - 0x000007fefd41b000 	C:\Windows\system32\USP10.dll
0x000007fefca10000 - 0x000007fefcc05000 	C:\Windows\WinSxS\amd64_microsoft.windows.common-controls_6595b64144ccf1df_6.0.7601.24483_none_e372d88f30fbb845\COMCTL32.dll
0x000007fefef40000 - 0x000007fefefb1000 	C:\Windows\system32\SHLWAPI.dll
0x000007fefee90000 - 0x000007fefeebe000 	C:\Windows\system32\IMM32.DLL
0x000007feff210000 - 0x000007feff31b000 	C:\Windows\system32\MSCTF.dll
0x0000000064040000 - 0x0000000064112000 	C:\Program Files\Java\jdk1.8.0_191\jre\bin\msvcr100.dll
0x000000005e990000 - 0x000000005f234000 	C:\Program Files\Java\jdk1.8.0_191\jre\bin\server\jvm.dll
0x000007fef9ce0000 - 0x000007fef9ce9000 	C:\Windows\system32\WSOCK32.dll
0x000007fefeb70000 - 0x000007fefebbd000 	C:\Windows\system32\WS2_32.dll
0x000007fefeb60000 - 0x000007fefeb68000 	C:\Windows\system32\NSI.dll
0x000007fefa4d0000 - 0x000007fefa50b000 	C:\Windows\system32\WINMM.dll
0x000007fefb880000 - 0x000007fefb88c000 	C:\Windows\system32\VERSION.dll
0x00000000775e0000 - 0x00000000775e7000 	C:\Windows\system32\PSAPI.DLL
0x0000000063ff0000 - 0x0000000063fff000 	C:\Program Files\Java\jdk1.8.0_191\jre\bin\verify.dll
0x0000000063fc0000 - 0x0000000063fe9000 	C:\Program Files\Java\jdk1.8.0_191\jre\bin\java.dll
0x0000000063fa0000 - 0x0000000063fb6000 	C:\Program Files\Java\jdk1.8.0_191\jre\bin\zip.dll
0x000007fefdd70000 - 0x000007fefeafb000 	C:\Windows\system32\SHELL32.dll
0x000007fefd9b0000 - 0x000007fefdbaf000 	C:\Windows\system32\ole32.dll
0x000007fefcf90000 - 0x000007fefcf9f000 	C:\Windows\system32\profapi.dll
0x000007fef8c30000 - 0x000007fef8d55000 	C:\Windows\system32\dbghelp.dll

VM Arguments:
jvm_args: -Dfile.encoding=UTF-8 
java_command: tunnelrat.TunnelRatDriver
java_class_path (initial): C:\Users\Thewbacca\workspace\jmathplot-master\jfreechart-1.0.19.jar;C:\Users\Thewbacca\workspace\jmathplot-master\jcommon-1.0.23.jar;C:\Users\Thewbacca\workspace\jmathplot-master\jfreechart-1.0.19-swt.jar;C:\Users\Thewbacca\workspace\jmathplot-master\jmathplot.jar;C:\Users\Thewbacca\workspace\jmathplot-master\jfreechart-1.5.0-javadoc.jar;C:\Users\Thewbacca\workspace\TunnelRat\build\classes
Launcher Type: SUN_STANDARD

Environment Variables:
JAVA_HOME=C:\Program Files\Java\jdk1.8.0_191
USERNAME=Thewbacca
OS=Windows_NT
PROCESSOR_IDENTIFIER=Intel64 Family 6 Model 58 Stepping 9, GenuineIntel



---------------  S Y S T E M  ---------------

OS: Windows 7 , 64 bit Build 7601 (6.1.7601.24545)

CPU:total 4 (initial active 4) (4 cores per cpu, 1 threads per core) family 6 model 58 stepping 9, cmov, cx8, fxsr, mmx, sse, sse2, sse3, ssse3, sse4.1, sse4.2, popcnt, avx, aes, clmul, erms, tsc, tscinvbit, tscinv

Memory: 4k page, physical 16724992k(4966004k free), swap 33448084k(18937680k free)

vm_info: Java HotSpot(TM) 64-Bit Server VM (25.191-b12) for windows-amd64 JRE (1.8.0_191-b12), built on Oct  6 2018 09:29:03 by "java_re" with MS VC++ 10.0 (VS2010)

time: Sun Jun 14 18:34:16 2020
elapsed time: 29 seconds (0d 0h 0m 29s)

