#
# A fatal error has been detected by the Java Runtime Environment:
#
#  EXCEPTION_ACCESS_VIOLATION (0xc0000005) at pc=0x00000000029ebd48, pid=4360, tid=0x00000000000009e4
#
# JRE version: Java(TM) SE Runtime Environment (8.0_191-b12) (build 1.8.0_191-b12)
# Java VM: Java HotSpot(TM) 64-Bit Server VM (25.191-b12 mixed mode windows-amd64 compressed oops)
# Problematic frame:
# J 283 C2 java.util.regex.Pattern.atom()Ljava/util/regex/Pattern$Node; (379 bytes) @ 0x00000000029ebd48 [0x00000000029ebc00+0x148]
#
# Failed to write core dump. Minidumps are not enabled by default on client versions of Windows
#
# If you would like to submit a bug report, please visit:
#   http://bugreport.java.com/bugreport/crash.jsp
#

---------------  T H R E A D  ---------------

Current thread (0x0000000002148000):  JavaThread "main" [_thread_in_Java, id=2532, stack(0x0000000002420000,0x0000000002520000)]

siginfo: ExceptionCode=0xc0000005, reading address 0xffffffffc0c093a6

Registers:
RAX=0x000000076f5f5510, RBX=0x000000076f5f5510, RCX=0x00000000edebeaab, RDX=0x0000000000000002
RSP=0x000000000251f2e0, RBP=0x0000000000000000, RSI=0x00000000ffffffff, RDI=0x0000000000000050
R8 =0x0000000000000000, R9 =0x0000000000000000, R10=0xffffffffc0c093a0, R11=0x0000000000000066
R12=0x0000000000000000, R13=0x00000000ffffffff, R14=0x000000076f5f5958, R15=0x0000000002148000
RIP=0x00000000029ebd48, EFLAGS=0x0000000000010246

Top of Stack: (sp=0x000000000251f2e0)
0x000000000251f2e0:   00000007c000d838 00000000d818ce8f
0x000000000251f2f0:   000000076f5f5b30 0000000002aa16e4
0x000000000251f300:   000000076f5f5510 0000004fedebeba2
0x000000000251f310:   00000007c004be58 000000076f5f5d40
0x000000000251f320:   000000076f5f5510 0000000000000007
0x000000000251f330:   0000000700000008 000000076f5f3bd0
0x000000000251f340:   000000076ed4e7f8 00000006c0c67388
0x000000000251f350:   0000000000000000 00000000029c10fc
0x000000000251f360:   000000076f5f5510 000000000000000c
0x000000000251f370:   0000000000000000 0000000000000000
0x000000000251f380:   00000000d818408b 000000076f5f5858
0x000000000251f390:   00000007c004be58 000000076f5f53e0
0x000000000251f3a0:   000000076f5f5510 0000000002a42dc4
0x000000000251f3b0:   0000000700000004 000000076f5eedec
0x000000000251f3c0:   00000001d818408b 000000076f5f48a0
0x000000000251f3d0:   000000076f5f5948 000000076f5f5cc0 

Instructions: (pc=0x00000000029ebd48)
0x00000000029ebd28:   44 8b 53 18 8b 4b 40 8b 74 24 2c 44 8b 6c 24 28
0x00000000029ebd38:   44 8b 44 24 50 44 8b 4b 34 41 83 fb 3f 0f 84 d1
0x00000000029ebd48:   04 00 00 41 8b c1 44 89 6c 24 28 44 89 54 24 2c
0x00000000029ebd58:   48 89 5c 24 20 45 8b d0 45 03 d0 45 8b cb 4d 63 


Register to memory mapping:

RAX=0x000000076f5f5510 is an oop
java.util.regex.Pattern 
 - klass: 'java/util/regex/Pattern'
RBX=0x000000076f5f5510 is an oop
java.util.regex.Pattern 
 - klass: 'java/util/regex/Pattern'
RCX=0x00000000edebeaab is an unknown value
RDX=0x0000000000000002 is an unknown value
RSP=0x000000000251f2e0 is pointing into the stack for thread: 0x0000000002148000
RBP=0x0000000000000000 is an unknown value
RSI=0x00000000ffffffff is an unknown value
RDI=0x0000000000000050 is an unknown value
R8 =0x0000000000000000 is an unknown value
R9 =0x0000000000000000 is an unknown value
R10=0xffffffffc0c093a0 is an unknown value
R11=0x0000000000000066 is an unknown value
R12=0x0000000000000000 is an unknown value
R13=0x00000000ffffffff is an unknown value
R14=0x000000076f5f5958 is an oop
java.util.regex.Pattern$Branch 
 - klass: 'java/util/regex/Pattern$Branch'
R15=0x0000000002148000 is a thread


Stack: [0x0000000002420000,0x0000000002520000],  sp=0x000000000251f2e0,  free space=1020k
Native frames: (J=compiled Java code, j=interpreted, Vv=VM code, C=native code)


---------------  P R O C E S S  ---------------

Java Threads: ( => current thread )
  0x000000001d506800 JavaThread "Service Thread" daemon [_thread_blocked, id=4776, stack(0x000000001e0d0000,0x000000001e1d0000)]
  0x000000001d481000 JavaThread "C1 CompilerThread2" daemon [_thread_blocked, id=5540, stack(0x000000001deb0000,0x000000001dfb0000)]
  0x000000001d47e000 JavaThread "C2 CompilerThread1" daemon [_thread_blocked, id=5416, stack(0x000000001dd10000,0x000000001de10000)]
  0x000000001be83800 JavaThread "C2 CompilerThread0" daemon [_thread_blocked, id=4624, stack(0x000000001dac0000,0x000000001dbc0000)]
  0x000000001be80000 JavaThread "Attach Listener" daemon [_thread_blocked, id=4188, stack(0x000000001d930000,0x000000001da30000)]
  0x000000001d47b000 JavaThread "Signal Dispatcher" daemon [_thread_blocked, id=764, stack(0x000000001d250000,0x000000001d350000)]
  0x000000001be6b800 JavaThread "Finalizer" daemon [_thread_blocked, id=3576, stack(0x000000001d370000,0x000000001d470000)]
  0x000000001be64000 JavaThread "Reference Handler" daemon [_thread_blocked, id=1476, stack(0x000000001d0f0000,0x000000001d1f0000)]
=>0x0000000002148000 JavaThread "main" [_thread_in_Java, id=2532, stack(0x0000000002420000,0x0000000002520000)]

Other Threads:
  0x000000001be1c800 VMThread [stack: 0x000000001cf80000,0x000000001d080000] [id=5556]
  0x000000001d509000 WatcherThread [stack: 0x000000001e230000,0x000000001e330000] [id=3912]

VM state:not at safepoint (normal execution)

VM Mutex/Monitor currently owned by a thread: None

Heap:
 PSYoungGen      total 958464K, used 77169K [0x000000076af00000, 0x00000007bca80000, 0x00000007c0000000)
  eden space 957440K, 7% used [0x000000076af00000,0x000000076f9cc780,0x00000007a5600000)
  from space 1024K, 56% used [0x00000007bc600000,0x00000007bc690000,0x00000007bc700000)
  to   space 2560K, 0% used [0x00000007bc800000,0x00000007bc800000,0x00000007bca80000)
 ParOldGen       total 175104K, used 9545K [0x00000006c0c00000, 0x00000006cb700000, 0x000000076af00000)
  object space 175104K, 5% used [0x00000006c0c00000,0x00000006c1552498,0x00000006cb700000)
 Metaspace       used 4257K, capacity 4660K, committed 4864K, reserved 1056768K
  class space    used 420K, capacity 432K, committed 512K, reserved 1048576K

Card table byte_map: [0x0000000011bb0000,0x00000000123b0000] byte_map_base: 0x000000000e5aa000

Marking Bits: (ParMarkBitMap*) 0x0000000068e23e30
 Begin Bits: [0x0000000012cf0000, 0x0000000016cc0000)
 End Bits:   [0x0000000016cc0000, 0x000000001ac90000)

Polling page: 0x0000000000130000

CodeCache: size=245760Kb used=5063Kb max_used=5076Kb free=240696Kb
 bounds [0x00000000027f0000, 0x0000000002cf0000, 0x00000000117f0000]
 total_blobs=1178 nmethods=916 adapters=175
 compilation: enabled

Compilation events (10 events):
Event: 19.077 Thread 0x000000001be83800  914       4       sun.util.calendar.ZoneInfo::getOffsets (276 bytes)
Event: 19.080 Thread 0x000000001be83800 nmethod 914 0x0000000002cbe710 code [0x0000000002cbe860, 0x0000000002cbecb8]
Event: 19.278 Thread 0x000000001d47e000  915       4       java.util.GregorianCalendar::getFixedDate (510 bytes)
Event: 19.281 Thread 0x000000001d47e000 nmethod 915 0x0000000002ce0dd0 code [0x0000000002ce0f40, 0x0000000002ce14e8]
Event: 19.356 Thread 0x000000001be83800  916       4       java.util.GregorianCalendar::computeFields (1571 bytes)
Event: 19.367 Thread 0x000000001be83800 nmethod 916 0x0000000002ce1dd0 code [0x0000000002ce1fa0, 0x0000000002ce2d60]
Event: 20.171 Thread 0x000000001d481000  917       3       java.util.GregorianCalendar::getFixedDate (510 bytes)
Event: 20.173 Thread 0x000000001d481000 nmethod 917 0x0000000002ce41d0 code [0x0000000002ce45c0, 0x0000000002ce7878]
Event: 20.555 Thread 0x000000001d47e000  918       4       java.util.GregorianCalendar::getFixedDate (510 bytes)
Event: 20.559 Thread 0x000000001d47e000 nmethod 918 0x0000000002ce9790 code [0x0000000002ce9920, 0x0000000002ce9f28]

GC Heap History (10 events):
Event: 14.248 GC heap before
{Heap before GC invocations=15 (full 0):
 PSYoungGen      total 1219072K, used 1218592K [0x000000076af00000, 0x00000007bcf80000, 0x00000007c0000000)
  eden space 1217536K, 100% used [0x000000076af00000,0x00000007b5400000,0x00000007b5400000)
  from space 1536K, 68% used [0x00000007bce00000,0x00000007bcf08000,0x00000007bcf80000)
  to   space 2560K, 0% used [0x00000007bca80000,0x00000007bca80000,0x00000007bcd00000)
 ParOldGen       total 175104K, used 5745K [0x00000006c0c00000, 0x00000006cb700000, 0x000000076af00000)
  object space 175104K, 3% used [0x00000006c0c00000,0x00000006c119c498,0x00000006cb700000)
 Metaspace       used 4257K, capacity 4660K, committed 4864K, reserved 1056768K
  class space    used 420K, capacity 432K, committed 512K, reserved 1048576K
Event: 14.250 GC heap after
Heap after GC invocations=15 (full 0):
 PSYoungGen      total 1161216K, used 800K [0x000000076af00000, 0x00000007bce80000, 0x00000007c0000000)
  eden space 1160192K, 0% used [0x000000076af00000,0x000000076af00000,0x00000007b1c00000)
  from space 1024K, 78% used [0x00000007bca80000,0x00000007bcb48000,0x00000007bcb80000)
  to   space 2560K, 0% used [0x00000007bcc00000,0x00000007bcc00000,0x00000007bce80000)
 ParOldGen       total 175104K, used 6753K [0x00000006c0c00000, 0x00000006cb700000, 0x000000076af00000)
  object space 175104K, 3% used [0x00000006c0c00000,0x00000006c1298498,0x00000006cb700000)
 Metaspace       used 4257K, capacity 4660K, committed 4864K, reserved 1056768K
  class space    used 420K, capacity 432K, committed 512K, reserved 1048576K
}
Event: 16.519 GC heap before
{Heap before GC invocations=16 (full 0):
 PSYoungGen      total 1161216K, used 1160992K [0x000000076af00000, 0x00000007bce80000, 0x00000007c0000000)
  eden space 1160192K, 100% used [0x000000076af00000,0x00000007b1c00000,0x00000007b1c00000)
  from space 1024K, 78% used [0x00000007bca80000,0x00000007bcb48000,0x00000007bcb80000)
  to   space 2560K, 0% used [0x00000007bcc00000,0x00000007bcc00000,0x00000007bce80000)
 ParOldGen       total 175104K, used 6753K [0x00000006c0c00000, 0x00000006cb700000, 0x000000076af00000)
  object space 175104K, 3% used [0x00000006c0c00000,0x00000006c1298498,0x00000006cb700000)
 Metaspace       used 4257K, capacity 4660K, committed 4864K, reserved 1056768K
  class space    used 420K, capacity 432K, committed 512K, reserved 1048576K
Event: 16.521 GC heap after
Heap after GC invocations=16 (full 0):
 PSYoungGen      total 1106432K, used 768K [0x000000076af00000, 0x00000007bcd00000, 0x00000007c0000000)
  eden space 1105408K, 0% used [0x000000076af00000,0x000000076af00000,0x00000007ae680000)
  from space 1024K, 75% used [0x00000007bcc00000,0x00000007bccc0000,0x00000007bcd00000)
  to   space 2560K, 0% used [0x00000007bc800000,0x00000007bc800000,0x00000007bca80000)
 ParOldGen       total 175104K, used 7505K [0x00000006c0c00000, 0x00000006cb700000, 0x000000076af00000)
  object space 175104K, 4% used [0x00000006c0c00000,0x00000006c1354498,0x00000006cb700000)
 Metaspace       used 4257K, capacity 4660K, committed 4864K, reserved 1056768K
  class space    used 420K, capacity 432K, committed 512K, reserved 1048576K
}
Event: 18.708 GC heap before
{Heap before GC invocations=17 (full 0):
 PSYoungGen      total 1106432K, used 1106176K [0x000000076af00000, 0x00000007bcd00000, 0x00000007c0000000)
  eden space 1105408K, 100% used [0x000000076af00000,0x00000007ae680000,0x00000007ae680000)
  from space 1024K, 75% used [0x00000007bcc00000,0x00000007bccc0000,0x00000007bcd00000)
  to   space 2560K, 0% used [0x00000007bc800000,0x00000007bc800000,0x00000007bca80000)
 ParOldGen       total 175104K, used 7505K [0x00000006c0c00000, 0x00000006cb700000, 0x000000076af00000)
  object space 175104K, 4% used [0x00000006c0c00000,0x00000006c1354498,0x00000006cb700000)
 Metaspace       used 4257K, capacity 4660K, committed 4864K, reserved 1056768K
  class space    used 420K, capacity 432K, committed 512K, reserved 1048576K
Event: 18.710 GC heap after
Heap after GC invocations=17 (full 0):
 PSYoungGen      total 1054720K, used 736K [0x000000076af00000, 0x00000007bcc80000, 0x00000007c0000000)
  eden space 1053696K, 0% used [0x000000076af00000,0x000000076af00000,0x00000007ab400000)
  from space 1024K, 71% used [0x00000007bc800000,0x00000007bc8b8000,0x00000007bc900000)
  to   space 2560K, 0% used [0x00000007bca00000,0x00000007bca00000,0x00000007bcc80000)
 ParOldGen       total 175104K, used 8217K [0x00000006c0c00000, 0x00000006cb700000, 0x000000076af00000)
  object space 175104K, 4% used [0x00000006c0c00000,0x00000006c1406498,0x00000006cb700000)
 Metaspace       used 4257K, capacity 4660K, committed 4864K, reserved 1056768K
  class space    used 420K, capacity 432K, committed 512K, reserved 1048576K
}
Event: 20.920 GC heap before
{Heap before GC invocations=18 (full 0):
 PSYoungGen      total 1054720K, used 1054432K [0x000000076af00000, 0x00000007bcc80000, 0x00000007c0000000)
  eden space 1053696K, 100% used [0x000000076af00000,0x00000007ab400000,0x00000007ab400000)
  from space 1024K, 71% used [0x00000007bc800000,0x00000007bc8b8000,0x00000007bc900000)
  to   space 2560K, 0% used [0x00000007bca00000,0x00000007bca00000,0x00000007bcc80000)
 ParOldGen       total 175104K, used 8217K [0x00000006c0c00000, 0x00000006cb700000, 0x000000076af00000)
  object space 175104K, 4% used [0x00000006c0c00000,0x00000006c1406498,0x00000006cb700000)
 Metaspace       used 4257K, capacity 4660K, committed 4864K, reserved 1056768K
  class space    used 420K, capacity 432K, committed 512K, reserved 1048576K
Event: 20.921 GC heap after
Heap after GC invocations=18 (full 0):
 PSYoungGen      total 1005568K, used 704K [0x000000076af00000, 0x00000007bcb00000, 0x00000007c0000000)
  eden space 1004544K, 0% used [0x000000076af00000,0x000000076af00000,0x00000007a8400000)
  from space 1024K, 68% used [0x00000007bca00000,0x00000007bcab0000,0x00000007bcb00000)
  to   space 2560K, 0% used [0x00000007bc600000,0x00000007bc600000,0x00000007bc880000)
 ParOldGen       total 175104K, used 8881K [0x00000006c0c00000, 0x00000006cb700000, 0x000000076af00000)
  object space 175104K, 5% used [0x00000006c0c00000,0x00000006c14ac498,0x00000006cb700000)
 Metaspace       used 4257K, capacity 4660K, committed 4864K, reserved 1056768K
  class space    used 420K, capacity 432K, committed 512K, reserved 1048576K
}
Event: 23.114 GC heap before
{Heap before GC invocations=19 (full 0):
 PSYoungGen      total 1005568K, used 1005248K [0x000000076af00000, 0x00000007bcb00000, 0x00000007c0000000)
  eden space 1004544K, 100% used [0x000000076af00000,0x00000007a8400000,0x00000007a8400000)
  from space 1024K, 68% used [0x00000007bca00000,0x00000007bcab0000,0x00000007bcb00000)
  to   space 2560K, 0% used [0x00000007bc600000,0x00000007bc600000,0x00000007bc880000)
 ParOldGen       total 175104K, used 8881K [0x00000006c0c00000, 0x00000006cb700000, 0x000000076af00000)
  object space 175104K, 5% used [0x00000006c0c00000,0x00000006c14ac498,0x00000006cb700000)
 Metaspace       used 4257K, capacity 4660K, committed 4864K, reserved 1056768K
  class space    used 420K, capacity 432K, committed 512K, reserved 1048576K
Event: 23.116 GC heap after
Heap after GC invocations=19 (full 0):
 PSYoungGen      total 958464K, used 576K [0x000000076af00000, 0x00000007bca80000, 0x00000007c0000000)
  eden space 957440K, 0% used [0x000000076af00000,0x000000076af00000,0x00000007a5600000)
  from space 1024K, 56% used [0x00000007bc600000,0x00000007bc690000,0x00000007bc700000)
  to   space 2560K, 0% used [0x00000007bc800000,0x00000007bc800000,0x00000007bca80000)
 ParOldGen       total 175104K, used 9545K [0x00000006c0c00000, 0x00000006cb700000, 0x000000076af00000)
  object space 175104K, 5% used [0x00000006c0c00000,0x00000006c1552498,0x00000006cb700000)
 Metaspace       used 4257K, capacity 4660K, committed 4864K, reserved 1056768K
  class space    used 420K, capacity 432K, committed 512K, reserved 1048576K
}

Deoptimization events (10 events):
Event: 2.526 Thread 0x0000000002148000 Uncommon trap: reason=unstable_if action=reinterpret pc=0x0000000002c3efac method=tunnelrat.TunnelRat.processPrice(Ljava/lang/String;)I @ 60
Event: 2.582 Thread 0x0000000002148000 Uncommon trap: reason=bimorphic action=maybe_recompile pc=0x0000000002ba5aa4 method=java.util.regex.Pattern$GroupCurly.match0(Ljava/util/regex/Matcher;IILjava/lang/CharSequence;)Z @ 222
Event: 2.588 Thread 0x0000000002148000 Uncommon trap: reason=bimorphic action=maybe_recompile pc=0x0000000002ba5aa4 method=java.util.regex.Pattern$GroupCurly.match0(Ljava/util/regex/Matcher;IILjava/lang/CharSequence;)Z @ 222
Event: 2.593 Thread 0x0000000002148000 Uncommon trap: reason=bimorphic action=maybe_recompile pc=0x0000000002ba5aa4 method=java.util.regex.Pattern$GroupCurly.match0(Ljava/util/regex/Matcher;IILjava/lang/CharSequence;)Z @ 222
Event: 2.596 Thread 0x0000000002148000 Uncommon trap: reason=bimorphic action=maybe_recompile pc=0x0000000002ba5aa4 method=java.util.regex.Pattern$GroupCurly.match0(Ljava/util/regex/Matcher;IILjava/lang/CharSequence;)Z @ 222
Event: 3.562 Thread 0x0000000002148000 Uncommon trap: reason=unstable_if action=reinterpret pc=0x0000000002af5898 method=java.lang.String.regionMatches(ZILjava/lang/String;II)Z @ 41
Event: 3.562 Thread 0x0000000002148000 Uncommon trap: reason=bimorphic action=maybe_recompile pc=0x0000000002b9d1c4 method=java.util.HashMap.getNode(ILjava/lang/Object;)Ljava/util/HashMap$Node; @ 59
Event: 18.933 Thread 0x0000000002148000 Uncommon trap: reason=unstable_if action=reinterpret pc=0x0000000002c05058 method=sun.util.calendar.BaseCalendar$Date.hit(I)Z @ 5
Event: 18.933 Thread 0x0000000002148000 Uncommon trap: reason=unstable_if action=reinterpret pc=0x0000000002c1fd74 method=sun.util.calendar.CalendarUtils.isGregorianLeapYear(I)Z @ 3
Event: 20.163 Thread 0x0000000002148000 Uncommon trap: reason=unstable_if action=reinterpret pc=0x0000000002ce10f0 method=sun.util.calendar.BaseCalendar.getDayOfYear(III)J @ 7

Classes redefined (0 events):
No events

Internal exceptions (6 events):
Event: 0.023 Thread 0x0000000002148000 Exception <a 'java/lang/NoSuchMethodError': Method sun.misc.Unsafe.defineClass(Ljava/lang/String;[BII)Ljava/lang/Class; name or signature does not match> (0x000000076af07cb0) thrown at [C:\re\workspace\8-2-build-windows-amd64-cygwin\jdk8u191\11896\hotspot
Event: 0.023 Thread 0x0000000002148000 Exception <a 'java/lang/NoSuchMethodError': Method sun.misc.Unsafe.prefetchRead(Ljava/lang/Object;J)V name or signature does not match> (0x000000076af07f98) thrown at [C:\re\workspace\8-2-build-windows-amd64-cygwin\jdk8u191\11896\hotspot\src\share\vm\prim
Event: 0.081 Thread 0x0000000002148000 Exception <a 'java/security/PrivilegedActionException'> (0x000000076b011510) thrown at [C:\re\workspace\8-2-build-windows-amd64-cygwin\jdk8u191\11896\hotspot\src\share\vm\prims\jvm.cpp, line 1435]
Event: 0.081 Thread 0x0000000002148000 Exception <a 'java/security/PrivilegedActionException'> (0x000000076b011908) thrown at [C:\re\workspace\8-2-build-windows-amd64-cygwin\jdk8u191\11896\hotspot\src\share\vm\prims\jvm.cpp, line 1435]
Event: 0.082 Thread 0x0000000002148000 Exception <a 'java/security/PrivilegedActionException'> (0x000000076b015a00) thrown at [C:\re\workspace\8-2-build-windows-amd64-cygwin\jdk8u191\11896\hotspot\src\share\vm\prims\jvm.cpp, line 1435]
Event: 0.082 Thread 0x0000000002148000 Exception <a 'java/security/PrivilegedActionException'> (0x000000076b015df8) thrown at [C:\re\workspace\8-2-build-windows-amd64-cygwin\jdk8u191\11896\hotspot\src\share\vm\prims\jvm.cpp, line 1435]

Events (10 events):
Event: 18.933 Thread 0x0000000002148000 Uncommon trap: trap_request=0xffffff65 fr.pc=0x0000000002c1fd74
Event: 18.933 Thread 0x0000000002148000 DEOPT PACKING pc=0x0000000002c1fd74 sp=0x000000000251f3e0
Event: 18.933 Thread 0x0000000002148000 DEOPT UNPACKING pc=0x000000000283583b sp=0x000000000251f138 mode 2
Event: 20.163 Thread 0x0000000002148000 Uncommon trap: trap_request=0xffffff65 fr.pc=0x0000000002ce10f0
Event: 20.163 Thread 0x0000000002148000 DEOPT PACKING pc=0x0000000002ce10f0 sp=0x000000000251f3e0
Event: 20.163 Thread 0x0000000002148000 DEOPT UNPACKING pc=0x000000000283583b sp=0x000000000251f230 mode 2
Event: 20.920 Executing VM operation: ParallelGCFailedAllocation
Event: 20.921 Executing VM operation: ParallelGCFailedAllocation done
Event: 23.114 Executing VM operation: ParallelGCFailedAllocation
Event: 23.116 Executing VM operation: ParallelGCFailedAllocation done


Dynamic libraries:
0x000000013fac0000 - 0x000000013faf7000 	C:\Program Files\Java\jdk1.8.0_191\bin\java.exe
0x0000000076ec0000 - 0x000000007705f000 	C:\Windows\SYSTEM32\ntdll.dll
0x0000000076ca0000 - 0x0000000076dbf000 	C:\Windows\system32\kernel32.dll
0x000007fefcd50000 - 0x000007fefcdb7000 	C:\Windows\system32\KERNELBASE.dll
0x000007fefe3f0000 - 0x000007fefe4cb000 	C:\Windows\system32\ADVAPI32.dll
0x000007fefdf10000 - 0x000007fefdfaf000 	C:\Windows\system32\msvcrt.dll
0x000007feff130000 - 0x000007feff14f000 	C:\Windows\SYSTEM32\sechost.dll
0x000007feff000000 - 0x000007feff12c000 	C:\Windows\system32\RPCRT4.dll
0x0000000076dc0000 - 0x0000000076ebb000 	C:\Windows\system32\USER32.dll
0x000007fefef90000 - 0x000007fefeff7000 	C:\Windows\system32\GDI32.dll
0x000007feff150000 - 0x000007feff15e000 	C:\Windows\system32\LPK.dll
0x000007fefeeb0000 - 0x000007fefef7b000 	C:\Windows\system32\USP10.dll
0x000007fefb800000 - 0x000007fefb9f5000 	C:\Windows\WinSxS\amd64_microsoft.windows.common-controls_6595b64144ccf1df_6.0.7601.24483_none_e372d88f30fbb845\COMCTL32.dll
0x000007fefe980000 - 0x000007fefe9f1000 	C:\Windows\system32\SHLWAPI.dll
0x000007fefdb60000 - 0x000007fefdb8e000 	C:\Windows\system32\IMM32.DLL
0x000007fefe130000 - 0x000007fefe23b000 	C:\Windows\system32\MSCTF.dll
0x0000000069680000 - 0x0000000069752000 	C:\Program Files\Java\jdk1.8.0_191\jre\bin\msvcr100.dll
0x0000000068600000 - 0x0000000068ea4000 	C:\Program Files\Java\jdk1.8.0_191\jre\bin\server\jvm.dll
0x000007fef9760000 - 0x000007fef9769000 	C:\Windows\system32\WSOCK32.dll
0x000007feff160000 - 0x000007feff1ad000 	C:\Windows\system32\WS2_32.dll
0x000007fefef80000 - 0x000007fefef88000 	C:\Windows\system32\NSI.dll
0x000007fefa3d0000 - 0x000007fefa40b000 	C:\Windows\system32\WINMM.dll
0x000007fefc480000 - 0x000007fefc48c000 	C:\Windows\system32\VERSION.dll
0x0000000077060000 - 0x0000000077067000 	C:\Windows\system32\PSAPI.DLL
0x000000006a220000 - 0x000000006a22f000 	C:\Program Files\Java\jdk1.8.0_191\jre\bin\verify.dll
0x000000006a1f0000 - 0x000000006a219000 	C:\Program Files\Java\jdk1.8.0_191\jre\bin\java.dll
0x000000006a1d0000 - 0x000000006a1e6000 	C:\Program Files\Java\jdk1.8.0_191\jre\bin\zip.dll
0x000007fefcdd0000 - 0x000007fefdb5b000 	C:\Windows\system32\SHELL32.dll
0x000007fefdd10000 - 0x000007fefdf0f000 	C:\Windows\system32\ole32.dll
0x000007fefca20000 - 0x000007fefca2f000 	C:\Windows\system32\profapi.dll

VM Arguments:
jvm_args: -Dfile.encoding=UTF-8 
java_command: tunnelrat.TunnelRatDriver
java_class_path (initial): C:\Users\Thewbacca\workspace\jmathplot-master\jfreechart-1.0.19.jar;C:\Users\Thewbacca\workspace\jmathplot-master\jcommon-1.0.23.jar;C:\Users\Thewbacca\workspace\jmathplot-master\jfreechart-1.0.19-swt.jar;C:\Users\Thewbacca\workspace\jmathplot-master\jmathplot.jar;C:\Users\Thewbacca\workspace\jmathplot-master\jfreechart-1.5.0-javadoc.jar;C:\Users\Thewbacca\workspace\TunnelRat\build\classes
Launcher Type: SUN_STANDARD

Environment Variables:
JAVA_HOME=C:\Program Files\Java\jdk1.8.0_191
USERNAME=Thewbacca
OS=Windows_NT
PROCESSOR_IDENTIFIER=Intel64 Family 6 Model 58 Stepping 9, GenuineIntel



---------------  S Y S T E M  ---------------

OS: Windows 7 , 64 bit Build 7601 (6.1.7601.24545)

CPU:total 4 (initial active 4) (4 cores per cpu, 1 threads per core) family 6 model 58 stepping 9, cmov, cx8, fxsr, mmx, sse, sse2, sse3, ssse3, sse4.1, sse4.2, popcnt, avx, aes, clmul, erms, tsc, tscinvbit, tscinv

Memory: 4k page, physical 16724992k(9908112k free), swap 33448084k(25754228k free)

vm_info: Java HotSpot(TM) 64-Bit Server VM (25.191-b12) for windows-amd64 JRE (1.8.0_191-b12), built on Oct  6 2018 09:29:03 by "java_re" with MS VC++ 10.0 (VS2010)

time: Tue Jun 02 20:20:47 2020
elapsed time: 23 seconds (0d 0h 0m 23s)

