#
# A fatal error has been detected by the Java Runtime Environment:
#
#  EXCEPTION_PRIV_INSTRUCTION (0xc0000096) at pc=0x0000000002948361, pid=11516, tid=0x0000000000002a00
#
# JRE version: Java(TM) SE Runtime Environment (8.0_191-b12) (build 1.8.0_191-b12)
# Java VM: Java HotSpot(TM) 64-Bit Server VM (25.191-b12 mixed mode windows-amd64 compressed oops)
# Problematic frame:
# J 401 C2 java.util.regex.Pattern.expr(Ljava/util/regex/Pattern$Node;)Ljava/util/regex/Pattern$Node; (142 bytes) @ 0x0000000002948361 [0x0000000002947f20+0x441]
#
# Failed to write core dump. Minidumps are not enabled by default on client versions of Windows
#
# If you would like to submit a bug report, please visit:
#   http://bugreport.java.com/bugreport/crash.jsp
#

---------------  T H R E A D  ---------------

Current thread (0x0000000002078000):  JavaThread "main" [_thread_in_Java, id=10752, stack(0x0000000002350000,0x0000000002450000)]

siginfo: ExceptionCode=0xc0000096

Registers:
RAX=0x0000000770882808, RBX=0x00000000ee110501, RCX=0x0000000000000000, RDX=0x0000000770882668
RSP=0x000000000244ef48, RBP=0x0000000770882620, RSI=0x0000000000000007, RDI=0x00000000ee1104cd
R8 =0x0000000770882620, R9 =0x0000000000000000, R10=0x0000000000000062, R11=0x0000000000000000
R12=0x0000000000000000, R13=0x0000000000000002, R14=0x00000000d8182a39, R15=0x0000000002078000
RIP=0x0000000002948361, EFLAGS=0x0000000000010206

Top of Stack: (sp=0x000000000244ef48)
0x000000000244ef48:   0000000770882814 0000000770882620
0x000000000244ef58:   0000000770882668 00000000d8182a39
0x000000000244ef68:   00000007708827d8 0000000100000000
0x000000000244ef78:   0000000002ae2c54 0000000770882620
0x000000000244ef88:   0000000770882620 0000000000000031
0x000000000244ef98:   00000007708820e0 0000000000000003
0x000000000244efa8:   0000000770882050 0000000770882808
0x000000000244efb8:   0000000000000000 0000000000000000
0x000000000244efc8:   0000000000000000 0000000000000000
0x000000000244efd8:   00000007708824e8 00000007c004b928
0x000000000244efe8:   00000007708827d8 0000000770882620
0x000000000244eff8:   0000000000000027 0000000770882550
0x000000000244f008:   0000000002ab2758 00000007708823b0
0x000000000244f018:   000000000295c46c 00000007708827c0
0x000000000244f028:   0000000002988454 0000000770882620
0x000000000244f038:   00000007c004c7e0 0000000770882620 

Instructions: (pc=0x0000000002948361)
0x0000000002948341:   fc 0c 41 3b f2 0f 83 e4 01 00 00 b8 04 00 00 00
0x0000000002948351:   41 23 40 0c 49 8d 0c fc 8b 4c b1 10 85 c0 0f 85
0x0000000002948361:   f4 01 00 00 83 f9 7c 75 29 ff c6 41 89 70 18 41
0x0000000002948371:   3b f2 0f 83 1c 02 00 00 4c 8b d3 49 c1 e2 03 85 


Register to memory mapping:

RAX=0x0000000770882808 is an oop
java.util.regex.Pattern$Slice 
 - klass: 'java/util/regex/Pattern$Slice'
RBX=0x00000000ee110501 is an unknown value
RCX=0x0000000000000000 is an unknown value
RDX=0x0000000770882668 is an oop
[I 
 - klass: {type array int}
 - length: 14
RSP=0x000000000244ef48 is pointing into the stack for thread: 0x0000000002078000
RBP=0x0000000770882620 is an oop
java.util.regex.Pattern 
 - klass: 'java/util/regex/Pattern'
RSI=0x0000000000000007 is an unknown value
RDI=0x00000000ee1104cd is an unknown value
R8 =0x0000000770882620 is an oop
java.util.regex.Pattern 
 - klass: 'java/util/regex/Pattern'
R9 =0x0000000000000000 is an unknown value
R10=0x0000000000000062 is an unknown value
R11=0x0000000000000000 is an unknown value
R12=0x0000000000000000 is an unknown value
R13=0x0000000000000002 is an unknown value
R14=0x00000000d8182a39 is an unknown value
R15=0x0000000002078000 is a thread


Stack: [0x0000000002350000,0x0000000002450000],  sp=0x000000000244ef48,  free space=1019k
Native frames: (J=compiled Java code, j=interpreted, Vv=VM code, C=native code)
C  0x0000000002948361


---------------  P R O C E S S  ---------------

Java Threads: ( => current thread )
  0x000000001d4da800 JavaThread "Service Thread" daemon [_thread_blocked, id=3064, stack(0x000000001d070000,0x000000001d170000)]
  0x000000001d453800 JavaThread "C1 CompilerThread2" daemon [_thread_blocked, id=11184, stack(0x000000001e110000,0x000000001e210000)]
  0x000000001d450000 JavaThread "C2 CompilerThread1" daemon [_thread_blocked, id=13540, stack(0x000000001df60000,0x000000001e060000)]
  0x000000001c085800 JavaThread "C2 CompilerThread0" daemon [_thread_blocked, id=14108, stack(0x000000001dd60000,0x000000001de60000)]
  0x000000001c082000 JavaThread "Attach Listener" daemon [_thread_blocked, id=8312, stack(0x000000001db80000,0x000000001dc80000)]
  0x000000001d44a800 JavaThread "Signal Dispatcher" daemon [_thread_blocked, id=5960, stack(0x000000001d980000,0x000000001da80000)]
  0x000000001c06d800 JavaThread "Finalizer" daemon [_thread_blocked, id=10068, stack(0x000000001d340000,0x000000001d440000)]
  0x000000001c064000 JavaThread "Reference Handler" daemon [_thread_blocked, id=9232, stack(0x000000001d1a0000,0x000000001d2a0000)]
=>0x0000000002078000 JavaThread "main" [_thread_in_Java, id=10752, stack(0x0000000002350000,0x0000000002450000)]

Other Threads:
  0x000000001c01c800 VMThread [stack: 0x000000001cf50000,0x000000001d050000] [id=6320]
  0x000000001d4e5800 WatcherThread [stack: 0x000000001e370000,0x000000001e470000] [id=4016]

VM state:not at safepoint (normal execution)

VM Mutex/Monitor currently owned by a thread: None

Heap:
 PSYoungGen      total 113152K, used 92495K [0x000000076af00000, 0x0000000779780000, 0x00000007c0000000)
  eden space 112640K, 82% used [0x000000076af00000,0x0000000770933cd8,0x0000000771d00000)
  from space 512K, 25% used [0x0000000779700000,0x0000000779720000,0x0000000779780000)
  to   space 1536K, 0% used [0x0000000779480000,0x0000000779480000,0x0000000779600000)
 ParOldGen       total 175104K, used 7693K [0x00000006c0c00000, 0x00000006cb700000, 0x000000076af00000)
  object space 175104K, 4% used [0x00000006c0c00000,0x00000006c1383478,0x00000006cb700000)
 Metaspace       used 4250K, capacity 4704K, committed 4864K, reserved 1056768K
  class space    used 422K, capacity 464K, committed 512K, reserved 1048576K

Card table byte_map: [0x0000000011ae0000,0x00000000122e0000] byte_map_base: 0x000000000e4da000

Marking Bits: (ParMarkBitMap*) 0x000000005be63e30
 Begin Bits: [0x0000000012ef0000, 0x0000000016ec0000)
 End Bits:   [0x0000000016ec0000, 0x000000001ae90000)

Polling page: 0x0000000000430000

CodeCache: size=245760Kb used=4860Kb max_used=4885Kb free=240900Kb
 bounds [0x0000000002720000, 0x0000000002bf0000, 0x0000000011720000]
 total_blobs=1147 nmethods=885 adapters=175
 compilation: enabled

Compilation events (10 events):
Event: 4.883 Thread 0x000000001d450000  882 %     4       tunnelrat.BST::scanFile @ 103 (236 bytes)
Event: 4.940 Thread 0x000000001c085800  883       4       java.nio.Buffer::position (43 bytes)
Event: 4.940 Thread 0x000000001c085800 nmethod 883 0x0000000002ba2650 code [0x0000000002ba2780, 0x0000000002ba2838]
Event: 5.027 Thread 0x000000001d450000 nmethod 882% 0x0000000002bd6d50 code [0x0000000002bd7160, 0x0000000002bdb038]
Event: 5.197 Thread 0x000000001c085800  884 %     4       tunnelrat.BST::scanFile @ 24 (236 bytes)
Event: 5.250 Thread 0x000000001d450000  885       4       java.text.DecimalFormat::expandAffix (188 bytes)
Event: 5.260 Thread 0x000000001d450000 nmethod 885 0x0000000002bd2390 code [0x0000000002bd2560, 0x0000000002bd37e8]
Event: 5.339 Thread 0x000000001c085800 nmethod 884% 0x0000000002be5d90 code [0x0000000002be61c0, 0x0000000002be9f08]
Event: 5.944 Thread 0x000000001d453800  886       3       sun.nio.cs.UTF_8$Decoder::isMalformed3 (45 bytes)
Event: 5.944 Thread 0x000000001d453800 nmethod 886 0x0000000002bc3510 code [0x0000000002bc3660, 0x0000000002bc38b0]

GC Heap History (10 events):
Event: 9.295 GC heap before
{Heap before GC invocations=30 (full 0):
 PSYoungGen      total 133632K, used 131808K [0x000000076af00000, 0x0000000779b80000, 0x00000007c0000000)
  eden space 131584K, 100% used [0x000000076af00000,0x0000000772f80000,0x0000000772f80000)
  from space 2048K, 10% used [0x0000000779780000,0x00000007797b8000,0x0000000779980000)
  to   space 2048K, 0% used [0x0000000779980000,0x0000000779980000,0x0000000779b80000)
 ParOldGen       total 175104K, used 7021K [0x00000006c0c00000, 0x00000006cb700000, 0x000000076af00000)
  object space 175104K, 4% used [0x00000006c0c00000,0x00000006c12db478,0x00000006cb700000)
 Metaspace       used 4250K, capacity 4704K, committed 4864K, reserved 1056768K
  class space    used 422K, capacity 464K, committed 512K, reserved 1048576K
Event: 9.296 GC heap after
Heap after GC invocations=30 (full 0):
 PSYoungGen      total 128000K, used 160K [0x000000076af00000, 0x0000000779a00000, 0x00000007c0000000)
  eden space 127488K, 0% used [0x000000076af00000,0x000000076af00000,0x0000000772b80000)
  from space 512K, 31% used [0x0000000779980000,0x00000007799a8000,0x0000000779a00000)
  to   space 2048K, 0% used [0x0000000779600000,0x0000000779600000,0x0000000779800000)
 ParOldGen       total 175104K, used 7181K [0x00000006c0c00000, 0x00000006cb700000, 0x000000076af00000)
  object space 175104K, 4% used [0x00000006c0c00000,0x00000006c1303478,0x00000006cb700000)
 Metaspace       used 4250K, capacity 4704K, committed 4864K, reserved 1056768K
  class space    used 422K, capacity 464K, committed 512K, reserved 1048576K
}
Event: 9.561 GC heap before
{Heap before GC invocations=31 (full 0):
 PSYoungGen      total 128000K, used 127648K [0x000000076af00000, 0x0000000779a00000, 0x00000007c0000000)
  eden space 127488K, 100% used [0x000000076af00000,0x0000000772b80000,0x0000000772b80000)
  from space 512K, 31% used [0x0000000779980000,0x00000007799a8000,0x0000000779a00000)
  to   space 2048K, 0% used [0x0000000779600000,0x0000000779600000,0x0000000779800000)
 ParOldGen       total 175104K, used 7181K [0x00000006c0c00000, 0x00000006cb700000, 0x000000076af00000)
  object space 175104K, 4% used [0x00000006c0c00000,0x00000006c1303478,0x00000006cb700000)
 Metaspace       used 4250K, capacity 4704K, committed 4864K, reserved 1056768K
  class space    used 422K, capacity 464K, committed 512K, reserved 1048576K
Event: 9.562 GC heap after
Heap after GC invocations=31 (full 0):
 PSYoungGen      total 125440K, used 160K [0x000000076af00000, 0x0000000779a00000, 0x00000007c0000000)
  eden space 123392K, 0% used [0x000000076af00000,0x000000076af00000,0x0000000772780000)
  from space 2048K, 7% used [0x0000000779600000,0x0000000779628000,0x0000000779800000)
  to   space 2048K, 0% used [0x0000000779800000,0x0000000779800000,0x0000000779a00000)
 ParOldGen       total 175104K, used 7317K [0x00000006c0c00000, 0x00000006cb700000, 0x000000076af00000)
  object space 175104K, 4% used [0x00000006c0c00000,0x00000006c1325478,0x00000006cb700000)
 Metaspace       used 4250K, capacity 4704K, committed 4864K, reserved 1056768K
  class space    used 422K, capacity 464K, committed 512K, reserved 1048576K
}
Event: 9.731 GC heap before
{Heap before GC invocations=32 (full 0):
 PSYoungGen      total 125440K, used 123552K [0x000000076af00000, 0x0000000779a00000, 0x00000007c0000000)
  eden space 123392K, 100% used [0x000000076af00000,0x0000000772780000,0x0000000772780000)
  from space 2048K, 7% used [0x0000000779600000,0x0000000779628000,0x0000000779800000)
  to   space 2048K, 0% used [0x0000000779800000,0x0000000779800000,0x0000000779a00000)
 ParOldGen       total 175104K, used 7317K [0x00000006c0c00000, 0x00000006cb700000, 0x000000076af00000)
  object space 175104K, 4% used [0x00000006c0c00000,0x00000006c1325478,0x00000006cb700000)
 Metaspace       used 4250K, capacity 4704K, committed 4864K, reserved 1056768K
  class space    used 422K, capacity 464K, committed 512K, reserved 1048576K
Event: 9.732 GC heap after
Heap after GC invocations=32 (full 0):
 PSYoungGen      total 120320K, used 192K [0x000000076af00000, 0x0000000779880000, 0x00000007c0000000)
  eden space 119808K, 0% used [0x000000076af00000,0x000000076af00000,0x0000000772400000)
  from space 512K, 37% used [0x0000000779800000,0x0000000779830000,0x0000000779880000)
  to   space 1536K, 0% used [0x0000000779580000,0x0000000779580000,0x0000000779700000)
 ParOldGen       total 175104K, used 7437K [0x00000006c0c00000, 0x00000006cb700000, 0x000000076af00000)
  object space 175104K, 4% used [0x00000006c0c00000,0x00000006c1343478,0x00000006cb700000)
 Metaspace       used 4250K, capacity 4704K, committed 4864K, reserved 1056768K
  class space    used 422K, capacity 464K, committed 512K, reserved 1048576K
}
Event: 9.919 GC heap before
{Heap before GC invocations=33 (full 0):
 PSYoungGen      total 120320K, used 120000K [0x000000076af00000, 0x0000000779880000, 0x00000007c0000000)
  eden space 119808K, 100% used [0x000000076af00000,0x0000000772400000,0x0000000772400000)
  from space 512K, 37% used [0x0000000779800000,0x0000000779830000,0x0000000779880000)
  to   space 1536K, 0% used [0x0000000779580000,0x0000000779580000,0x0000000779700000)
 ParOldGen       total 175104K, used 7437K [0x00000006c0c00000, 0x00000006cb700000, 0x000000076af00000)
  object space 175104K, 4% used [0x00000006c0c00000,0x00000006c1343478,0x00000006cb700000)
 Metaspace       used 4250K, capacity 4704K, committed 4864K, reserved 1056768K
  class space    used 422K, capacity 464K, committed 512K, reserved 1048576K
Event: 9.919 GC heap after
Heap after GC invocations=33 (full 0):
 PSYoungGen      total 117760K, used 160K [0x000000076af00000, 0x0000000779880000, 0x00000007c0000000)
  eden space 116224K, 0% used [0x000000076af00000,0x000000076af00000,0x0000000772080000)
  from space 1536K, 10% used [0x0000000779580000,0x00000007795a8000,0x0000000779700000)
  to   space 1536K, 0% used [0x0000000779700000,0x0000000779700000,0x0000000779880000)
 ParOldGen       total 175104K, used 7573K [0x00000006c0c00000, 0x00000006cb700000, 0x000000076af00000)
  object space 175104K, 4% used [0x00000006c0c00000,0x00000006c1365478,0x00000006cb700000)
 Metaspace       used 4250K, capacity 4704K, committed 4864K, reserved 1056768K
  class space    used 422K, capacity 464K, committed 512K, reserved 1048576K
}
Event: 10.101 GC heap before
{Heap before GC invocations=34 (full 0):
 PSYoungGen      total 117760K, used 116384K [0x000000076af00000, 0x0000000779880000, 0x00000007c0000000)
  eden space 116224K, 100% used [0x000000076af00000,0x0000000772080000,0x0000000772080000)
  from space 1536K, 10% used [0x0000000779580000,0x00000007795a8000,0x0000000779700000)
  to   space 1536K, 0% used [0x0000000779700000,0x0000000779700000,0x0000000779880000)
 ParOldGen       total 175104K, used 7573K [0x00000006c0c00000, 0x00000006cb700000, 0x000000076af00000)
  object space 175104K, 4% used [0x00000006c0c00000,0x00000006c1365478,0x00000006cb700000)
 Metaspace       used 4250K, capacity 4704K, committed 4864K, reserved 1056768K
  class space    used 422K, capacity 464K, committed 512K, reserved 1048576K
Event: 10.101 GC heap after
Heap after GC invocations=34 (full 0):
 PSYoungGen      total 113152K, used 128K [0x000000076af00000, 0x0000000779780000, 0x00000007c0000000)
  eden space 112640K, 0% used [0x000000076af00000,0x000000076af00000,0x0000000771d00000)
  from space 512K, 25% used [0x0000000779700000,0x0000000779720000,0x0000000779780000)
  to   space 1536K, 0% used [0x0000000779480000,0x0000000779480000,0x0000000779600000)
 ParOldGen       total 175104K, used 7693K [0x00000006c0c00000, 0x00000006cb700000, 0x000000076af00000)
  object space 175104K, 4% used [0x00000006c0c00000,0x00000006c1383478,0x00000006cb700000)
 Metaspace       used 4250K, capacity 4704K, committed 4864K, reserved 1056768K
  class space    used 422K, capacity 464K, committed 512K, reserved 1048576K
}

Deoptimization events (10 events):
Event: 1.895 Thread 0x0000000002078000 Uncommon trap: reason=unstable_if action=reinterpret pc=0x00000000028701b4 method=java.lang.Character.isHighSurrogate(C)Z @ 3
Event: 1.895 Thread 0x0000000002078000 Uncommon trap: reason=unstable_if action=reinterpret pc=0x000000000285afb0 method=java.lang.Character.isHighSurrogate(C)Z @ 3
Event: 2.061 Thread 0x0000000002078000 Uncommon trap: reason=unstable_if action=reinterpret pc=0x0000000002b50808 method=java.lang.String.trim()Ljava/lang/String; @ 63
Event: 2.070 Thread 0x0000000002078000 Uncommon trap: reason=unstable_if action=reinterpret pc=0x0000000002adaf14 method=java.lang.String.trim()Ljava/lang/String; @ 63
Event: 2.151 Thread 0x0000000002078000 Uncommon trap: reason=unstable_if action=reinterpret pc=0x0000000002b426c8 method=tunnelrat.TunnelRat.processPrice(Ljava/lang/String;)I @ 60
Event: 2.205 Thread 0x0000000002078000 Uncommon trap: reason=bimorphic action=maybe_recompile pc=0x0000000002b3afa8 method=java.util.regex.Pattern$GroupCurly.match0(Ljava/util/regex/Matcher;IILjava/lang/CharSequence;)Z @ 222
Event: 2.212 Thread 0x0000000002078000 Uncommon trap: reason=bimorphic action=maybe_recompile pc=0x0000000002b3afa8 method=java.util.regex.Pattern$GroupCurly.match0(Ljava/util/regex/Matcher;IILjava/lang/CharSequence;)Z @ 222
Event: 2.216 Thread 0x0000000002078000 Uncommon trap: reason=bimorphic action=maybe_recompile pc=0x0000000002b3afa8 method=java.util.regex.Pattern$GroupCurly.match0(Ljava/util/regex/Matcher;IILjava/lang/CharSequence;)Z @ 222
Event: 2.219 Thread 0x0000000002078000 Uncommon trap: reason=bimorphic action=maybe_recompile pc=0x0000000002b3afa8 method=java.util.regex.Pattern$GroupCurly.match0(Ljava/util/regex/Matcher;IILjava/lang/CharSequence;)Z @ 222
Event: 3.072 Thread 0x0000000002078000 Uncommon trap: reason=unstable_if action=reinterpret pc=0x00000000029f95a8 method=java.lang.String.regionMatches(ZILjava/lang/String;II)Z @ 41

Classes redefined (0 events):
No events

Internal exceptions (6 events):
Event: 0.023 Thread 0x0000000002078000 Exception <a 'java/lang/NoSuchMethodError': Method sun.misc.Unsafe.defineClass(Ljava/lang/String;[BII)Ljava/lang/Class; name or signature does not match> (0x000000076af07cb0) thrown at [C:\re\workspace\8-2-build-windows-amd64-cygwin\jdk8u191\11896\hotspot
Event: 0.023 Thread 0x0000000002078000 Exception <a 'java/lang/NoSuchMethodError': Method sun.misc.Unsafe.prefetchRead(Ljava/lang/Object;J)V name or signature does not match> (0x000000076af07f98) thrown at [C:\re\workspace\8-2-build-windows-amd64-cygwin\jdk8u191\11896\hotspot\src\share\vm\prim
Event: 0.081 Thread 0x0000000002078000 Exception <a 'java/security/PrivilegedActionException'> (0x000000076b012d60) thrown at [C:\re\workspace\8-2-build-windows-amd64-cygwin\jdk8u191\11896\hotspot\src\share\vm\prims\jvm.cpp, line 1435]
Event: 0.081 Thread 0x0000000002078000 Exception <a 'java/security/PrivilegedActionException'> (0x000000076b013158) thrown at [C:\re\workspace\8-2-build-windows-amd64-cygwin\jdk8u191\11896\hotspot\src\share\vm\prims\jvm.cpp, line 1435]
Event: 0.081 Thread 0x0000000002078000 Exception <a 'java/security/PrivilegedActionException'> (0x000000076b017250) thrown at [C:\re\workspace\8-2-build-windows-amd64-cygwin\jdk8u191\11896\hotspot\src\share\vm\prims\jvm.cpp, line 1435]
Event: 0.081 Thread 0x0000000002078000 Exception <a 'java/security/PrivilegedActionException'> (0x000000076b017648) thrown at [C:\re\workspace\8-2-build-windows-amd64-cygwin\jdk8u191\11896\hotspot\src\share\vm\prims\jvm.cpp, line 1435]

Events (10 events):
Event: 9.295 Executing VM operation: ParallelGCFailedAllocation
Event: 9.296 Executing VM operation: ParallelGCFailedAllocation done
Event: 9.561 Executing VM operation: ParallelGCFailedAllocation
Event: 9.562 Executing VM operation: ParallelGCFailedAllocation done
Event: 9.731 Executing VM operation: ParallelGCFailedAllocation
Event: 9.732 Executing VM operation: ParallelGCFailedAllocation done
Event: 9.918 Executing VM operation: ParallelGCFailedAllocation
Event: 9.919 Executing VM operation: ParallelGCFailedAllocation done
Event: 10.101 Executing VM operation: ParallelGCFailedAllocation
Event: 10.101 Executing VM operation: ParallelGCFailedAllocation done


Dynamic libraries:
0x000000013f0f0000 - 0x000000013f127000 	C:\Program Files\Java\jdk1.8.0_191\bin\java.exe
0x0000000077440000 - 0x00000000775df000 	C:\Windows\SYSTEM32\ntdll.dll
0x0000000077220000 - 0x000000007733f000 	C:\Windows\system32\kernel32.dll
0x000007fefcfb0000 - 0x000007fefd017000 	C:\Windows\system32\KERNELBASE.dll
0x000007fefdc90000 - 0x000007fefdd6b000 	C:\Windows\system32\ADVAPI32.dll
0x000007feff160000 - 0x000007feff1ff000 	C:\Windows\system32\msvcrt.dll
0x000007fefdc50000 - 0x000007fefdc6f000 	C:\Windows\SYSTEM32\sechost.dll
0x000007fefefc0000 - 0x000007feff0ec000 	C:\Windows\system32\RPCRT4.dll
0x0000000077340000 - 0x000000007743b000 	C:\Windows\system32\USER32.dll
0x000007feff0f0000 - 0x000007feff157000 	C:\Windows\system32\GDI32.dll
0x000007feff200000 - 0x000007feff20e000 	C:\Windows\system32\LPK.dll
0x000007fefd350000 - 0x000007fefd41b000 	C:\Windows\system32\USP10.dll
0x000007fefca10000 - 0x000007fefcc05000 	C:\Windows\WinSxS\amd64_microsoft.windows.common-controls_6595b64144ccf1df_6.0.7601.24483_none_e372d88f30fbb845\COMCTL32.dll
0x000007fefef40000 - 0x000007fefefb1000 	C:\Windows\system32\SHLWAPI.dll
0x000007fefee90000 - 0x000007fefeebe000 	C:\Windows\system32\IMM32.DLL
0x000007feff210000 - 0x000007feff31b000 	C:\Windows\system32\MSCTF.dll
0x000000005c6c0000 - 0x000000005c792000 	C:\Program Files\Java\jdk1.8.0_191\jre\bin\msvcr100.dll
0x000000005b640000 - 0x000000005bee4000 	C:\Program Files\Java\jdk1.8.0_191\jre\bin\server\jvm.dll
0x000007fef9ce0000 - 0x000007fef9ce9000 	C:\Windows\system32\WSOCK32.dll
0x000007fefeb70000 - 0x000007fefebbd000 	C:\Windows\system32\WS2_32.dll
0x000007fefeb60000 - 0x000007fefeb68000 	C:\Windows\system32\NSI.dll
0x000007fefa4d0000 - 0x000007fefa50b000 	C:\Windows\system32\WINMM.dll
0x000007fefb880000 - 0x000007fefb88c000 	C:\Windows\system32\VERSION.dll
0x00000000775e0000 - 0x00000000775e7000 	C:\Windows\system32\PSAPI.DLL
0x000000005fcb0000 - 0x000000005fcbf000 	C:\Program Files\Java\jdk1.8.0_191\jre\bin\verify.dll
0x000000005e3e0000 - 0x000000005e409000 	C:\Program Files\Java\jdk1.8.0_191\jre\bin\java.dll
0x000000005efd0000 - 0x000000005efe6000 	C:\Program Files\Java\jdk1.8.0_191\jre\bin\zip.dll
0x000007fefdd70000 - 0x000007fefeafb000 	C:\Windows\system32\SHELL32.dll
0x000007fefd9b0000 - 0x000007fefdbaf000 	C:\Windows\system32\ole32.dll
0x000007fefcf90000 - 0x000007fefcf9f000 	C:\Windows\system32\profapi.dll
0x000007fef8c30000 - 0x000007fef8d55000 	C:\Windows\system32\dbghelp.dll

VM Arguments:
jvm_args: -Dfile.encoding=UTF-8 
java_command: tunnelrat.TunnelRatDriver
java_class_path (initial): C:\Users\Thewbacca\workspace\jmathplot-master\jfreechart-1.0.19.jar;C:\Users\Thewbacca\workspace\jmathplot-master\jcommon-1.0.23.jar;C:\Users\Thewbacca\workspace\jmathplot-master\jfreechart-1.0.19-swt.jar;C:\Users\Thewbacca\workspace\jmathplot-master\jmathplot.jar;C:\Users\Thewbacca\workspace\jmathplot-master\jfreechart-1.5.0-javadoc.jar;C:\Users\Thewbacca\workspace\TunnelRat\build\classes
Launcher Type: SUN_STANDARD

Environment Variables:
JAVA_HOME=C:\Program Files\Java\jdk1.8.0_191
USERNAME=Thewbacca
OS=Windows_NT
PROCESSOR_IDENTIFIER=Intel64 Family 6 Model 58 Stepping 9, GenuineIntel



---------------  S Y S T E M  ---------------

OS: Windows 7 , 64 bit Build 7601 (6.1.7601.24545)

CPU:total 4 (initial active 4) (4 cores per cpu, 1 threads per core) family 6 model 58 stepping 9, cmov, cx8, fxsr, mmx, sse, sse2, sse3, ssse3, sse4.1, sse4.2, popcnt, avx, aes, clmul, erms, tsc, tscinvbit, tscinv

Memory: 4k page, physical 16724992k(10279464k free), swap 33448084k(26064320k free)

vm_info: Java HotSpot(TM) 64-Bit Server VM (25.191-b12) for windows-amd64 JRE (1.8.0_191-b12), built on Oct  6 2018 09:29:03 by "java_re" with MS VC++ 10.0 (VS2010)

time: Mon Jun 15 00:12:49 2020
elapsed time: 10 seconds (0d 0h 0m 10s)

